Experiment pr2_right_arm_experiment1_right_arm[RRTkConfigDefault]
Running on i7
Starting at 2012-03-06T15:36:12.073617
<<<|
Properties of the state space 'right_arm_PoseModel'
  - signature: 18 0 13 0 13 0 7 2 1 2 1 1 5 5 6 1 3 3 3 
  - dimension: 13
  - extent: 5.0349
  - sanity checks for state space passed
  - probability of valid states: 0.426
  - average length of a valid motion: 0.198299
Settings for the state space 'right_arm_PoseModel'
  - state validity check resolution: 5%
  - valid segment count factor: 1
  - state space:
Compound state space 'right_arm_PoseModel' of dimension 13 (locked) [
Compound state space 'CompoundSpace52' of dimension 13 (locked) [
Compound state space 'J(r_forearm_roll_joint,r_wrist_roll_joint,J(r_shoulder_pan_joint,r_shoulder_lift_joint,r_upper_arm_roll_joint,r_elbow_flex_joint,r_wrist_flex_joint))' of dimension 7 (locked) [
SO2 state space 'r_forearm_roll_joint'
 of weight 1
SO2 state space 'r_wrist_roll_joint'
 of weight 1
Real vector state space 'J(r_shoulder_pan_joint,r_shoulder_lift_joint,r_upper_arm_roll_joint,r_elbow_flex_joint,r_wrist_flex_joint)' of dimension 5 with bounds: 
  - min: -2.1354 -0.3536 -3.75 -2.1213 -2 
  - max: 0.564602 1.2963 0.65 -0.15 -0.1 
  and dimension names: 'r_shoulder_pan_joint' 'r_shoulder_lift_joint' 'r_upper_arm_roll_joint' 'r_elbow_flex_joint' 'r_wrist_flex_joint' 
 of weight 5
]
No registered projections
 of weight 0
Compound state space 'right_arm_Workspace' of dimension 6 (locked) [
Real vector state space 'RealVectorSpace54' of dimension 3 with bounds: 
  - min: -1 -1 -1 
  - max: 1 1 1 
 of weight 1
SO(3) state space 'SO3Space55' (represented using quaternions)
 of weight 0.5
]
Registered projections:
  - <default>
Projection of dimension 3
Cell sizes (computed defaults): [0.1 0.1 0.1]
 of weight 1
]
No registered projections
 of weight 1
]
Registered projections:
  - <default>
Projection of dimension 2
Cell sizes (computed defaults): [0.1 0.1]

Declared parameters:
longest_valid_segment_fraction = 0.050000000000000003
projection.cellsize.0 = 0.10000000000000001
projection.cellsize.1 = 0.10000000000000001
projection.cellsize_factor = 
valid_segment_count_factor = 1
Valid state sampler named uniform with parameters:
nr_attempts = 100
Planner RRT specs:
Multithreaded:                 No
Reports approximate solutions: Yes
Can optimize solutions:        No
Aware of the following parameters: goal_bias range
Declared parameters for planner RRT:
goal_bias = 0.050000000000000003
range = 1.0069795883865302
Start states:
Compound state [
Compound state [
Compound state [
SO2State [2.35821]
SO2State [-2.27796]
RealVectorState [-1.21045 0.0389596 -0.814129 -1.09896 -1.99399]
]
Compound state [
RealVectorState [0.424848 -0.725876 0.174877]
SO3State [-0.000256962 0.000638181 0.928669 -0.370909]
]
]
]
Tag: -1
Flags: 24
Validity known: No
10 goal states, threshold = 2.22045e-16, memory address = 0x7ff204a020c0
Compound state [
Compound state [
Compound state [
SO2State [-0.89602]
SO2State [1.85526]
RealVectorState [-0.308264 0.611854 -0.677909 -1.03726 -1.7]
]
Compound state [
RealVectorState [0.705037 -0.230579 -0.147307]
SO3State [0.0354067 -0.0157789 0.843686 0.535436]
]
]
]
Tag: -1
Flags: 29
Validity known: Yes
Validity value: True

Compound state [
Compound state [
Compound state [
SO2State [-0.89602]
SO2State [1.85526]
RealVectorState [-0.308264 0.611854 -0.677909 -1.03726 -1.7]
]
Compound state [
RealVectorState [0.705037 -0.230579 -0.147307]
SO3State [0.0354067 -0.0157789 0.843686 0.535436]
]
]
]
Tag: -1
Flags: 29
Validity known: Yes
Validity value: True

Compound state [
Compound state [
Compound state [
SO2State [-0.89602]
SO2State [1.85526]
RealVectorState [-0.308264 0.611854 -0.677909 -1.03726 -1.7]
]
Compound state [
RealVectorState [0.705037 -0.230579 -0.147307]
SO3State [0.0354067 -0.0157789 0.843686 0.535436]
]
]
]
Tag: -1
Flags: 29
Validity known: Yes
Validity value: True

Compound state [
Compound state [
Compound state [
SO2State [-0.89602]
SO2State [1.85526]
RealVectorState [-0.308264 0.611854 -0.677909 -1.03726 -1.7]
]
Compound state [
RealVectorState [0.705037 -0.230579 -0.147307]
SO3State [0.0354067 -0.0157789 0.843686 0.535436]
]
]
]
Tag: -1
Flags: 29
Validity known: Yes
Validity value: True

Compound state [
Compound state [
Compound state [
SO2State [-0.89602]
SO2State [1.85526]
RealVectorState [-0.308264 0.611854 -0.677909 -1.03726 -1.7]
]
Compound state [
RealVectorState [0.705037 -0.230579 -0.147307]
SO3State [0.0354067 -0.0157789 0.843686 0.535436]
]
]
]
Tag: -1
Flags: 29
Validity known: Yes
Validity value: True

Compound state [
Compound state [
Compound state [
SO2State [-0.89602]
SO2State [1.85526]
RealVectorState [-0.308264 0.611854 -0.677909 -1.03726 -1.7]
]
Compound state [
RealVectorState [0.705037 -0.230579 -0.147307]
SO3State [0.0354067 -0.0157789 0.843686 0.535436]
]
]
]
Tag: -1
Flags: 29
Validity known: Yes
Validity value: True

Compound state [
Compound state [
Compound state [
SO2State [-0.89602]
SO2State [1.85526]
RealVectorState [-0.308264 0.611854 -0.677909 -1.03726 -1.7]
]
Compound state [
RealVectorState [0.705037 -0.230579 -0.147307]
SO3State [0.0354067 -0.0157789 0.843686 0.535436]
]
]
]
Tag: -1
Flags: 29
Validity known: Yes
Validity value: True

Compound state [
Compound state [
Compound state [
SO2State [-0.89602]
SO2State [1.85526]
RealVectorState [-0.308264 0.611854 -0.677909 -1.03726 -1.7]
]
Compound state [
RealVectorState [0.705037 -0.230579 -0.147307]
SO3State [0.0354067 -0.0157789 0.843686 0.535436]
]
]
]
Tag: -1
Flags: 29
Validity known: Yes
Validity value: True

Compound state [
Compound state [
Compound state [
SO2State [-0.89602]
SO2State [1.85526]
RealVectorState [-0.308264 0.611854 -0.677909 -1.03726 -1.7]
]
Compound state [
RealVectorState [0.705037 -0.230579 -0.147307]
SO3State [0.0354067 -0.0157789 0.843686 0.535436]
]
]
]
Tag: -1
Flags: 29
Validity known: Yes
Validity value: True

Compound state [
Compound state [
Compound state [
SO2State [-0.89602]
SO2State [1.85526]
RealVectorState [-0.308264 0.611854 -0.677909 -1.03726 -1.7]
]
Compound state [
RealVectorState [0.705037 -0.230579 -0.147307]
SO3State [0.0354067 -0.0157789 0.843686 0.535436]
]
]
]
Tag: -1
Flags: 29
Validity known: Yes
Validity value: True


Properties of benchmarked planners:
Planner RRT specs:
Multithreaded:                 No
Reports approximate solutions: Yes
Can optimize solutions:        No
Aware of the following parameters: goal_bias range
|>>>
2968291682 is the random seed
15 seconds per run
4096 MB per run
100 runs per planner
152.561 seconds spent to collect the data
1 planners
geometric_RRT
7 common properties
goal_bias = 0.050000000000000003
longest_valid_segment_fraction = 0.050000000000000003
projection.cellsize.0 = 0.10000000000000001
projection.cellsize.1 = 0.10000000000000001
projection.cellsize_factor = 
range = 1.0069795883865302
valid_segment_count_factor = 1
22 properties for each run
approximate solution BOOLEAN
correct solution BOOLEAN
correct solution strict BOOLEAN
crashed BOOLEAN
graph motions INTEGER
graph states INTEGER
memory REAL
simplification time REAL
simplified correct solution BOOLEAN
simplified correct solution strict BOOLEAN
simplified solution clearance REAL
simplified solution length REAL
simplified solution segments INTEGER
simplified solution smoothness REAL
solution clearance REAL
solution difference REAL
solution length REAL
solution segments INTEGER
solution smoothness REAL
solved BOOLEAN
time REAL
valid segment fraction REAL
100 runs
0; 1; 1; 0; 427; 428; 0; 0.052041999999999998; 1; 1; 0; 3.8249218088715424; 40; 953.65555038969467; 0; 0; 5.5647003349519908; 10; 95.133269829387416; 1; 1.0305359999999999; 0.20910871694417238; 
0; 1; 1; 0; 4448; 4449; 0.03515625; 0.094897999999999996; 1; 1; 0; 5.15305110912362; 48; 1183.2648269411961; 0; 0; 9.0218887889040005; 20; 653.9115910558711; 1; 6.6294659999999999; 0.28883116883116883; 
0; 1; 1; 0; 88; 89; 0.4921875; 0.056641999999999998; 1; 1; 0; 4.3845295180594279; 48; 1219.0196838425018; 0; 0; 5.7788822509921909; 10; 71.886035874707048; 1; 0.252608; 0.16730038022813687; 
0; 1; 1; 0; 249; 250; 0.4921875; 0.078348000000000001; 1; 1; 0; 6.1022835178244632; 40; 987.67339425687373; 0; 0; 7.8599422647924646; 12; 118.64301115984205; 1; 0.67143799999999998; 0.1706648389307745; 
0; 1; 1; 0; 336; 337; 0.4921875; 0.070902999999999994; 1; 1; 0; 4.6588576313466277; 56; 3557.3118417537803; 0; 0; 6.7579603682181677; 12; 217.51326981108593; 1; 0.80559700000000001; 0.20689655172413793; 
0; 1; 1; 0; 530; 531; 0.4921875; 0.083410999999999999; 1; 1; 0; 5.5521921239535166; 64; 1547.7554947662675; 0; 0; 9.8750128299837971; 21; 261.22476939410222; 1; 1.24424; 0.21123953766440812; 
0; 1; 1; 0; 5932; 5933; 1.51953125; 0.113853; 1; 1; 0; 5.4365238599526; 72; 1223.3735708885226; 0; 0; 8.3406367879842893; 23; 817.32187162836726; 1; 7.9024960000000002; 0.31586794462193823; 
0; 1; 1; 0; 111; 112; 1.6875; 0.058552; 1; 1; 0; 3.6686329953276657; 32; 358.09981102493646; 0; 0; 5.9885826673450326; 9; 56.924680747590209; 1; 0.35652800000000001; 0.1487935656836461; 
0; 1; 1; 0; 241; 242; 1.6875; 0.054726999999999998; 1; 1; 0; 3.9385918163209159; 48; 1878.8662814656489; 0; 0; 5.3756715052647515; 10; 62.465425976256284; 1; 0.62092599999999998; 0.17476432197244379; 
0; 1; 1; 0; 7253; 7254; 2.45703125; 0.057745999999999999; 1; 1; 0; 4.6899284437279443; 28; 433.80694354754758; 0; 0; 7.2051544063645414; 20; 929.60782104701229; 1; 9.4177689999999998; 0.30911183088987387; 
0; 1; 1; 0; 445; 446; 2.66015625; 0.067112000000000005; 1; 1; 0; 5.6455715743877599; 36; 1048.1036423271457; 0; 0; 7.5155681415679689; 13; 94.401062940429043; 1; 1.0901590000000001; 0.19786571809693196; 
0; 1; 1; 0; 176; 177; 2.66015625; 0.045843000000000002; 1; 1; 0; 4.142607032901803; 28; 746.20567761762629; 0; 0; 4.9143104368704238; 9; 87.820023370817125; 1; 0.47177999999999998; 0.18051282051282053; 
0; 1; 1; 0; 193; 194; 2.66015625; 0.046220999999999998; 1; 1; 0; 4.3322336260228429; 28; 103.10195607382867; 0; 0; 4.7704634990274881; 9; 60.576420528341721; 1; 0.52105100000000004; 0.16369804919423239; 
0; 1; 1; 0; 344; 345; 2.66015625; 0.069198999999999997; 1; 1; 0; 4.6680434330499407; 48; 1065.2182727150491; 0; 0; 6.4377046517468228; 10; 42.14739940562594; 1; 0.87663800000000003; 0.19047619047619047; 
0; 1; 1; 0; 148; 149; 2.66015625; 0.058206000000000001; 1; 1; 0; 4.0501099559532783; 48; 1187.2888348203248; 0; 0; 5.0752028966608353; 9; 43.469164471374327; 1; 0.39826699999999998; 0.19072164948453607; 
0; 1; 1; 0; 1109; 1110; 2.66015625; 0.078647999999999996; 1; 1; 0; 5.9952736126899078; 40; 706.24945229216371; 0; 0; 9.9785482405775667; 22; 371.10609643804941; 1; 2.3883999999999999; 0.23926645091693635; 
0; 1; 1; 0; 216; 217; 2.66015625; 0.058348999999999998; 1; 1; 0; 4.4619696306855747; 48; 1197.6871062426196; 0; 0; 5.8667899377295614; 8; 45.212779965972175; 1; 0.56702699999999995; 0.2011173184357542; 
0; 1; 1; 0; 3296; 3297; 2.66015625; 0.098785999999999999; 1; 1; 0; 5.3293103876065375; 64; 1817.9464257430723; 0; 0; 9.2467464327161881; 21; 435.8414952165881; 1; 5.2982699999999996; 0.30224667583677212; 
0; 1; 1; 0; 320; 321; 2.66015625; 0.077954999999999997; 1; 1; 0; 4.4025759455016997; 48; 1698.1176790852539; 0; 0; 7.6445193300431313; 13; 90.316051027459423; 1; 0.85382599999999997; 0.18626309662398138; 
0; 1; 1; 0; 195; 196; 2.66015625; 0.052631999999999998; 1; 1; 0; 4.3959535134399177; 24; 762.46818720138833; 0; 0; 5.2079925952409116; 9; 60.964509172561861; 1; 0.57323400000000002; 0.19441674975074777; 
0; 1; 1; 0; 357; 358; 2.66015625; 0.053381999999999999; 1; 1; 0; 4.1227525475382549; 24; 490.69623623663432; 0; 0; 4.7794979602567915; 8; 76.43815706169741; 1; 0.91228900000000002; 0.21610169491525424; 
0; 1; 1; 0; 389; 390; 2.66015625; 0.079944000000000001; 1; 1; 0; 5.2397817939857525; 28; 330.81924623173063; 0; 0; 8.9679284230537508; 19; 359.14846495348422; 1; 0.93759099999999995; 0.20398531725222863; 
0; 1; 1; 0; 29; 30; 2.66015625; 0.048825; 1; 1; 0; 4.0311960116139369; 32; 279.99726942631992; 0; 0; 5.1900900347606411; 7; 30.903864189751225; 1; 0.106625; 0.12663755458515283; 
0; 1; 1; 0; 141; 142; 2.66015625; 0.094087000000000004; 1; 1; 0; 4.3117153292129586; 80; 9838.2306177793398; 0; 0; 5.2862137025612643; 8; 32.150374933455197; 1; 0.405416; 0.15226781857451405; 
0; 1; 1; 0; 231; 232; 2.66015625; 0.048404000000000003; 1; 1; 0; 4.1816388600487349; 40; 262.12390295917265; 0; 0; 4.6780749780139832; 6; 11.851536328349482; 1; 0.57946299999999995; 0.20961887477313976; 
0; 1; 1; 0; 42; 43; 2.66015625; 0.047884999999999997; 1; 1; 0; 3.8651008099549302; 32; 171.97438111869201; 0; 0; 4.787447780980755; 7; 47.498169154394368; 1; 0.127217; 0.17004048582995951; 
0; 1; 1; 0; 261; 262; 2.66015625; 0.052795000000000002; 1; 1; 0; 4.3586359908290975; 24; 531.18206713914765; 0; 0; 6.7469232518612259; 11; 65.414194330083944; 1; 0.63539999999999996; 0.19106881405563689; 
0; 1; 1; 0; 64; 65; 2.66015625; 0.058081000000000001; 1; 1; 0; 3.7812706094747703; 28; 901.49324891735114; 0; 0; 5.728748334153317; 9; 50.113877129706481; 1; 0.163827; 0.19277108433734941; 
0; 1; 1; 0; 106; 107; 2.66015625; 0.054106000000000001; 1; 1; 0; 3.880596177153167; 32; 201.25197089376491; 0; 0; 5.0777830882948924; 8; 108.78963727305027; 1; 0.28164; 0.16932907348242812; 
0; 1; 1; 0; 31; 32; 2.66015625; 0.051990000000000001; 1; 1; 0; 3.8755416932417108; 24; 164.39836020726335; 0; 0; 4.5292319653549828; 6; 18.87827902847323; 1; 0.092172000000000004; 0.26050420168067229; 
0; 1; 1; 0; 61; 62; 2.66015625; 0.053825999999999999; 1; 1; 0; 3.8919858100676388; 32; 292.95384831699573; 0; 0; 4.702764103149832; 7; 16.805913025943841; 1; 0.19034200000000001; 0.16353887399463807; 
0; 1; 1; 0; 3204; 3205; 2.66015625; 0.053603999999999999; 1; 1; 0; 3.7961210259479752; 32; 504.98113349872455; 0; 0; 6.5772916316564949; 16; 466.32089726753844; 1; 5.0605700000000002; 0.28781890046712183; 
0; 1; 1; 0; 173; 174; 2.66015625; 0.080884999999999999; 1; 1; 0; 5.020854802860625; 48; 1084.9213933377928; 0; 0; 7.5838822152992362; 13; 124.9455360447635; 1; 0.40644599999999997; 0.21331689272503082; 
0; 1; 1; 0; 145; 146; 2.66015625; 0.053575999999999999; 1; 1; 0; 3.7075699052412241; 32; 138.01076637646182; 0; 0; 6.6588861817572189; 10; 83.891723600134711; 1; 0.39388299999999998; 0.19333333333333333; 
0; 1; 1; 0; 379; 380; 2.66015625; 0.10123699999999999; 1; 1; 0; 6.0923916955682085; 40; 455.56377451816468; 0; 0; 8.7637705283016238; 17; 131.22289043550867; 1; 0.98200200000000004; 0.18771669143140168; 
0; 1; 1; 0; 342; 343; 2.66015625; 0.057477; 1; 1; 0; 4.7858573480854147; 36; 1004.7538120566882; 0; 0; 5.6839679965447596; 10; 95.555793213688446; 1; 0.83904100000000004; 0.20212765957446807; 
0; 1; 1; 0; 287; 288; 2.66015625; 0.102882; 1; 1; 0; 6.9794353878329574; 80; 2258.9855456223886; 0; 0; 9.3020535001584488; 16; 93.538477704136639; 1; 0.69640400000000002; 0.2219644238205723; 
0; 1; 1; 0; 132; 133; 2.66015625; 0.050464000000000002; 1; 1; 0; 3.9010708712096211; 32; 40.055191166872198; 0; 0; 4.3860128428919927; 7; 95.98177021516122; 1; 0.34273900000000002; 0.20754716981132076; 
0; 1; 1; 0; 467; 468; 2.66015625; 0.052429000000000003; 1; 1; 0; 5.333704373810626; 32; 1834.6414915988639; 0; 0; 7.9908233870628687; 15; 158.48849272474007; 1; 1.0879719999999999; 0.20025728987993138; 
0; 1; 1; 0; 275; 276; 2.66015625; 0.049160000000000002; 1; 1; 0; 4.2701540592371128; 24; 242.28395427688068; 0; 0; 6.8832376496290033; 11; 67.344357367100372; 1; 0.68460699999999997; 0.19586894586894588; 
0; 1; 1; 0; 392; 393; 2.66015625; 0.045358000000000002; 1; 1; 0; 3.9903693363892594; 24; 952.00979990216092; 0; 0; 5.1589789033552407; 9; 116.50948083873858; 1; 0.88148199999999999; 0.19560878243512975; 
0; 1; 1; 0; 76; 77; 2.66015625; 0.057842999999999999; 1; 1; 0; 4.0719944411142404; 32; 214.29507406168847; 0; 0; 7.3496388433865638; 10; 52.186823838945251; 1; 0.23700099999999999; 0.21839080459770116; 
0; 1; 1; 0; 176; 177; 2.66015625; 0.058770999999999997; 1; 1; 0; 4.0876080707275175; 40; 451.42629754649636; 0; 0; 5.3475417907092719; 9; 85.074358155982225; 1; 0.45863799999999999; 0.19797525309336333; 
0; 1; 1; 0; 323; 324; 2.66015625; 0.049221000000000001; 1; 1; 0; 4.4213665957013379; 28; 298.81824028232614; 0; 0; 6.1708679352140328; 12; 107.60135212072196; 1; 0.80345599999999995; 0.19011183048852265; 
0; 1; 1; 0; 49; 50; 2.66015625; 0.052757999999999999; 1; 1; 0; 3.6958619498614573; 32; 45.558961776367489; 0; 0; 5.8427743198308555; 9; 46.344220028089126; 1; 0.172703; 0.1467065868263473; 
0; 1; 1; 0; 141; 142; 2.66015625; 0.040379999999999999; 1; 1; 0; 3.8427913248594749; 16; 75.631909423782758; 0; 0; 5.0310588786589516; 9; 47.350629928280071; 1; 0.45778400000000002; 0.16706161137440759; 
0; 1; 1; 0; 427; 428; 2.66015625; 0.061395999999999999; 1; 1; 0; 5.4870374607604298; 36; 670.87602061933808; 0; 0; 7.8975413202818583; 14; 90.475097599668842; 1; 0.97702800000000001; 0.20141509433962265; 
0; 1; 1; 0; 144; 145; 2.66015625; 0.059788000000000001; 1; 1; 0; 3.8168013006051269; 40; 1243.2921872560648; 0; 0; 5.5621498869860604; 9; 70.346144904385369; 1; 0.36166199999999998; 0.2289348171701113; 
0; 1; 1; 0; 11; 12; 2.66015625; 0.037795000000000002; 1; 1; 0; 3.8074888046360833; 16; 41.635682508730802; 0; 0; 4.3983342697082444; 6; 55.491344995258643; 1; 0.039921999999999999; 0.23404255319148937; 
0; 1; 1; 0; 199; 200; 2.66015625; 0.067951999999999999; 1; 1; 0; 4.4358521797069601; 48; 220.4280161284598; 0; 0; 4.948798038239147; 6; 9.8723376526551494; 1; 0.53799699999999995; 0.1858076563958917; 
0; 1; 1; 0; 321; 322; 2.66015625; 0.047840000000000001; 1; 1; 0; 3.8793219525611877; 20; 421.51202835829667; 0; 0; 6.3681118163344488; 12; 164.31991172468159; 1; 0.82243100000000002; 0.17902955939765755; 
0; 1; 1; 0; 981; 982; 2.66015625; 0.056411000000000003; 1; 1; 0; 4.2972115512838895; 40; 891.96899760855661; 0; 0; 6.4270551071448843; 13; 245.2589871816871; 1; 1.9040140000000001; 0.25361944157187177; 
0; 1; 1; 0; 149; 150; 2.66015625; 0.066976999999999995; 1; 1; 0; 4.9252367321020314; 32; 317.7250745704057; 0; 0; 6.9831095939125367; 12; 99.601331278542887; 1; 0.39951300000000001; 0.17930204572803851; 
0; 1; 1; 0; 140; 141; 2.66015625; 0.055958000000000001; 1; 1; 0; 4.962740839755349; 56; 1533.2757605967115; 0; 0; 6.7785414595900804; 9; 34.568148310832306; 1; 0.403281; 0.17434620174346202; 
0; 1; 1; 0; 102; 103; 2.66015625; 0.065002000000000004; 1; 1; 0; 4.1400257316225364; 24; 27.782284731127461; 0; 0; 6.0530718934357157; 11; 117.44035278174287; 1; 0.26724399999999998; 0.19653179190751446; 
0; 1; 1; 0; 549; 550; 2.66015625; 0.105143; 1; 1; 0; 6.0749211327291963; 40; 1042.0197459064616; 0; 0; 8.0363742403451823; 15; 132.00920891991802; 1; 1.284265; 0.21196911196911197; 
0; 1; 1; 0; 442; 443; 2.66015625; 0.076156000000000001; 1; 1; 0; 5.2678736258146364; 36; 1372.1041832482665; 0; 0; 6.3807137895571273; 13; 175.69867823688131; 1; 1.081118; 0.18181818181818182; 
0; 1; 1; 0; 238; 239; 2.66015625; 0.062162000000000002; 1; 1; 0; 4.4037312814457774; 48; 1015.3910419503326; 0; 0; 6.183058703528487; 9; 64.47430715781941; 1; 0.61695; 0.19240097008892482; 
0; 1; 1; 0; 74; 75; 2.66015625; 0.039771000000000001; 1; 1; 0; 3.581372583044427; 32; 81.981083553698213; 0; 0; 4.735813948469044; 7; 28.261432956614257; 1; 0.20851700000000001; 0.18362282878411912; 
0; 1; 1; 0; 184; 185; 2.66015625; 0.065818000000000002; 1; 1; 0; 4.8210013573271437; 48; 1139.1736419653714; 0; 0; 8.1239902074840931; 13; 101.43273117989534; 1; 0.51581900000000003; 0.17037037037037037; 
0; 1; 1; 0; 43; 44; 2.66015625; 0.058735999999999997; 1; 1; 0; 4.6897580592840518; 48; 1141.6915498325761; 0; 0; 6.7860021096152074; 9; 42.236228642567049; 1; 0.117338; 0.18143459915611815; 
0; 1; 1; 0; 183; 184; 2.66015625; 0.045518000000000003; 1; 1; 0; 3.9393156532394928; 20; 151.55769489460474; 0; 0; 5.6861131928056601; 12; 121.5608788786264; 1; 0.47782799999999997; 0.18559837728194725; 
0; 1; 1; 0; 323; 324; 2.66015625; 0.051078999999999999; 1; 1; 0; 4.3484483333538764; 28; 396.8044369154029; 0; 0; 5.889292815003472; 11; 112.06097382590802; 1; 0.81152500000000005; 0.18988830099941212; 
0; 1; 1; 0; 491; 492; 2.66015625; 0.071507000000000001; 1; 1; 0; 7.1689863171383577; 36; 273.23022760289786; 0; 0; 8.4190585346454405; 15; 92.216310928631387; 1; 1.1190530000000001; 0.20752324598478444; 
0; 1; 1; 0; 938; 939; 2.66015625; 0.052677000000000002; 1; 1; 0; 5.3329664683964841; 32; 296.9237055383154; 0; 0; 8.013670166849419; 17; 180.76569792388446; 1; 1.896528; 0.26084538375973304; 
0; 1; 1; 0; 7; 8; 2.66015625; 0.032878999999999999; 1; 1; 0; 3.8761762339816679; 24; 221.41922443326339; 0; 0; 4.5087698556670155; 6; 22.942980344048188; 1; 0.03117; 0.20000000000000001; 
0; 1; 1; 0; 230; 231; 2.66015625; 0.054857999999999997; 1; 1; 0; 4.330946108127927; 24; 379.67213078054237; 0; 0; 6.0542115822395752; 9; 34.25861034538049; 1; 0.58577400000000002; 0.21316033364226136; 
0; 1; 1; 0; 207; 208; 2.66015625; 0.074328000000000005; 1; 1; 0; 4.5061080441877577; 56; 2592.392574297156; 0; 0; 5.0817556448880525; 9; 57.875701418904434; 1; 0.52960499999999999; 0.19400187441424555; 
0; 1; 1; 0; 37; 38; 2.66015625; 0.046341; 1; 1; 0; 4.7963690380685158; 28; 216.40933984689502; 0; 0; 5.3864836849771232; 8; 29.344864657042883; 1; 0.096014000000000002; 0.19473684210526315; 
0; 1; 1; 0; 8; 9; 2.66015625; 0.038573999999999997; 1; 1; 0; 3.7397004713425708; 20; 839.28898618553626; 0; 0; 3.7795120503416397; 5; 1.1243733926907202; 1; 0.031577000000000001; 0.17391304347826086; 
0; 1; 1; 0; 133; 134; 2.66015625; 0.069126999999999994; 1; 1; 0; 4.4459796507857821; 56; 3270.3407724646559; 0; 0; 4.8909418388074606; 9; 100.39174929422242; 1; 0.35523900000000003; 0.20090634441087613; 
0; 1; 1; 0; 6796; 6797; 3.6875; 0.072224999999999998; 1; 1; 0; 5.9067754575068472; 36; 346.70292149052915; 0; 0; 10.520372147421277; 26; 561.25913287531012; 1; 8.8356209999999997; 0.30489008524001793; 
0; 1; 1; 0; 8871; 8872; 8.4453125; 0.090799000000000005; 1; 1; 0; 5.0255443136297071; 64; 2811.6199044145251; 0; 0; 7.7839329541411848; 22; 1328.9830993904177; 1; 10.594284; 0.30797805860297178; 
0; 1; 1; 0; 384; 385; 9.5703125; 0.058934; 1; 1; 0; 3.3909508598355198; 56; 2858.2391442350454; 0; 0; 5.5676190118566691; 13; 282.79807986519734; 1; 0.91861099999999996; 0.18777506112469439; 
0; 1; 1; 0; 66; 67; 9.5703125; 0.042342999999999999; 1; 1; 0; 3.6696969700356599; 24; 34.204063280129063; 0; 0; 4.0807319237341337; 6; 25.071969592287648; 1; 0.216222; 0.12313432835820895; 
0; 1; 1; 0; 597; 598; 9.5703125; 0.072011000000000006; 1; 1; 0; 3.9211409392816776; 48; 2071.7101243545585; 0; 0; 5.3634746154761119; 10; 109.85191073035206; 1; 1.3392759999999999; 0.22384701912260968; 
0; 1; 1; 0; 712; 713; 9.5703125; 0.065069000000000002; 1; 1; 0; 3.9044961973617127; 40; 537.89857344335792; 0; 0; 6.3125188148882403; 14; 268.71862587321755; 1; 1.65652; 0.21536600120992136; 
0; 1; 1; 0; 227; 228; 9.5703125; 0.054503999999999997; 1; 1; 0; 3.7898059638975621; 40; 389.15987617071914; 0; 0; 5.070913115519506; 10; 251.08181426731565; 1; 0.55278300000000002; 0.21254681647940074; 
0; 1; 1; 0; 651; 652; 9.5703125; 0.060351000000000002; 1; 1; 0; 4.2875271515612807; 56; 1286.1683703951844; 0; 0; 7.5335722548456223; 14; 130.31988514478729; 1; 1.564146; 0.20192307692307693; 
0; 1; 1; 0; 169; 170; 9.5703125; 0.081334000000000004; 1; 1; 0; 4.2833072553428568; 48; 1928.5063462850094; 0; 0; 5.2046467489962343; 9; 76.412785200637316; 1; 0.47493400000000002; 0.16172248803827752; 
0; 1; 1; 0; 2917; 2918; 8.421875; 0.112787; 0; 0; 0; 5.7512665946835604; 32; 927.85053674355925; 0; 0; 7.617197621860023; 17; 469.12608812357666; 1; 4.5809490000000004; 0.30413929725784589; 
0; 1; 1; 0; 33; 34; 8.421875; 0.045606000000000001; 1; 1; 0; 3.8350467872696297; 32; 238.42377417441867; 0; 0; 4.9067596984617055; 6; 14.159908516816373; 1; 0.097597000000000003; 0.1864406779661017; 
0; 1; 1; 0; 239; 240; 8.421875; 0.074981999999999993; 1; 1; 0; 4.3817023672720943; 56; 1438.3845722816943; 0; 0; 6.4860191325671455; 13; 148.40688906647799; 1; 0.61851599999999995; 0.19933277731442869; 
0; 1; 1; 0; 205; 206; 8.421875; 0.054108999999999997; 1; 1; 0; 3.8281502728657895; 32; 517.55229966712682; 0; 0; 6.0622548076129421; 12; 147.7035506994111; 1; 0.51921200000000001; 0.19016697588126161; 
0; 1; 1; 0; 82; 83; 8.421875; 0.051407000000000001; 1; 1; 0; 4.8432860323141513; 32; 1236.6364456334054; 0; 0; 6.4901713912406489; 11; 78.129640479680759; 1; 0.22403400000000001; 0.1889400921658986; 
0; 1; 1; 0; 319; 320; 8.421875; 0.048307000000000003; 1; 1; 0; 5.0743943077948828; 32; 1022.9190623980031; 0; 0; 7.5125519882739225; 13; 178.71565483514505; 1; 0.75931499999999996; 0.19825978868862648; 
0; 1; 1; 0; 121; 122; 8.421875; 0.057038999999999999; 1; 1; 0; 3.8415753768656637; 24; 45.464568151016273; 0; 0; 7.2185179768343222; 12; 52.459393180391373; 1; 0.35374499999999998; 0.18113772455089822; 
0; 1; 1; 0; 10258; 10259; 8.93359375; 0.065984000000000001; 1; 1; 0; 4.2890433341858989; 28; 314.21889774292896; 0; 0; 5.980934684913529; 16; 412.82433619947625; 1; 11.818261; 0.31946434132668949; 
0; 1; 1; 0; 327; 328; 9.14453125; 0.044054999999999997; 1; 1; 0; 3.9659375320176351; 32; 691.18160209478015; 0; 0; 7.0187402405834485; 13; 121.72136274699209; 1; 0.78433799999999998; 0.21442622950819673; 
0; 1; 1; 0; 943; 944; 8.421875; 0.079602000000000006; 1; 1; 0; 6.0633105875935192; 44; 802.36105490342629; 0; 0; 7.3233924680392208; 14; 141.19764297940034; 1; 2.1351719999999998; 0.20594016160733786; 
0; 1; 1; 0; 206; 207; 8.421875; 0.051924999999999999; 1; 1; 0; 4.3559045133008327; 24; 317.44149266346096; 0; 0; 5.7566759480007992; 9; 50.767899010053249; 1; 0.52577300000000005; 0.21128205128205127; 
0; 1; 1; 0; 291; 292; 8.421875; 0.060262000000000003; 1; 1; 0; 4.3440615078645859; 48; 843.62644546455306; 0; 0; 5.8557527558901361; 11; 138.85866308441916; 1; 0.77307300000000001; 0.19609164420485176; 
0; 1; 1; 0; 137; 138; 8.421875; 0.048575; 1; 1; 0; 5.3765548351246748; 32; 545.97866958232464; 0; 0; 6.9504235891737745; 11; 94.234595804079291; 1; 0.364207; 0.16348448687350836; 
0; 1; 1; 0; 853; 854; 8.421875; 0.059915999999999997; 1; 1; 0; 3.8963185713860411; 32; 735.78062261779496; 0; 0; 7.3947806275828167; 15; 158.82452913739183; 1; 1.8686689999999999; 0.21405269761606022; 
0; 1; 1; 0; 11; 12; 8.421875; 0.041915000000000001; 1; 1; 0; 4.1621878434443982; 32; 77.596172172393878; 0; 0; 5.1761030582147765; 6; 8.2733661330374275; 1; 0.039465; 0.21568627450980393; 
0; 1; 1; 0; 7574; 7575; 9.96484375; 0.10627200000000001; 1; 1; 0; 4.2772314470970896; 48; 2126.5091960066761; 0; 0; 9.2216068977139507; 24; 759.81683188385716; 1; 9.4808240000000001; 0.30767355892269571; 
0; 1; 1; 0; 382; 383; 10.203125; 0.065031000000000005; 1; 1; 0; 4.2720245759591391; 48; 3959.4163930667842; 0; 0; 5.2186216513771271; 10; 82.571187842553613; 1; 1.0237879999999999; 0.18321342925659473; 
0; 1; 1; 0; 517; 518; 10.203125; 0.063586000000000004; 1; 1; 0; 4.7214441178177164; 28; 399.59909075765387; 0; 0; 7.3736863728590727; 13; 202.63418870752704; 1; 1.2377119999999999; 0.19687738004569688; 
0; 1; 1; 0; 137; 138; 10.203125; 0.067575999999999997; 1; 1; 0; 4.5337510247231689; 48; 1509.9675931784107; 0; 0; 6.8074909663641048; 10; 36.642291277814792; 1; 0.35138999999999998; 0.1869031377899045; 
0; 1; 1; 0; 99; 100; 10.203125; 0.049503999999999999; 1; 1; 0; 4.093734980786091; 64; 3350.3533012297748; 0; 0; 5.0868029878029732; 8; 50.103320710624715; 1; 0.27352300000000002; 0.17999999999999999; 
.
