Experiment pr2_arms_experiment3_arms[RRTConnectkConfigDefault]
Running on i7
Starting at 2012-03-09T04:56:20.108096
<<<|
Properties of the state space 'arms_PoseModel'
  - signature: 34 0 26 0 13 0 7 2 1 2 1 1 5 5 6 1 3 3 3 0 13 0 7 2 1 2 1 1 5 5 6 1 3 3 3 
  - dimension: 26
  - extent: 10.0698
  - sanity checks for state space passed
  - probability of valid states: 0.344
  - average length of a valid motion: 0.0648341
Settings for the state space 'arms_PoseModel'
  - state validity check resolution: 5%
  - valid segment count factor: 1
  - state space:
Compound state space 'arms_PoseModel' of dimension 26 (locked) [
Compound state space 'CompoundSpace39' of dimension 13 (locked) [
Compound state space 'J(l_forearm_roll_joint,l_wrist_roll_joint,J(l_shoulder_pan_joint,l_shoulder_lift_joint,l_upper_arm_roll_joint,l_elbow_flex_joint,l_wrist_flex_joint))' of dimension 7 (locked) [
SO2 state space 'l_forearm_roll_joint'
 of weight 1
SO2 state space 'l_wrist_roll_joint'
 of weight 1
Real vector state space 'J(l_shoulder_pan_joint,l_shoulder_lift_joint,l_upper_arm_roll_joint,l_elbow_flex_joint,l_wrist_flex_joint)' of dimension 5 with bounds: 
  - min: -0.564602 -0.3536 -0.65 -2.1213 -2 
  - max: 2.1354 1.2963 3.75 -0.15 -0.1 
  and dimension names: 'l_shoulder_pan_joint' 'l_shoulder_lift_joint' 'l_upper_arm_roll_joint' 'l_elbow_flex_joint' 'l_wrist_flex_joint' 
 of weight 5
]
No registered projections
 of weight 0
Compound state space 'left_arm_Workspace' of dimension 6 (locked) [
Real vector state space 'RealVectorSpace41' of dimension 3 with bounds: 
  - min: -1 -1 -1 
  - max: 1 1 1 
 of weight 1
SO(3) state space 'SO3Space42' (represented using quaternions)
 of weight 0.5
]
Registered projections:
  - <default>
Projection of dimension 3
Cell sizes (computed defaults): [0.1 0.1 0.1]
 of weight 1
]
No registered projections
 of weight 1
Compound state space 'CompoundSpace29' of dimension 13 (locked) [
Compound state space 'J(r_forearm_roll_joint,r_wrist_roll_joint,J(r_shoulder_pan_joint,r_shoulder_lift_joint,r_upper_arm_roll_joint,r_elbow_flex_joint,r_wrist_flex_joint))' of dimension 7 (locked) [
SO2 state space 'r_forearm_roll_joint'
 of weight 1
SO2 state space 'r_wrist_roll_joint'
 of weight 1
Real vector state space 'J(r_shoulder_pan_joint,r_shoulder_lift_joint,r_upper_arm_roll_joint,r_elbow_flex_joint,r_wrist_flex_joint)' of dimension 5 with bounds: 
  - min: -2.1354 -0.3536 -3.75 -2.1213 -2 
  - max: 0.564602 1.2963 0.65 -0.15 -0.1 
  and dimension names: 'r_shoulder_pan_joint' 'r_shoulder_lift_joint' 'r_upper_arm_roll_joint' 'r_elbow_flex_joint' 'r_wrist_flex_joint' 
 of weight 5
]
No registered projections
 of weight 0
Compound state space 'right_arm_Workspace' of dimension 6 (locked) [
Real vector state space 'RealVectorSpace31' of dimension 3 with bounds: 
  - min: -1 -1 -1 
  - max: 1 1 1 
 of weight 1
SO(3) state space 'SO3Space32' (represented using quaternions)
 of weight 0.5
]
Registered projections:
  - <default>
Projection of dimension 3
Cell sizes (computed defaults): [0.1 0.1 0.1]
 of weight 1
]
No registered projections
 of weight 1
]
Registered projections:
  - <default>
Projection of dimension 2
Cell sizes (computed defaults): [0.1 0.1]

Declared parameters:
longest_valid_segment_fraction = 0.050000000000000003
projection.cellsize.0 = 0.10000000000000001
projection.cellsize.1 = 0.10000000000000001
projection.cellsize_factor = 
valid_segment_count_factor = 1
Valid state sampler named uniform with parameters:
nr_attempts = 100
Planner RRTConnect specs:
Multithreaded:                 No
Reports approximate solutions: No
Can optimize solutions:        No
Aware of the following parameters: range
Declared parameters for planner RRTConnect:
range = 2.0139591767730605
Start states:
Compound state [
Compound state [
Compound state [
SO2State [0.898135]
SO2State [0.0402895]
RealVectorState [2.13008 0.893423 1.49479 -1.44857 -1.55074]
]
Compound state [
RealVectorState [0.0601908 0.690593 -0.327022]
SO3State [0.64157 -0.290995 -0.295914 0.645094]
]
]
Compound state [
Compound state [
SO2State [1.26707]
SO2State [-1.12132]
RealVectorState [0.495095 0.0952849 -2.93666 -1.06755 -1.48356]
]
Compound state [
RealVectorState [0.52373 0.159823 -0.326855]
SO3State [-0.292312 -0.641739 0.645547 0.293247]
]
]
]
Tag: -1
Flags: 24
Validity known: No
10 goal states, threshold = 2.22045e-16, memory address = 0x1db2880
Compound state [
Compound state [
Compound state [
SO2State [-1.07001]
SO2State [0.426203]
RealVectorState [-0.056477 0.206485 2.70591 -0.238801 -1.6267]
]
Compound state [
RealVectorState [0.779599 0.111828 -0.213326]
SO3State [-0.441687 0.553865 0.554184 -0.437065]
]
]
Compound state [
Compound state [
SO2State [-0.0152482]
SO2State [-0.321267]
RealVectorState [-0.872557 0.27542 -1.75356 -0.789074 -1.39915]
]
Compound state [
RealVectorState [0.616001 -0.573493 -0.210125]
SO3State [-0.551963 -0.439119 0.44099 0.555013]
]
]
]
Tag: -1
Flags: 29
Validity known: Yes
Validity value: True

Compound state [
Compound state [
Compound state [
SO2State [-1.07001]
SO2State [0.426203]
RealVectorState [-0.056477 0.206485 2.70591 -0.238801 -1.6267]
]
Compound state [
RealVectorState [0.779599 0.111828 -0.213326]
SO3State [-0.441687 0.553865 0.554184 -0.437065]
]
]
Compound state [
Compound state [
SO2State [-0.0152482]
SO2State [-0.321267]
RealVectorState [-0.872557 0.27542 -1.75356 -0.789074 -1.39915]
]
Compound state [
RealVectorState [0.616001 -0.573493 -0.210125]
SO3State [-0.551963 -0.439119 0.44099 0.555013]
]
]
]
Tag: -1
Flags: 29
Validity known: Yes
Validity value: True

Compound state [
Compound state [
Compound state [
SO2State [-1.07001]
SO2State [0.426203]
RealVectorState [-0.056477 0.206485 2.70591 -0.238801 -1.6267]
]
Compound state [
RealVectorState [0.779599 0.111828 -0.213326]
SO3State [-0.441687 0.553865 0.554184 -0.437065]
]
]
Compound state [
Compound state [
SO2State [-0.0152482]
SO2State [-0.321267]
RealVectorState [-0.872557 0.27542 -1.75356 -0.789074 -1.39915]
]
Compound state [
RealVectorState [0.616001 -0.573493 -0.210125]
SO3State [-0.551963 -0.439119 0.44099 0.555013]
]
]
]
Tag: -1
Flags: 29
Validity known: Yes
Validity value: True

Compound state [
Compound state [
Compound state [
SO2State [-1.07001]
SO2State [0.426203]
RealVectorState [-0.056477 0.206485 2.70591 -0.238801 -1.6267]
]
Compound state [
RealVectorState [0.779599 0.111828 -0.213326]
SO3State [-0.441687 0.553865 0.554184 -0.437065]
]
]
Compound state [
Compound state [
SO2State [-0.0152482]
SO2State [-0.321267]
RealVectorState [-0.872557 0.27542 -1.75356 -0.789074 -1.39915]
]
Compound state [
RealVectorState [0.616001 -0.573493 -0.210125]
SO3State [-0.551963 -0.439119 0.44099 0.555013]
]
]
]
Tag: -1
Flags: 29
Validity known: Yes
Validity value: True

Compound state [
Compound state [
Compound state [
SO2State [-1.07001]
SO2State [0.426203]
RealVectorState [-0.056477 0.206485 2.70591 -0.238801 -1.6267]
]
Compound state [
RealVectorState [0.779599 0.111828 -0.213326]
SO3State [-0.441687 0.553865 0.554184 -0.437065]
]
]
Compound state [
Compound state [
SO2State [-0.0152482]
SO2State [-0.321267]
RealVectorState [-0.872557 0.27542 -1.75356 -0.789074 -1.39915]
]
Compound state [
RealVectorState [0.616001 -0.573493 -0.210125]
SO3State [-0.551963 -0.439119 0.44099 0.555013]
]
]
]
Tag: -1
Flags: 29
Validity known: Yes
Validity value: True

Compound state [
Compound state [
Compound state [
SO2State [-1.07001]
SO2State [0.426203]
RealVectorState [-0.056477 0.206485 2.70591 -0.238801 -1.6267]
]
Compound state [
RealVectorState [0.779599 0.111828 -0.213326]
SO3State [-0.441687 0.553865 0.554184 -0.437065]
]
]
Compound state [
Compound state [
SO2State [-0.0152482]
SO2State [-0.321267]
RealVectorState [-0.872557 0.27542 -1.75356 -0.789074 -1.39915]
]
Compound state [
RealVectorState [0.616001 -0.573493 -0.210125]
SO3State [-0.551963 -0.439119 0.44099 0.555013]
]
]
]
Tag: -1
Flags: 29
Validity known: Yes
Validity value: True

Compound state [
Compound state [
Compound state [
SO2State [-1.07001]
SO2State [0.426203]
RealVectorState [-0.056477 0.206485 2.70591 -0.238801 -1.6267]
]
Compound state [
RealVectorState [0.779599 0.111828 -0.213326]
SO3State [-0.441687 0.553865 0.554184 -0.437065]
]
]
Compound state [
Compound state [
SO2State [-0.0152482]
SO2State [-0.321267]
RealVectorState [-0.872557 0.27542 -1.75356 -0.789074 -1.39915]
]
Compound state [
RealVectorState [0.616001 -0.573493 -0.210125]
SO3State [-0.551963 -0.439119 0.44099 0.555013]
]
]
]
Tag: -1
Flags: 29
Validity known: Yes
Validity value: True

Compound state [
Compound state [
Compound state [
SO2State [-1.07001]
SO2State [0.426203]
RealVectorState [-0.056477 0.206485 2.70591 -0.238801 -1.6267]
]
Compound state [
RealVectorState [0.779599 0.111828 -0.213326]
SO3State [-0.441687 0.553865 0.554184 -0.437065]
]
]
Compound state [
Compound state [
SO2State [-0.0152482]
SO2State [-0.321267]
RealVectorState [-0.872557 0.27542 -1.75356 -0.789074 -1.39915]
]
Compound state [
RealVectorState [0.616001 -0.573493 -0.210125]
SO3State [-0.551963 -0.439119 0.44099 0.555013]
]
]
]
Tag: -1
Flags: 29
Validity known: Yes
Validity value: True

Compound state [
Compound state [
Compound state [
SO2State [-1.07001]
SO2State [0.426203]
RealVectorState [-0.056477 0.206485 2.70591 -0.238801 -1.6267]
]
Compound state [
RealVectorState [0.779599 0.111828 -0.213326]
SO3State [-0.441687 0.553865 0.554184 -0.437065]
]
]
Compound state [
Compound state [
SO2State [-0.0152482]
SO2State [-0.321267]
RealVectorState [-0.872557 0.27542 -1.75356 -0.789074 -1.39915]
]
Compound state [
RealVectorState [0.616001 -0.573493 -0.210125]
SO3State [-0.551963 -0.439119 0.44099 0.555013]
]
]
]
Tag: -1
Flags: 29
Validity known: Yes
Validity value: True

Compound state [
Compound state [
Compound state [
SO2State [-1.07001]
SO2State [0.426203]
RealVectorState [-0.056477 0.206485 2.70591 -0.238801 -1.6267]
]
Compound state [
RealVectorState [0.779599 0.111828 -0.213326]
SO3State [-0.441687 0.553865 0.554184 -0.437065]
]
]
Compound state [
Compound state [
SO2State [-0.0152482]
SO2State [-0.321267]
RealVectorState [-0.872557 0.27542 -1.75356 -0.789074 -1.39915]
]
Compound state [
RealVectorState [0.616001 -0.573493 -0.210125]
SO3State [-0.551963 -0.439119 0.44099 0.555013]
]
]
]
Tag: -1
Flags: 29
Validity known: Yes
Validity value: True


Properties of benchmarked planners:
Planner RRTConnect specs:
Multithreaded:                 No
Reports approximate solutions: No
Can optimize solutions:        No
Aware of the following parameters: range
|>>>
521897252 is the random seed
15 seconds per run
4096 MB per run
100 runs per planner
39.8023 seconds spent to collect the data
1 planners
geometric_RRTConnect
6 common properties
longest_valid_segment_fraction = 0.050000000000000003
projection.cellsize.0 = 0.10000000000000001
projection.cellsize.1 = 0.10000000000000001
projection.cellsize_factor = 
range = 2.0139591767730605
valid_segment_count_factor = 1
22 properties for each run
approximate solution BOOLEAN
correct solution BOOLEAN
correct solution strict BOOLEAN
crashed BOOLEAN
graph motions INTEGER
graph states INTEGER
memory REAL
simplification time REAL
simplified correct solution BOOLEAN
simplified correct solution strict BOOLEAN
simplified solution clearance REAL
simplified solution length REAL
simplified solution segments INTEGER
simplified solution smoothness REAL
solution clearance REAL
solution difference REAL
solution length REAL
solution segments INTEGER
solution smoothness REAL
solved BOOLEAN
time REAL
valid segment fraction REAL
100 runs
0; 1; 1; 0; 32; 43; 0; 0.035216999999999998; 1; 1; 0; 3.9124021421744057; 32; 124.77693855834686; 0; 0; 5.4623327250129181; 8; 20.339128229376481; 1; 0.15598400000000001; 0.067940552016985137; 
0; 1; 1; 0; 35; 39; 0.1328125; 0.063384999999999997; 1; 1; 0; 4.5216430201719024; 40; 290.57415709800063; 0; 0; 5.7926928383368548; 8; 26.551275092519177; 1; 0.20633199999999999; 0.055467511885895403; 
0; 1; 1; 0; 129; 140; 0.1328125; 0.067117999999999997; 1; 1; 0; 5.0026301852393269; 32; 386.21440247930735; 0; 0; 7.2082258596633846; 15; 149.85794459463779; 1; 0.60374399999999995; 0.072922555115884677; 
0; 1; 1; 0; 43; 54; 0.29296875; 0.028712999999999999; 1; 1; 0; 4.1509603729742457; 20; 124.11735412311452; 0; 0; 5.8022248912268202; 10; 55.259912487212979; 1; 0.23547899999999999; 0.054499366286438533; 
0; 1; 1; 0; 29; 35; 0.29296875; 0.057790000000000001; 1; 1; 0; 4.4581330287144585; 40; 213.27767047570529; 0; 0; 5.4254248918430141; 10; 64.927698719937666; 1; 0.16212399999999999; 0.051785714285714289; 
0; 1; 1; 0; 70; 81; 0.29296875; 0.041821999999999998; 1; 1; 0; 4.7034194263733058; 24; 216.49854925855544; 0; 0; 6.0727744594642274; 9; 30.813297862266175; 1; 0.33371600000000001; 0.07829977628635347; 
0; 1; 1; 0; 33; 44; 0.3125; 0.038982000000000003; 1; 1; 0; 4.1647573260605952; 40; 858.60183675835799; 0; 0; 5.5998936492891858; 9; 36.594896994718262; 1; 0.21912699999999999; 0.041147132169576058; 
0; 1; 1; 0; 51; 62; 0.36328125; 0.071079000000000003; 1; 1; 0; 4.0426812033727568; 48; 1157.6845422216227; 0; 0; 7.3602407390370299; 13; 53.865228884571621; 1; 0.28307700000000002; 0.063118811881188119; 
0; 1; 1; 0; 19; 29; 0.4453125; 0.04623; 1; 1; 0; 4.8222155717772841; 28; 276.52794164403173; 0; 0; 5.7229894398898109; 9; 22.362906002651457; 1; 0.087697999999999998; 0.067615658362989328; 
0; 1; 1; 0; 42; 53; 0.4453125; 0.057911999999999998; 1; 1; 0; 5.5365611558176022; 28; 267.86069195935175; 0; 0; 6.7384875322944087; 11; 37.941541502449326; 1; 0.21174100000000001; 0.063540090771558241; 
0; 1; 1; 0; 12; 14; 0.4453125; 0.022896; 1; 1; 0; 4.7193924251232904; 10; 38.760075289028215; 0; 0; 6.8975617330598578; 8; 11.553324139472613; 1; 0.079413999999999998; 0.048000000000000001; 
0; 1; 1; 0; 35; 46; 0.48828125; 0.071040000000000006; 1; 1; 0; 5.5455814241539549; 56; 2015.9408454887309; 0; 0; 7.2150049023660277; 11; 45.782020053082263; 1; 0.16700100000000001; 0.074946466809421838; 
0; 1; 1; 0; 28; 34; 0.58203125; 0.044840999999999999; 1; 1; 0; 4.2061485596262136; 32; 169.95672427930702; 0; 0; 6.6772535546791714; 8; 11.783597555497188; 1; 0.190362; 0.043613707165109032; 
0; 1; 1; 0; 42; 53; 0.6328125; 0.044218; 1; 1; 0; 4.1771743443053699; 40; 245.61505644135113; 0; 0; 5.183032616529375; 9; 23.067144069281529; 1; 0.189612; 0.070234113712374577; 
0; 1; 1; 0; 52; 60; 0.72265625; 0.081695000000000004; 1; 1; 0; 4.749762419136168; 64; 1880.817660796064; 0; 0; 5.7401295210226735; 11; 160.5361702545255; 1; 0.33147399999999999; 0.044142614601018676; 
0; 1; 1; 0; 88; 99; 0.8125; 0.071527999999999994; 1; 1; 0; 3.8440190591363819; 48; 1037.2555485626478; 0; 0; 5.0740071242811995; 9; 76.951531366571999; 1; 0.44961099999999998; 0.065476190476190479; 
0; 1; 1; 0; 25; 36; 1.20703125; 0.076259999999999994; 1; 1; 0; 4.5128097895466528; 48; 699.0225840302254; 0; 0; 6.1933084954854998; 11; 68.588021340029826; 1; 0.115984; 0.082236842105263164; 
0; 1; 1; 0; 56; 67; 1.25390625; 0.088826000000000002; 1; 1; 0; 4.9103525675747921; 56; 1551.3365581085; 0; 0; 7.5846154056538229; 13; 117.8286757606346; 1; 0.29780499999999999; 0.061202185792349727; 
0; 1; 1; 0; 30; 33; 1.25390625; 0.071008000000000002; 1; 1; 0; 5.3550967694431639; 48; 1048.5221300732499; 0; 0; 6.8462768562678882; 9; 38.122928892607995; 1; 0.16453899999999999; 0.056285178236397747; 
0; 1; 1; 0; 104; 115; 1.328125; 0.051542999999999999; 1; 1; 0; 4.1782165752850089; 40; 194.5560501591616; 0; 0; 7.3595033170683593; 13; 58.06560683360312; 1; 0.45952100000000001; 0.075746540422432632; 
0; 1; 1; 0; 23; 32; 1.43359375; 0.041474999999999998; 1; 1; 0; 4.5362631558044786; 24; 331.15030679523835; 0; 0; 6.5517489926360657; 10; 38.574732171726204; 1; 0.14937500000000001; 0.040350877192982457; 
0; 1; 1; 0; 60; 71; 1.53515625; 0.048766999999999998; 1; 1; 0; 4.8178277878682527; 40; 402.3148922067121; 0; 0; 6.2537537356087665; 10; 52.503850225640328; 1; 0.26603300000000002; 0.074906367041198504; 
0; 1; 1; 0; 32; 43; 1.625; 0.062488000000000002; 1; 1; 0; 4.550049604870277; 48; 713.27674126681927; 0; 0; 6.6944789545248273; 9; 37.166980016848633; 1; 0.147651; 0.076009501187648459; 
0; 1; 1; 0; 33; 43; 1.65625; 0.084974999999999995; 1; 1; 0; 4.5552417027446568; 64; 1245.7418223132549; 0; 0; 5.5966421189448328; 10; 30.436595658707155; 1; 0.236542; 0.039951573849878935; 
0; 1; 1; 0; 46; 52; 1.72265625; 0.058317000000000001; 1; 1; 0; 4.0602105735359544; 28; 208.83193262340305; 0; 0; 5.3418948051708508; 12; 143.74533752327415; 1; 0.27877000000000002; 0.045186640471512773; 
0; 1; 1; 0; 39; 50; 1.76953125; 0.057350999999999999; 1; 1; 0; 4.8096292401440621; 48; 2344.980328579627; 0; 0; 5.2214371342496442; 7; 9.7492877389598434; 1; 0.20883399999999999; 0.056034482758620691; 
0; 1; 1; 0; 103; 114; 1.8515625; 0.042236000000000003; 1; 1; 0; 4.0916426097178125; 32; 158.04219101633493; 0; 0; 6.0664635109284726; 11; 100.09915633435199; 1; 0.54352599999999995; 0.060304449648711941; 
0; 1; 1; 0; 44; 55; 1.9921875; 0.052701999999999999; 1; 1; 0; 4.1200036107851794; 24; 123.54203518959217; 0; 0; 5.6327280419993118; 10; 57.733649981809627; 1; 0.27365099999999998; 0.045314109165808442; 
0; 1; 1; 0; 30; 39; 2.0078125; 0.063601000000000005; 1; 1; 0; 4.89397746609795; 32; 220.78289092381735; 0; 0; 6.2903323689613204; 8; 27.50929004809009; 1; 0.15667; 0.060728744939271252; 
0; 1; 1; 0; 15; 18; 2.06640625; 0.057939999999999998; 1; 1; 0; 4.3753271512110592; 40; 237.80241807753069; 0; 0; 4.7508169001490232; 7; 5.4350186231302882; 1; 0.086535000000000001; 0.05434782608695652; 
0; 1; 1; 0; 112; 123; 2.12109375; 0.064953999999999998; 1; 1; 0; 4.2256067999762026; 40; 692.75327243003721; 0; 0; 5.6993525298073866; 11; 81.403079525469835; 1; 0.53846899999999998; 0.067510548523206745; 
0; 1; 1; 0; 45; 54; 2.28515625; 0.048069000000000001; 1; 1; 0; 4.538398445763713; 28; 193.9491673791081; 0; 0; 6.2946353742794336; 11; 64.402274115311968; 1; 0.215087; 0.068912710566615618; 
0; 1; 1; 0; 13; 22; 2.37109375; 0.041999000000000002; 1; 1; 0; 4.390927372533362; 48; 648.34644966315489; 0; 0; 5.0419594605928868; 7; 7.0039297261035305; 1; 0.063702999999999996; 0.059633027522935783; 
0; 1; 1; 0; 26; 35; 2.37109375; 0.037906000000000002; 1; 1; 0; 4.8769981618552078; 28; 351.35461773591794; 0; 0; 5.5514009475186183; 9; 37.537806619817466; 1; 0.17679; 0.041074249605055291; 
0; 1; 1; 0; 29; 40; 2.42578125; 0.049206; 1; 1; 0; 4.5330121417042264; 40; 540.53911202461802; 0; 0; 7.3242426914349847; 11; 68.454553729020859; 1; 0.18984000000000001; 0.039617486338797817; 
0; 1; 1; 0; 15; 22; 2.49609375; 0.085306000000000007; 1; 1; 0; 4.7175315331320276; 48; 499.62971040185164; 0; 0; 7.0671765121229555; 11; 30.646823528797423; 1; 0.11524; 0.038071065989847719; 
0; 1; 1; 0; 44; 55; 2.56640625; 0.059872000000000002; 1; 1; 0; 5.2238179301751773; 32; 508.22145016754223; 0; 0; 6.7859003381343435; 12; 90.177058170749035; 1; 0.26572499999999999; 0.047878128400435253; 
0; 1; 1; 0; 12; 15; 2.62109375; 0.052818999999999998; 1; 1; 0; 4.4453024671409622; 48; 672.54734643178449; 0; 0; 4.9011098272902389; 7; 11.879802340852018; 1; 0.094209000000000001; 0.037974683544303799; 
0; 1; 1; 0; 35; 46; 2.64453125; 0.039523000000000003; 1; 1; 0; 4.1608147357072269; 32; 259.85995286275835; 0; 0; 6.8291082692835516; 10; 47.759948171397738; 1; 0.16974700000000001; 0.063752276867030971; 
0; 1; 1; 0; 21; 26; 2.75390625; 0.038968999999999997; 1; 1; 0; 4.5119623001450186; 40; 266.80563372451536; 0; 0; 6.0365368979900484; 9; 49.964164514637709; 1; 0.20080500000000001; 0.02359550561797753; 
0; 1; 1; 0; 46; 57; 2.83984375; 0.053428999999999997; 1; 1; 0; 3.5616416971897977; 20; 152.23447389019603; 0; 0; 6.2377689230580753; 13; 125.54515176202564; 1; 0.248137; 0.057285180572851806; 
0; 1; 1; 0; 43; 54; 2.91796875; 0.062554999999999999; 1; 1; 0; 4.2447236471913774; 40; 137.29112398434313; 0; 0; 5.6979892537921284; 10; 53.645086199626874; 1; 0.20458599999999999; 0.072026800670016752; 
0; 1; 1; 0; 94; 105; 2.984375; 0.072935; 1; 1; 0; 4.9179623973873792; 56; 1217.7917104715564; 0; 0; 7.5964537771241929; 12; 60.956937611582184; 1; 0.44443100000000002; 0.070889894419306182; 
0; 1; 1; 0; 96; 107; 3.1171875; 0.051588000000000002; 1; 1; 0; 4.7979321210016117; 40; 594.20457648617298; 0; 0; 5.8280327781369907; 9; 134.63347048546231; 1; 0.45808500000000002; 0.070175438596491224; 
0; 1; 1; 0; 83; 94; 3.26171875; 0.060587000000000002; 1; 1; 0; 4.7945872772988389; 28; 88.857645165177999; 0; 0; 7.0275245054920497; 14; 115.90654924235577; 1; 0.38062200000000002; 0.074909747292418769; 
0; 1; 1; 0; 97; 108; 3.27734375; 0.034282; 1; 1; 0; 4.4208097182938957; 24; 76.617790621525458; 0; 0; 6.8322338563044278; 10; 48.656166323944205; 1; 0.45789000000000002; 0.068357998590556732; 
0; 1; 1; 0; 29; 36; 3.42578125; 0.059660999999999999; 1; 1; 0; 4.044065559199578; 28; 286.36932115782059; 0; 0; 4.8075788429684527; 9; 36.01170082631144; 1; 0.227242; 0.039671682626538987; 
0; 1; 1; 0; 23; 30; 3.4375; 0.050694000000000003; 1; 1; 0; 5.0471165305849013; 20; 57.579466414473742; 0; 0; 6.1701274076382679; 10; 19.687415805435315; 1; 0.13145599999999999; 0.058524173027989825; 
0; 1; 1; 0; 37; 43; 3.5078125; 0.053316000000000002; 1; 1; 0; 4.384285106686173; 40; 546.62190650918592; 0; 0; 6.2294515201333853; 10; 132.56242567790386; 1; 0.18874299999999999; 0.060556464811783964; 
0; 1; 1; 0; 148; 159; 3.51171875; 0.057100999999999999; 1; 1; 0; 4.5388147805623316; 24; 254.88433753023682; 0; 0; 6.2164408383443854; 13; 103.15050529710062; 1; 0.70344300000000004; 0.071601354620222546; 
0; 1; 1; 0; 8; 10; 3.65234375; 0.042463000000000001; 1; 1; 0; 4.5273729039806625; 40; 571.22084178537159; 0; 0; 5.0669480528555289; 6; 8.4004395983825066; 1; 0.059913000000000001; 0.04878048780487805; 
0; 1; 1; 0; 24; 27; 3.71484375; 0.063658999999999993; 1; 1; 0; 4.08955030144429; 48; 700.16653400948258; 0; 0; 4.7558255446927635; 8; 43.079531152471951; 1; 0.13030800000000001; 0.075949367088607597; 
0; 1; 1; 0; 115; 126; 3.71484375; 0.051469000000000001; 1; 1; 0; 4.6664669373572183; 48; 1513.3899784744622; 0; 0; 6.345688699628977; 13; 77.912522125629977; 1; 0.57568799999999998; 0.065192743764172334; 
0; 1; 1; 0; 15; 25; 3.8671875; 0.043000999999999998; 1; 1; 0; 4.9067435882759707; 24; 66.286746844217319; 0; 0; 6.4680360537987713; 10; 21.39192116433135; 1; 0.082500000000000004; 0.052447552447552448; 
0; 1; 1; 0; 114; 125; 4.20703125; 0.079362000000000002; 1; 1; 0; 4.4134075967412443; 80; 38342.555278619599; 0; 0; 5.8997781877357811; 11; 120.06701496010639; 1; 0.489902; 0.084569732937685466; 
0; 1; 1; 0; 14; 22; 4.28515625; 0.043774; 1; 1; 0; 3.9525833420176522; 40; 1102.9492145078314; 0; 0; 5.2913804053276499; 7; 17.61433548839555; 1; 0.085907999999999998; 0.04878048780487805; 
0; 1; 1; 0; 79; 90; 4.30078125; 0.062828999999999996; 1; 1; 0; 4.9392025999746982; 48; 541.13491796261837; 0; 0; 7.3331549074773372; 14; 83.247207672623631; 1; 0.42616599999999999; 0.063200000000000006; 
0; 1; 1; 0; 59; 70; 4.33984375; 0.047993000000000001; 1; 1; 0; 4.4227939737551756; 28; 157.67519557848223; 0; 0; 5.2899272741071863; 12; 79.68225762012716; 1; 0.38601400000000002; 0.04297159504734159; 
0; 1; 1; 0; 42; 53; 4.42578125; 0.044790999999999997; 1; 1; 0; 4.5638264966205551; 40; 769.30611895376512; 0; 0; 5.2313348444229657; 8; 48.290259234859008; 1; 0.206481; 0.058988764044943819; 
0; 1; 1; 0; 9; 11; 4.4609375; 0.065091999999999997; 1; 1; 0; 4.3796264564175251; 40; 702.35278143790219; 0; 0; 6.5987073297536485; 9; 34.211745390414578; 1; 0.068779000000000007; 0.037815126050420166; 
0; 1; 1; 0; 72; 83; 4.5078125; 0.058715000000000003; 1; 1; 0; 5.1821061678901685; 36; 582.96593103661496; 0; 0; 6.4875691998147191; 12; 56.100803505287551; 1; 0.327768; 0.075630252100840331; 
0; 1; 1; 0; 11; 16; 4.5859375; 0.057216999999999997; 1; 1; 0; 4.0886809433824451; 40; 1086.2173721793752; 0; 0; 5.8307348345736187; 8; 22.912097945391402; 1; 0.062436999999999999; 0.051886792452830191; 
0; 1; 1; 0; 116; 127; 4.6171875; 0.04811; 1; 1; 0; 4.3083474876830898; 20; 43.740436533119293; 0; 0; 7.1596269167509545; 14; 147.43266505478809; 1; 0.53384299999999996; 0.077333333333333337; 
0; 1; 1; 0; 45; 56; 4.7265625; 0.071389999999999995; 1; 1; 0; 4.774304333742287; 56; 1419.3972376369636; 0; 0; 7.494165557251252; 14; 104.7379500496013; 1; 0.28761700000000001; 0.043689320388349516; 
0; 1; 1; 0; 66; 77; 4.828125; 0.054082999999999999; 1; 1; 0; 4.3060719559094736; 24; 133.89702037266846; 0; 0; 5.6023524474288067; 10; 139.99203083178554; 1; 0.34767900000000002; 0.060054595086442217; 
0; 1; 1; 0; 60; 71; 5.10546875; 0.057604000000000002; 1; 1; 0; 4.5335787222720469; 40; 156.07549215124428; 0; 0; 6.3814885294484895; 10; 32.838529464765159; 1; 0.25760699999999997; 0.069124423963133647; 
0; 1; 1; 0; 93; 104; 5.1640625; 0.040901; 1; 1; 0; 3.985343734844363; 40; 495.73496965110559; 0; 0; 7.4452117813514711; 13; 88.445373725438898; 1; 0.456847; 0.063481228668941986; 
0; 1; 1; 0; 97; 108; 5.1953125; 0.094909999999999994; 1; 1; 0; 5.5283356091104139; 56; 4864.0758186737921; 0; 0; 7.3899770227835777; 13; 116.96500604430328; 1; 0.44448799999999999; 0.075663026521060842; 
0; 1; 1; 0; 75; 86; 5.33984375; 0.063486000000000001; 1; 1; 0; 4.1067833428648814; 28; 120.60967676006635; 0; 0; 5.3466624467066586; 12; 104.97189361727064; 1; 0.33946799999999999; 0.075301204819277115; 
0; 1; 1; 0; 29; 40; 5.33984375; 0.036882999999999999; 1; 1; 0; 5.0065849929634005; 28; 204.50322540791902; 0; 0; 5.7910845548943657; 9; 21.350788874913952; 1; 0.15671599999999999; 0.063457330415754923; 
0; 1; 1; 0; 50; 61; 5.3515625; 0.062784999999999994; 1; 1; 0; 3.5247734498165935; 40; 235.32088007772001; 0; 0; 3.9118221080384035; 7; 17.939095816367548; 1; 0.25517499999999999; 0.069832402234636867; 
0; 1; 1; 0; 42; 53; 5.42578125; 0.065970000000000001; 1; 1; 0; 4.0100389251690514; 40; 539.01057932428114; 0; 0; 6.2002847219220456; 10; 33.09769965199844; 1; 0.25805899999999998; 0.050970873786407765; 
0; 1; 1; 0; 40; 51; 5.453125; 0.070392999999999997; 1; 1; 0; 4.7197682556456302; 48; 984.01077788589043; 0; 0; 6.4769694904181412; 12; 47.177731350717494; 1; 0.22323799999999999; 0.056737588652482268; 
0; 1; 1; 0; 73; 84; 5.5390625; 0.073663000000000006; 1; 1; 0; 5.1190321791949387; 48; 465.28653757710293; 0; 0; 9.2322765034545071; 14; 64.019186824729942; 1; 0.423259; 0.055011303692539565; 
0; 1; 1; 0; 28; 39; 5.640625; 0.068125000000000005; 1; 1; 0; 4.6034900806201282; 48; 589.84793783499754; 0; 0; 5.7018076208928097; 8; 10.995061760632241; 1; 0.15330199999999999; 0.062780269058295965; 
0; 1; 1; 0; 41; 52; 5.921875; 0.073751999999999998; 0; 0; 0; 5.2312250867105252; 72; 2803.2828932260077; 0; 0; 6.2907632087649636; 11; 48.845581705752849; 1; 0.20159299999999999; 0.066129032258064518; 
0; 1; 1; 0; 36; 47; 5.95703125; 0.071609999999999993; 1; 1; 0; 5.0882890070080267; 48; 1058.1926921455529; 0; 0; 8.2042401890961365; 13; 76.509273104783446; 1; 0.21739900000000001; 0.052098408104196817; 
0; 1; 1; 0; 52; 63; 5.97265625; 0.039718000000000003; 1; 1; 0; 3.6444719745903589; 24; 180.18192458004847; 0; 0; 4.9181923931488711; 9; 43.375968921762357; 1; 0.30336200000000002; 0.056644880174291937; 
0; 1; 1; 0; 27; 38; 6.02734375; 0.056089; 1; 1; 0; 4.2564687357673074; 48; 1423.4767839177753; 0; 0; 5.6242999649459122; 9; 57.526851475460653; 1; 0.15121100000000001; 0.055441478439425054; 
0; 1; 1; 0; 38; 46; 6.078125; 0.054724000000000002; 1; 1; 0; 3.7585517055360436; 40; 396.25047969057346; 0; 0; 4.1901804102706057; 7; 14.470999461855156; 1; 0.25168299999999999; 0.050131926121372031; 
0; 1; 1; 0; 51; 62; 6.12109375; 0.044478999999999998; 1; 1; 0; 5.6434926518846718; 28; 492.42212826531301; 0; 0; 8.850875381827997; 14; 77.196551759364155; 1; 0.24290700000000001; 0.074452554744525543; 
0; 1; 1; 0; 139; 150; 6.23046875; 0.074275999999999995; 1; 1; 0; 4.418783219900364; 48; 545.14590492065724; 0; 0; 7.1313654852556372; 16; 101.58190233298558; 1; 0.69186400000000003; 0.068439192516001973; 
0; 1; 1; 0; 71; 82; 6.37890625; 0.070818000000000006; 1; 1; 0; 6.2859931575839525; 36; 586.30577979546342; 0; 0; 9.8760634753658465; 14; 57.060092532388694; 1; 0.39906199999999997; 0.071356783919597988; 
0; 1; 1; 0; 20; 23; 6.390625; 0.070045999999999997; 1; 1; 0; 4.8050132114363544; 48; 1164.4843137403664; 0; 0; 6.3911967625150332; 10; 60.634047327865538; 1; 0.121296; 0.053050397877984087; 
0; 1; 1; 0; 54; 65; 6.421875; 0.068453; 1; 1; 0; 3.5645135764852602; 32; 380.17892726911089; 0; 0; 7.1338570422425427; 11; 83.978121775553319; 1; 0.27104299999999998; 0.06569343065693431; 
0; 1; 1; 0; 94; 105; 6.49609375; 0.037991999999999998; 1; 1; 0; 4.3307954653184684; 28; 188.3435205466304; 0; 0; 5.405042161299046; 12; 68.578599457482667; 1; 0.452735; 0.06010230179028133; 
0; 1; 1; 0; 70; 81; 6.57421875; 0.056713; 1; 1; 0; 4.890266219253645; 32; 271.58112954696344; 0; 0; 5.8441108122225485; 11; 44.098524942384167; 1; 0.37174099999999999; 0.056406124093473009; 
0; 1; 1; 0; 53; 64; 6.83203125; 0.065264000000000003; 1; 1; 0; 3.8737204666109148; 40; 356.04030292854867; 0; 0; 4.9226261913750582; 9; 56.560303750253027; 1; 0.239262; 0.069010416666666671; 
0; 1; 1; 0; 16; 20; 6.9375; 0.030637999999999999; 1; 1; 0; 3.9869254783033226; 32; 302.81565884112325; 0; 0; 5.4648124460288265; 8; 33.707405820819375; 1; 0.086465; 0.059701492537313432; 
0; 1; 1; 0; 68; 79; 6.94140625; 0.057581; 1; 1; 0; 5.1640776663024006; 28; 251.06032368674073; 0; 0; 6.0849926925506548; 10; 31.053552843150715; 1; 0.33557500000000001; 0.057921635434412269; 
0; 1; 1; 0; 56; 67; 7.00390625; 0.057056999999999997; 1; 1; 0; 3.9562088722925823; 40; 413.4197587588007; 0; 0; 7.0049957854700535; 14; 119.74832604720396; 1; 0.24940100000000001; 0.076398362892223737; 
0; 1; 1; 0; 24; 31; 7.03515625; 0.066331000000000001; 1; 1; 0; 4.5986525177136564; 56; 1962.8355810363503; 0; 0; 5.0091041306219619; 8; 32.338787282816348; 1; 0.14884; 0.047808764940239043; 
0; 1; 1; 0; 36; 47; 7.06640625; 0.060125999999999999; 1; 1; 0; 4.9325271922416229; 56; 1125.3836332181525; 0; 0; 5.7079657817435816; 10; 43.96193343769113; 1; 0.18884400000000001; 0.057324840764331211; 
0; 1; 1; 0; 69; 80; 7.09765625; 0.034953999999999999; 1; 1; 0; 3.8116857264932635; 32; 277.84528825713551; 0; 0; 8.2475339539443429; 14; 161.44313563511744; 1; 0.34076800000000002; 0.073560767590618331; 
0; 1; 1; 0; 32; 43; 7.2109375; 0.057065999999999999; 1; 1; 0; 4.3232330730393969; 40; 618.99678275489134; 0; 0; 6.7297436157586485; 10; 94.165667439986834; 1; 0.17458299999999999; 0.059369202226345084; 
0; 1; 1; 0; 46; 57; 7.2109375; 0.049267999999999999; 1; 1; 0; 4.5212058691510579; 24; 115.91076786145254; 0; 0; 7.2656697439499665; 12; 61.944469052394908; 1; 0.27054699999999998; 0.05054945054945055; 
0; 1; 1; 0; 142; 153; 7.30859375; 0.044334999999999999; 1; 1; 0; 5.1154448911475496; 28; 305.79571299095221; 0; 0; 8.0856877817020543; 15; 125.60380471432039; 1; 0.71169300000000002; 0.06269315673289183; 
0; 1; 1; 0; 30; 40; 7.3671875; 0.065781000000000006; 1; 1; 0; 4.1468503457910071; 40; 481.44310150453765; 0; 0; 7.2011754543934208; 10; 68.626468572527585; 1; 0.15983; 0.063025210084033612; 
0; 1; 1; 0; 130; 141; 7.7109375; 0.076590000000000005; 1; 1; 0; 5.1000362911364583; 48; 567.18108394930152; 0; 0; 10.085289476764515; 20; 266.31863062628383; 1; 0.66820199999999996; 0.063538611925708699; 
0; 1; 1; 0; 60; 71; 7.85546875; 0.052342; 1; 1; 0; 5.4268278317614644; 36; 763.20179463466798; 0; 0; 7.7695038743949123; 13; 86.500297010206239; 1; 0.29005599999999998; 0.064724919093851127; 
.
