Experiment pr2_right_arm_experiment1_right_arm[BKPIECEkConfigDefault]
Running on i7
Starting at 2012-03-06T11:12:25.643803
<<<|
Properties of the state space 'right_arm_PoseModel'
  - signature: 18 0 13 0 13 0 7 2 1 2 1 1 5 5 6 1 3 3 3 
  - dimension: 13
  - extent: 5.0349
  - sanity checks for state space passed
  - probability of valid states: 0.453
  - average length of a valid motion: 0.320732
Settings for the state space 'right_arm_PoseModel'
  - state validity check resolution: 5%
  - valid segment count factor: 1
  - state space:
Compound state space 'right_arm_PoseModel' of dimension 13 (locked) [
Compound state space 'CompoundSpace30' of dimension 13 (locked) [
Compound state space 'J(r_forearm_roll_joint,r_wrist_roll_joint,J(r_shoulder_pan_joint,r_shoulder_lift_joint,r_upper_arm_roll_joint,r_elbow_flex_joint,r_wrist_flex_joint))' of dimension 7 (locked) [
SO2 state space 'r_forearm_roll_joint'
 of weight 1
SO2 state space 'r_wrist_roll_joint'
 of weight 1
Real vector state space 'J(r_shoulder_pan_joint,r_shoulder_lift_joint,r_upper_arm_roll_joint,r_elbow_flex_joint,r_wrist_flex_joint)' of dimension 5 with bounds: 
  - min: -2.1354 -0.3536 -3.75 -2.1213 -2 
  - max: 0.564602 1.2963 0.65 -0.15 -0.1 
  and dimension names: 'r_shoulder_pan_joint' 'r_shoulder_lift_joint' 'r_upper_arm_roll_joint' 'r_elbow_flex_joint' 'r_wrist_flex_joint' 
 of weight 5
]
No registered projections
 of weight 0
Compound state space 'right_arm_Workspace' of dimension 6 (locked) [
Real vector state space 'RealVectorSpace32' of dimension 3 with bounds: 
  - min: -1 -1 -1 
  - max: 1 1 1 
 of weight 1
SO(3) state space 'SO3Space33' (represented using quaternions)
 of weight 0.5
]
Registered projections:
  - <default>
Projection of dimension 3
Cell sizes (computed defaults): [0.1 0.1 0.1]
 of weight 1
]
No registered projections
 of weight 1
]
Registered projections:
  - <default>
Projection of dimension 2
Cell sizes (computed defaults): [0.1 0.1]

Declared parameters:
longest_valid_segment_fraction = 0.050000000000000003
projection.cellsize.0 = 0.10000000000000001
projection.cellsize.1 = 0.10000000000000001
projection.cellsize_factor = 
valid_segment_count_factor = 1
Valid state sampler named uniform with parameters:
nr_attempts = 100
Planner BKPIECE1 specs:
Multithreaded:                 No
Reports approximate solutions: No
Can optimize solutions:        No
Aware of the following parameters: border_fraction failed_expansion_score_factor min_valid_path_fraction range
Declared parameters for planner BKPIECE1:
border_fraction = 0.90000000000000002
failed_expansion_score_factor = 0.5
min_valid_path_fraction = 0.5
range = 1.0069795883865302
Start states:
Compound state [
Compound state [
Compound state [
SO2State [2.35821]
SO2State [-2.27796]
RealVectorState [-1.21045 0.0389596 -0.814129 -1.09896 -1.99399]
]
Compound state [
RealVectorState [0.424848 -0.725876 0.174877]
SO3State [-0.000256962 0.000638181 0.928669 -0.370909]
]
]
]
Tag: -1
Flags: 24
Validity known: No
10 goal states, threshold = 2.22045e-16, memory address = 0x7f0098158920
Compound state [
Compound state [
Compound state [
SO2State [-0.89602]
SO2State [1.85526]
RealVectorState [-0.308264 0.611854 -0.677909 -1.03726 -1.7]
]
Compound state [
RealVectorState [0.705037 -0.230579 -0.147307]
SO3State [0.0354067 -0.0157789 0.843686 0.535436]
]
]
]
Tag: -1
Flags: 29
Validity known: Yes
Validity value: True

Compound state [
Compound state [
Compound state [
SO2State [-0.89602]
SO2State [1.85526]
RealVectorState [-0.308264 0.611854 -0.677909 -1.03726 -1.7]
]
Compound state [
RealVectorState [0.705037 -0.230579 -0.147307]
SO3State [0.0354067 -0.0157789 0.843686 0.535436]
]
]
]
Tag: -1
Flags: 29
Validity known: Yes
Validity value: True

Compound state [
Compound state [
Compound state [
SO2State [-0.89602]
SO2State [1.85526]
RealVectorState [-0.308264 0.611854 -0.677909 -1.03726 -1.7]
]
Compound state [
RealVectorState [0.705037 -0.230579 -0.147307]
SO3State [0.0354067 -0.0157789 0.843686 0.535436]
]
]
]
Tag: -1
Flags: 29
Validity known: Yes
Validity value: True

Compound state [
Compound state [
Compound state [
SO2State [-0.89602]
SO2State [1.85526]
RealVectorState [-0.308264 0.611854 -0.677909 -1.03726 -1.7]
]
Compound state [
RealVectorState [0.705037 -0.230579 -0.147307]
SO3State [0.0354067 -0.0157789 0.843686 0.535436]
]
]
]
Tag: -1
Flags: 29
Validity known: Yes
Validity value: True

Compound state [
Compound state [
Compound state [
SO2State [-0.89602]
SO2State [1.85526]
RealVectorState [-0.308264 0.611854 -0.677909 -1.03726 -1.7]
]
Compound state [
RealVectorState [0.705037 -0.230579 -0.147307]
SO3State [0.0354067 -0.0157789 0.843686 0.535436]
]
]
]
Tag: -1
Flags: 29
Validity known: Yes
Validity value: True

Compound state [
Compound state [
Compound state [
SO2State [-0.89602]
SO2State [1.85526]
RealVectorState [-0.308264 0.611854 -0.677909 -1.03726 -1.7]
]
Compound state [
RealVectorState [0.705037 -0.230579 -0.147307]
SO3State [0.0354067 -0.0157789 0.843686 0.535436]
]
]
]
Tag: -1
Flags: 29
Validity known: Yes
Validity value: True

Compound state [
Compound state [
Compound state [
SO2State [-0.89602]
SO2State [1.85526]
RealVectorState [-0.308264 0.611854 -0.677909 -1.03726 -1.7]
]
Compound state [
RealVectorState [0.705037 -0.230579 -0.147307]
SO3State [0.0354067 -0.0157789 0.843686 0.535436]
]
]
]
Tag: -1
Flags: 29
Validity known: Yes
Validity value: True

Compound state [
Compound state [
Compound state [
SO2State [-0.89602]
SO2State [1.85526]
RealVectorState [-0.308264 0.611854 -0.677909 -1.03726 -1.7]
]
Compound state [
RealVectorState [0.705037 -0.230579 -0.147307]
SO3State [0.0354067 -0.0157789 0.843686 0.535436]
]
]
]
Tag: -1
Flags: 29
Validity known: Yes
Validity value: True

Compound state [
Compound state [
Compound state [
SO2State [-0.89602]
SO2State [1.85526]
RealVectorState [-0.308264 0.611854 -0.677909 -1.03726 -1.7]
]
Compound state [
RealVectorState [0.705037 -0.230579 -0.147307]
SO3State [0.0354067 -0.0157789 0.843686 0.535436]
]
]
]
Tag: -1
Flags: 29
Validity known: Yes
Validity value: True

Compound state [
Compound state [
Compound state [
SO2State [-0.89602]
SO2State [1.85526]
RealVectorState [-0.308264 0.611854 -0.677909 -1.03726 -1.7]
]
Compound state [
RealVectorState [0.705037 -0.230579 -0.147307]
SO3State [0.0354067 -0.0157789 0.843686 0.535436]
]
]
]
Tag: -1
Flags: 29
Validity known: Yes
Validity value: True


Properties of benchmarked planners:
Planner BKPIECE1 specs:
Multithreaded:                 No
Reports approximate solutions: No
Can optimize solutions:        No
Aware of the following parameters: border_fraction failed_expansion_score_factor min_valid_path_fraction range
|>>>
4054070382 is the random seed
15 seconds per run
4096 MB per run
50 runs per planner
61.2956 seconds spent to collect the data
1 planners
geometric_BKPIECE1
9 common properties
border_fraction = 0.90000000000000002
failed_expansion_score_factor = 0.5
longest_valid_segment_fraction = 0.050000000000000003
min_valid_path_fraction = 0.5
projection.cellsize.0 = 0.10000000000000001
projection.cellsize.1 = 0.10000000000000001
projection.cellsize_factor = 
range = 1.0069795883865302
valid_segment_count_factor = 1
22 properties for each run
approximate solution BOOLEAN
correct solution BOOLEAN
correct solution strict BOOLEAN
crashed BOOLEAN
graph motions INTEGER
graph states INTEGER
memory REAL
simplification time REAL
simplified correct solution BOOLEAN
simplified correct solution strict BOOLEAN
simplified solution clearance REAL
simplified solution length REAL
simplified solution segments INTEGER
simplified solution smoothness REAL
solution clearance REAL
solution difference REAL
solution length REAL
solution segments INTEGER
solution smoothness REAL
solved BOOLEAN
time REAL
valid segment fraction REAL
50 runs
0; 1; 1; 0; 346; 357; 0; 0.092901999999999998; 1; 1; 0; 3.7218386183938383; 48; 4239.3841592638219; 0; 0; 11.24833842100427; 33; 3548.5350716757498; 1; 1.4769289999999999; 0.72008547008547008; 
0; 1; 1; 0; 69; 80; 0.03515625; 0.086493; 1; 1; 0; 5.0143892907773697; 56; 2581.0247936110359; 0; 0; 8.9886209739914573; 23; 1193.1713499880516; 1; 0.31342900000000001; 0.73118279569892475; 
0; 1; 1; 0; 102; 113; 0.03515625; 0.090899999999999995; 1; 1; 0; 4.1035312024972797; 24; 209.05836986082463; 0; 0; 10.145310408460672; 24; 591.02702253438508; 1; 0.37920599999999999; 0.69285714285714284; 
0; 1; 1; 0; 181; 192; 0.03515625; 0.10205500000000001; 1; 1; 0; 4.3021351768300242; 48; 792.91414169371956; 0; 0; 10.830432104649974; 31; 1461.417352164473; 1; 0.72289899999999996; 0.66666666666666663; 
0; 1; 1; 0; 115; 126; 0.03515625; 0.087261000000000005; 1; 1; 0; 4.0612142803571611; 48; 1693.0142631968004; 0; 0; 15.043536633957505; 41; 2272.7958807548493; 1; 0.39890100000000001; 0.78873239436619713; 
0; 1; 1; 0; 64; 75; 0.03515625; 0.076062000000000005; 1; 1; 0; 3.6054191162749083; 48; 958.88733847980404; 0; 0; 11.865473790618131; 24; 832.91588691775075; 1; 0.24501999999999999; 0.77380952380952384; 
0; 1; 1; 0; 96; 107; 0.03515625; 0.082869999999999999; 1; 1; 0; 3.7930260430259484; 32; 91.640627859727942; 0; 0; 18.630778948392294; 34; 592.40644463335445; 1; 0.386909; 0.76800000000000002; 
0; 1; 1; 0; 429; 440; 0.03515625; 0.105183; 1; 1; 0; 4.2785678721942064; 48; 1288.1761290421371; 0; 0; 13.550064573680414; 38; 2383.7634236164786; 1; 1.7952140000000001; 0.72695652173913039; 
0; 1; 1; 0; 141; 152; 0.03515625; 0.086109000000000005; 1; 1; 0; 3.965742966475843; 40; 1438.7442421066255; 0; 0; 15.152445472267704; 34; 867.12630076236201; 1; 0.54249400000000003; 0.77348066298342544; 
0; 1; 1; 0; 27; 38; 0.03515625; 0.074206999999999995; 1; 1; 0; 4.4055961643818184; 48; 2941.8460170037101; 0; 0; 8.5518986106185348; 15; 226.92564717515035; 1; 0.107155; 0.77142857142857146; 
0; 1; 1; 0; 446; 457; 0.03515625; 0.091791999999999999; 1; 1; 0; 4.2877152575892383; 40; 1322.2204164309226; 0; 0; 20.725334289666179; 49; 2004.7634095581661; 1; 1.8819969999999999; 0.75043029259896732; 
0; 1; 1; 0; 662; 673; 0.03515625; 0.089199000000000001; 1; 1; 0; 5.4294759065654468; 24; 423.8359538647789; 0; 0; 20.762719588498182; 47; 1581.9039529883787; 1; 2.6250619999999998; 0.77511961722488043; 
0; 1; 1; 0; 144; 155; 0.03515625; 0.101225; 1; 1; 0; 5.7348101290846563; 56; 2620.7698950383701; 0; 0; 14.912697675772003; 33; 1621.030571607371; 1; 0.53867500000000001; 0.77653631284916202; 
0; 1; 1; 0; 301; 312; 0.03515625; 0.071012000000000006; 1; 1; 0; 3.8553950524651617; 24; 72.536468176563091; 0; 0; 14.565069015083624; 36; 1074.5220817638938; 1; 1.206348; 0.71531100478468901; 
0; 1; 1; 0; 149; 160; 0.03515625; 0.075634000000000007; 1; 1; 0; 6.055943613814164; 36; 1203.9004359612973; 0; 0; 19.178074396611983; 39; 677.55390938895118; 1; 0.63944500000000004; 0.76439790575916233; 
0; 1; 1; 0; 105; 116; 0.03515625; 0.076193999999999998; 1; 1; 0; 4.0071991235105484; 40; 2181.4415152390829; 0; 0; 10.801399566357057; 30; 1996.6020088155642; 1; 0.43267499999999998; 0.69798657718120805; 
0; 1; 1; 0; 266; 277; 0.03515625; 0.065512000000000001; 1; 1; 0; 4.3250973078677122; 48; 2143.7569632512514; 0; 0; 8.891015943168556; 20; 546.3412637074988; 1; 1.0098389999999999; 0.71117166212534055; 
0; 1; 1; 0; 86; 97; 0.03515625; 0.10775899999999999; 1; 1; 0; 3.9907134217467277; 80; 4234.5026003947132; 0; 0; 14.298510898083512; 36; 5746.2701097832996; 1; 0.39300499999999999; 0.7142857142857143; 
0; 1; 1; 0; 382; 393; 0.03515625; 0.07374; 1; 1; 0; 3.8323667679154378; 48; 3697.2525133972354; 0; 0; 11.368138781344111; 27; 803.06395150053015; 1; 1.421543; 0.77593360995850624; 
0; 1; 1; 0; 341; 352; 0.03515625; 0.10113999999999999; 1; 1; 0; 4.6281230381454019; 56; 1647.001160068532; 0; 0; 17.85587787637985; 35; 926.23744390242507; 1; 1.346911; 0.7488789237668162; 
0; 1; 1; 0; 221; 232; 0.03515625; 0.111597; 1; 1; 0; 5.9134373641282272; 36; 752.16737601537341; 0; 0; 21.036567303785176; 47; 3127.7157421690263; 1; 0.87805900000000003; 0.78260869565217395; 
0; 1; 1; 0; 177; 188; 0.03515625; 0.068158999999999997; 1; 1; 0; 3.8009652938802305; 32; 555.46519530316766; 0; 0; 10.533823338718376; 28; 5942.0619505335617; 1; 0.76495299999999999; 0.69076305220883538; 
0; 1; 1; 0; 236; 247; 0.03515625; 0.071412000000000003; 1; 1; 0; 4.423880336227108; 40; 1536.6920643884575; 0; 0; 13.998592547243424; 32; 668.46055049331267; 1; 1.01939; 0.74193548387096775; 
0; 1; 1; 0; 180; 191; 0.03515625; 0.086691000000000004; 1; 1; 0; 3.5447238274082431; 32; 19.934284682293562; 0; 0; 16.935757828888018; 33; 897.68471074620174; 1; 0.68989299999999998; 0.74891774891774887; 
0; 1; 1; 0; 226; 237; 0.03515625; 0.082283999999999996; 1; 1; 0; 3.6952931732782308; 32; 462.27651344133392; 0; 0; 13.197386400360518; 28; 794.45260790537372; 1; 0.94001000000000001; 0.81159420289855078; 
0; 1; 1; 0; 103; 114; 0.03515625; 0.111568; 1; 1; 0; 5.3584030605098762; 48; 2608.0269372888893; 0; 0; 15.130776942102278; 31; 3567.7946817095903; 1; 0.43146099999999998; 0.74100719424460426; 
0; 1; 1; 0; 45; 56; 0.03515625; 0.064415; 1; 1; 0; 4.1184920691032509; 24; 509.69584487538123; 0; 0; 8.3277348902068482; 18; 486.46141579945902; 1; 0.19949700000000001; 0.74576271186440679; 
0; 1; 1; 0; 162; 173; 0.03515625; 0.072079000000000004; 1; 1; 0; 3.7279486783329787; 40; 420.34831830752597; 0; 0; 16.555135386386596; 41; 1202.915907810843; 1; 0.61707400000000001; 0.68695652173913047; 
0; 1; 1; 0; 70; 81; 0.03515625; 0.076855000000000007; 1; 1; 0; 3.8436578849531693; 40; 805.92316103886435; 0; 0; 12.453543168961321; 31; 2007.6175114894404; 1; 0.25887100000000002; 0.83529411764705885; 
0; 1; 1; 0; 275; 286; 0.03515625; 0.089881000000000003; 1; 1; 0; 4.1801822026606219; 40; 394.87031761623467; 0; 0; 12.630074658971584; 31; 1120.7468647188857; 1; 1.1530899999999999; 0.75698324022346364; 
0; 1; 1; 0; 198; 209; 0.03515625; 0.093894000000000005; 1; 1; 0; 4.8437257627387345; 40; 1137.4342519292104; 0; 0; 11.660377116284909; 32; 1987.2154886688422; 1; 0.85955000000000004; 0.72659176029962547; 
0; 1; 1; 0; 272; 283; 0.03515625; 0.105071; 1; 1; 0; 3.9461251726845048; 64; 4837.40440822455; 0; 0; 23.677235654765184; 52; 3070.9959078063607; 1; 1.087432; 0.73497267759562845; 
0; 1; 1; 0; 178; 189; 0.03515625; 0.070341000000000001; 1; 1; 0; 3.791596326610954; 32; 158.25118777108426; 0; 0; 19.194049078035306; 48; 3126.2794782133383; 1; 0.68147800000000003; 0.74786324786324787; 
0; 1; 1; 0; 125; 136; 0.03515625; 0.095694000000000001; 1; 1; 0; 4.2655537173629101; 40; 4264.6069984055075; 0; 0; 19.160627080511819; 44; 2187.7351071946941; 1; 0.54108800000000001; 0.70857142857142852; 
0; 1; 1; 0; 481; 492; 0.03515625; 0.11187800000000001; 1; 1; 0; 3.3774065940666556; 40; 941.56938865084078; 0; 0; 20.682912594807458; 42; 1048.8343615747965; 1; 1.774367; 0.78929765886287628; 
0; 1; 1; 0; 296; 307; 0.03515625; 0.074426000000000006; 1; 1; 0; 4.1661714631718683; 48; 615.00159217199166; 0; 0; 12.807451091770389; 27; 624.7181396545717; 1; 1.184137; 0.77127659574468088; 
0; 1; 1; 0; 247; 258; 0.03515625; 0.088992000000000002; 1; 1; 0; 4.6848597119386683; 48; 1376.733627525676; 0; 0; 13.393484096393674; 29; 10042.231807423399; 1; 0.88009300000000001; 0.74922600619195046; 
0; 1; 1; 0; 602; 613; 0.0546875; 0.086350999999999997; 1; 1; 0; 4.107876725585097; 48; 2465.3371352176709; 0; 0; 14.540078296401806; 39; 3465.8143900064738; 1; 2.4131680000000002; 0.7465321563682219; 
0; 1; 1; 0; 235; 246; 0.0546875; 0.076366000000000003; 1; 1; 0; 4.2719296605157364; 40; 2340.3391165260809; 0; 0; 12.958052105941695; 30; 1136.098583026708; 1; 0.93545500000000004; 0.71924290220820186; 
0; 1; 1; 0; 88; 99; 0.0546875; 0.079412999999999997; 1; 1; 0; 3.6470755170306486; 32; 32.966964869036516; 0; 0; 14.931217254780599; 27; 490.93334825782085; 1; 0.33182400000000001; 0.81481481481481477; 
0; 1; 1; 0; 491; 502; 0.0546875; 0.16705100000000001; 1; 1; 0; 6.2233931890135379; 64; 2419.4828936798913; 0; 0; 20.568448325246699; 56; 3097.7105809948653; 1; 1.8736729999999999; 0.74375000000000002; 
0; 1; 1; 0; 290; 301; 0.0546875; 0.11365; 1; 1; 0; 3.8488941579547431; 40; 285.72073081727871; 0; 0; 19.601736911672145; 48; 2442.0971199864853; 1; 1.106679; 0.78236914600550966; 
0; 1; 1; 0; 113; 124; 0.0546875; 0.091094999999999995; 1; 1; 0; 4.1335369629383054; 40; 1141.5789865666191; 0; 0; 16.8768140568741; 38; 1279.5623000165365; 1; 0.49826199999999998; 0.63428571428571423; 
0; 1; 1; 0; 42; 53; 0.0546875; 0.075844999999999996; 1; 1; 0; 4.2269389926399628; 40; 496.64711759832522; 0; 0; 10.238258180777386; 21; 589.16694788285167; 1; 0.16610900000000001; 0.85999999999999999; 
0; 1; 1; 0; 226; 237; 0.0546875; 0.071591000000000002; 1; 1; 0; 4.3041675907469372; 40; 1653.5225412877289; 0; 0; 10.112065609439785; 25; 1524.5089154279444; 1; 0.983205; 0.734006734006734; 
0; 1; 1; 0; 89; 100; 0.0546875; 0.131774; 0; 0; 0; 3.0081263360351524; 40; 3919.4677427279271; 0; 0; 13.167815742199274; 29; 534.94290104572997; 1; 0.331096; 0.74789915966386555; 
0; 1; 1; 0; 893; 904; 0.0546875; 0.11766699999999999; 1; 1; 0; 6.5967584237507193; 36; 1886.9133440059641; 0; 0; 15.608129044175193; 35; 985.44475349171444; 1; 3.7008580000000002; 0.74828178694158076; 
0; 1; 1; 0; 473; 484; 0.0546875; 0.10661900000000001; 1; 1; 0; 5.0659939520239652; 48; 2222.6313445982382; 0; 0; 22.122887938595358; 50; 1655.723463033946; 1; 1.804071; 0.7744610281923715; 
0; 1; 1; 0; 204; 215; 0.0546875; 0.077223; 1; 1; 0; 3.7554696432952217; 48; 512.55379446613551; 0; 0; 10.598186341921307; 25; 2524.0538676185838; 1; 0.857097; 0.75187969924812026; 
0; 1; 1; 0; 74; 85; 0.0546875; 0.072400000000000006; 1; 1; 0; 4.3074807870397862; 32; 717.14275311003644; 0; 0; 7.3693722955948804; 18; 326.07575661264468; 1; 0.30486200000000002; 0.80434782608695654; 
.
