Experiment pr2_arms_experiment3_arms[LBKPIECEkConfigDefault]
Running on i7
Starting at 2012-03-07T19:34:01.121335
<<<|
Properties of the state space 'arms_PoseModel'
  - signature: 34 0 26 0 13 0 7 2 1 2 1 1 5 5 6 1 3 3 3 0 13 0 7 2 1 2 1 1 5 5 6 1 3 3 3 
  - dimension: 26
  - extent: 10.0698
  - sanity checks for state space passed
  - probability of valid states: 0.082
  - average length of a valid motion: 0.0188914
Settings for the state space 'arms_PoseModel'
  - state validity check resolution: 5%
  - valid segment count factor: 1
  - state space:
Compound state space 'arms_PoseModel' of dimension 26 (locked) [
Compound state space 'CompoundSpace50' of dimension 13 (locked) [
Compound state space 'J(l_forearm_roll_joint,l_wrist_roll_joint,J(l_shoulder_pan_joint,l_shoulder_lift_joint,l_upper_arm_roll_joint,l_elbow_flex_joint,l_wrist_flex_joint))' of dimension 7 (locked) [
SO2 state space 'l_forearm_roll_joint'
 of weight 1
SO2 state space 'l_wrist_roll_joint'
 of weight 1
Real vector state space 'J(l_shoulder_pan_joint,l_shoulder_lift_joint,l_upper_arm_roll_joint,l_elbow_flex_joint,l_wrist_flex_joint)' of dimension 5 with bounds: 
  - min: -0.564602 -0.3536 -0.65 -2.1213 -2 
  - max: 2.1354 1.2963 3.75 -0.15 -0.1 
  and dimension names: 'l_shoulder_pan_joint' 'l_shoulder_lift_joint' 'l_upper_arm_roll_joint' 'l_elbow_flex_joint' 'l_wrist_flex_joint' 
 of weight 5
]
No registered projections
 of weight 0
Compound state space 'left_arm_Workspace' of dimension 6 (locked) [
Real vector state space 'RealVectorSpace52' of dimension 3 with bounds: 
  - min: -1 -1 -1 
  - max: 1 1 1 
 of weight 1
SO(3) state space 'SO3Space53' (represented using quaternions)
 of weight 0.5
]
Registered projections:
  - <default>
Projection of dimension 3
Cell sizes (computed defaults): [0.1 0.1 0.1]
 of weight 1
]
No registered projections
 of weight 1
Compound state space 'CompoundSpace60' of dimension 13 (locked) [
Compound state space 'J(r_forearm_roll_joint,r_wrist_roll_joint,J(r_shoulder_pan_joint,r_shoulder_lift_joint,r_upper_arm_roll_joint,r_elbow_flex_joint,r_wrist_flex_joint))' of dimension 7 (locked) [
SO2 state space 'r_forearm_roll_joint'
 of weight 1
SO2 state space 'r_wrist_roll_joint'
 of weight 1
Real vector state space 'J(r_shoulder_pan_joint,r_shoulder_lift_joint,r_upper_arm_roll_joint,r_elbow_flex_joint,r_wrist_flex_joint)' of dimension 5 with bounds: 
  - min: -2.1354 -0.3536 -3.75 -2.1213 -2 
  - max: 0.564602 1.2963 0.65 -0.15 -0.1 
  and dimension names: 'r_shoulder_pan_joint' 'r_shoulder_lift_joint' 'r_upper_arm_roll_joint' 'r_elbow_flex_joint' 'r_wrist_flex_joint' 
 of weight 5
]
No registered projections
 of weight 0
Compound state space 'right_arm_Workspace' of dimension 6 (locked) [
Real vector state space 'RealVectorSpace62' of dimension 3 with bounds: 
  - min: -1 -1 -1 
  - max: 1 1 1 
 of weight 1
SO(3) state space 'SO3Space63' (represented using quaternions)
 of weight 0.5
]
Registered projections:
  - <default>
Projection of dimension 3
Cell sizes (computed defaults): [0.1 0.1 0.1]
 of weight 1
]
No registered projections
 of weight 1
]
Registered projections:
  - <default>
Projection of dimension 2
Cell sizes (computed defaults): [0.1 0.1]

Declared parameters:
longest_valid_segment_fraction = 0.050000000000000003
projection.cellsize.0 = 0.10000000000000001
projection.cellsize.1 = 0.10000000000000001
projection.cellsize_factor = 
valid_segment_count_factor = 1
Valid state sampler named uniform with parameters:
nr_attempts = 100
Planner LBKPIECE1 specs:
Multithreaded:                 No
Reports approximate solutions: No
Can optimize solutions:        No
Aware of the following parameters: border_fraction min_valid_path_fraction range
Declared parameters for planner LBKPIECE1:
border_fraction = 0.90000000000000002
min_valid_path_fraction = 0.5
range = 2.0139591767730605
Start states:
Compound state [
Compound state [
Compound state [
SO2State [0.898135]
SO2State [0.0402895]
RealVectorState [2.13008 0.893423 1.49479 -1.44857 -1.55074]
]
Compound state [
RealVectorState [0.0601908 0.690593 -0.327022]
SO3State [0.64157 -0.290995 -0.295914 0.645094]
]
]
Compound state [
Compound state [
SO2State [1.26707]
SO2State [-1.12132]
RealVectorState [0.495095 0.0952849 -2.93666 -1.06755 -1.48356]
]
Compound state [
RealVectorState [0.52373 0.159823 -0.326855]
SO3State [-0.292312 -0.641739 0.645547 0.293247]
]
]
]
Tag: -1
Flags: 24
Validity known: No
10 goal states, threshold = 2.22045e-16, memory address = 0x7ff045bf5dc0
Compound state [
Compound state [
Compound state [
SO2State [-1.07001]
SO2State [0.426203]
RealVectorState [-0.056477 0.206485 2.70591 -0.238801 -1.6267]
]
Compound state [
RealVectorState [0.779599 0.111828 -0.213326]
SO3State [-0.441687 0.553865 0.554184 -0.437065]
]
]
Compound state [
Compound state [
SO2State [-0.0152482]
SO2State [-0.321267]
RealVectorState [-0.872557 0.27542 -1.75356 -0.789074 -1.39915]
]
Compound state [
RealVectorState [0.616001 -0.573493 -0.210125]
SO3State [-0.551963 -0.439119 0.44099 0.555013]
]
]
]
Tag: -1
Flags: 29
Validity known: Yes
Validity value: True

Compound state [
Compound state [
Compound state [
SO2State [-1.07001]
SO2State [0.426203]
RealVectorState [-0.056477 0.206485 2.70591 -0.238801 -1.6267]
]
Compound state [
RealVectorState [0.779599 0.111828 -0.213326]
SO3State [-0.441687 0.553865 0.554184 -0.437065]
]
]
Compound state [
Compound state [
SO2State [-0.0152482]
SO2State [-0.321267]
RealVectorState [-0.872557 0.27542 -1.75356 -0.789074 -1.39915]
]
Compound state [
RealVectorState [0.616001 -0.573493 -0.210125]
SO3State [-0.551963 -0.439119 0.44099 0.555013]
]
]
]
Tag: -1
Flags: 29
Validity known: Yes
Validity value: True

Compound state [
Compound state [
Compound state [
SO2State [-1.07001]
SO2State [0.426203]
RealVectorState [-0.056477 0.206485 2.70591 -0.238801 -1.6267]
]
Compound state [
RealVectorState [0.779599 0.111828 -0.213326]
SO3State [-0.441687 0.553865 0.554184 -0.437065]
]
]
Compound state [
Compound state [
SO2State [-0.0152482]
SO2State [-0.321267]
RealVectorState [-0.872557 0.27542 -1.75356 -0.789074 -1.39915]
]
Compound state [
RealVectorState [0.616001 -0.573493 -0.210125]
SO3State [-0.551963 -0.439119 0.44099 0.555013]
]
]
]
Tag: -1
Flags: 29
Validity known: Yes
Validity value: True

Compound state [
Compound state [
Compound state [
SO2State [-1.07001]
SO2State [0.426203]
RealVectorState [-0.056477 0.206485 2.70591 -0.238801 -1.6267]
]
Compound state [
RealVectorState [0.779599 0.111828 -0.213326]
SO3State [-0.441687 0.553865 0.554184 -0.437065]
]
]
Compound state [
Compound state [
SO2State [-0.0152482]
SO2State [-0.321267]
RealVectorState [-0.872557 0.27542 -1.75356 -0.789074 -1.39915]
]
Compound state [
RealVectorState [0.616001 -0.573493 -0.210125]
SO3State [-0.551963 -0.439119 0.44099 0.555013]
]
]
]
Tag: -1
Flags: 29
Validity known: Yes
Validity value: True

Compound state [
Compound state [
Compound state [
SO2State [-1.07001]
SO2State [0.426203]
RealVectorState [-0.056477 0.206485 2.70591 -0.238801 -1.6267]
]
Compound state [
RealVectorState [0.779599 0.111828 -0.213326]
SO3State [-0.441687 0.553865 0.554184 -0.437065]
]
]
Compound state [
Compound state [
SO2State [-0.0152482]
SO2State [-0.321267]
RealVectorState [-0.872557 0.27542 -1.75356 -0.789074 -1.39915]
]
Compound state [
RealVectorState [0.616001 -0.573493 -0.210125]
SO3State [-0.551963 -0.439119 0.44099 0.555013]
]
]
]
Tag: -1
Flags: 29
Validity known: Yes
Validity value: True

Compound state [
Compound state [
Compound state [
SO2State [-1.07001]
SO2State [0.426203]
RealVectorState [-0.056477 0.206485 2.70591 -0.238801 -1.6267]
]
Compound state [
RealVectorState [0.779599 0.111828 -0.213326]
SO3State [-0.441687 0.553865 0.554184 -0.437065]
]
]
Compound state [
Compound state [
SO2State [-0.0152482]
SO2State [-0.321267]
RealVectorState [-0.872557 0.27542 -1.75356 -0.789074 -1.39915]
]
Compound state [
RealVectorState [0.616001 -0.573493 -0.210125]
SO3State [-0.551963 -0.439119 0.44099 0.555013]
]
]
]
Tag: -1
Flags: 29
Validity known: Yes
Validity value: True

Compound state [
Compound state [
Compound state [
SO2State [-1.07001]
SO2State [0.426203]
RealVectorState [-0.056477 0.206485 2.70591 -0.238801 -1.6267]
]
Compound state [
RealVectorState [0.779599 0.111828 -0.213326]
SO3State [-0.441687 0.553865 0.554184 -0.437065]
]
]
Compound state [
Compound state [
SO2State [-0.0152482]
SO2State [-0.321267]
RealVectorState [-0.872557 0.27542 -1.75356 -0.789074 -1.39915]
]
Compound state [
RealVectorState [0.616001 -0.573493 -0.210125]
SO3State [-0.551963 -0.439119 0.44099 0.555013]
]
]
]
Tag: -1
Flags: 29
Validity known: Yes
Validity value: True

Compound state [
Compound state [
Compound state [
SO2State [-1.07001]
SO2State [0.426203]
RealVectorState [-0.056477 0.206485 2.70591 -0.238801 -1.6267]
]
Compound state [
RealVectorState [0.779599 0.111828 -0.213326]
SO3State [-0.441687 0.553865 0.554184 -0.437065]
]
]
Compound state [
Compound state [
SO2State [-0.0152482]
SO2State [-0.321267]
RealVectorState [-0.872557 0.27542 -1.75356 -0.789074 -1.39915]
]
Compound state [
RealVectorState [0.616001 -0.573493 -0.210125]
SO3State [-0.551963 -0.439119 0.44099 0.555013]
]
]
]
Tag: -1
Flags: 29
Validity known: Yes
Validity value: True

Compound state [
Compound state [
Compound state [
SO2State [-1.07001]
SO2State [0.426203]
RealVectorState [-0.056477 0.206485 2.70591 -0.238801 -1.6267]
]
Compound state [
RealVectorState [0.779599 0.111828 -0.213326]
SO3State [-0.441687 0.553865 0.554184 -0.437065]
]
]
Compound state [
Compound state [
SO2State [-0.0152482]
SO2State [-0.321267]
RealVectorState [-0.872557 0.27542 -1.75356 -0.789074 -1.39915]
]
Compound state [
RealVectorState [0.616001 -0.573493 -0.210125]
SO3State [-0.551963 -0.439119 0.44099 0.555013]
]
]
]
Tag: -1
Flags: 29
Validity known: Yes
Validity value: True

Compound state [
Compound state [
Compound state [
SO2State [-1.07001]
SO2State [0.426203]
RealVectorState [-0.056477 0.206485 2.70591 -0.238801 -1.6267]
]
Compound state [
RealVectorState [0.779599 0.111828 -0.213326]
SO3State [-0.441687 0.553865 0.554184 -0.437065]
]
]
Compound state [
Compound state [
SO2State [-0.0152482]
SO2State [-0.321267]
RealVectorState [-0.872557 0.27542 -1.75356 -0.789074 -1.39915]
]
Compound state [
RealVectorState [0.616001 -0.573493 -0.210125]
SO3State [-0.551963 -0.439119 0.44099 0.555013]
]
]
]
Tag: -1
Flags: 29
Validity known: Yes
Validity value: True


Properties of benchmarked planners:
Planner LBKPIECE1 specs:
Multithreaded:                 No
Reports approximate solutions: No
Can optimize solutions:        No
Aware of the following parameters: border_fraction min_valid_path_fraction range
|>>>
78702746 is the random seed
15 seconds per run
4096 MB per run
50 runs per planner
832.288 seconds spent to collect the data
1 planners
geometric_LBKPIECE1
8 common properties
border_fraction = 0.90000000000000002
longest_valid_segment_fraction = 0.050000000000000003
min_valid_path_fraction = 0.5
projection.cellsize.0 = 0.10000000000000001
projection.cellsize.1 = 0.10000000000000001
projection.cellsize_factor = 
range = 2.0139591767730605
valid_segment_count_factor = 1
7 properties for each run
crashed BOOLEAN
graph motions INTEGER
graph states INTEGER
memory REAL
solved BOOLEAN
time REAL
valid segment fraction REAL
50 runs
0; 531; 542; 0; 0; 15.025236; 0.0067567567567567571; 
0; 37; 48; 0.03125; 0; 15.015969; 0.03896103896103896; 
0; 84; 95; 0.0390625; 0; 15.029273; 0.022727272727272728; 
0; 17; 28; 0.0390625; 0; 15.021032; 0.020408163265306121; 
0; 59; 70; 0.0390625; 0; 15.021008; 0.033333333333333333; 
0; 196; 207; 0.0390625; 0; 15.030607; 0; 
0; 71; 82; 0.0390625; 0; 15.017528; 0.0095238095238095247; 
0; 43; 54; 0.0390625; 0; 15.022088; 0.008130081300813009; 
0; 180; 191; 0.0390625; 0; 15.018169; 0.012658227848101266; 
0; 199; 210; 0.0390625; 0; 15.029363; 0.015625; 
0; 23; 34; 0.0390625; 0; 15.020446; 0; 
0; 157; 168; 0.0390625; 0; 15.028879999999999; 0; 
0; 78; 89; 0.0390625; 0; 15.017829000000001; 0; 
0; 150; 161; 0.0390625; 0; 15.021896999999999; 0; 
0; 396; 407; 0.0390625; 0; 15.024136; 0; 
0; 42; 53; 0.0390625; 0; 15.023002; 0.031746031746031744; 
0; 34; 45; 0.0390625; 0; 15.027018; 0.015384615384615385; 
0; 22; 33; 0.0390625; 0; 15.016845999999999; 0.0090090090090090089; 
0; 123; 134; 0.0390625; 0; 15.029557; 0.016129032258064516; 
0; 415; 426; 0.0390625; 0; 15.030184; 0.0078125; 
0; 217; 228; 0.0390625; 0; 15.0237; 0; 
0; 52; 63; 0.0390625; 0; 15.028971; 0; 
0; 321; 332; 0.0390625; 0; 15.01826; 0; 
0; 599; 610; 0.0390625; 0; 15.018443; 0.0050000000000000001; 
0; 48; 59; 0.0625; 0; 15.019012999999999; 0; 
0; 44; 55; 0.0625; 0; 15.019983; 0; 
0; 238; 249; 0.0625; 0; 15.019472; 0.01282051282051282; 
0; 86; 97; 0.0625; 0; 15.022418999999999; 0; 
0; 437; 448; 0.0625; 0; 15.025691999999999; 0; 
0; 56; 67; 0.0625; 0; 15.021829; 0.021276595744680851; 
0; 71; 82; 0.0625; 0; 15.031955999999999; 0.017857142857142856; 
0; 52; 63; 0.0625; 0; 15.019565999999999; 0.046875; 
0; 610; 621; 0.0625; 0; 15.020123; 0.009852216748768473; 
0; 282; 293; 0.0625; 0; 15.025897000000001; 0.02247191011235955; 
0; 21; 32; 0.0625; 0; 15.01728; 0; 
0; 33; 44; 0.0625; 0; 15.030203; 0.013698630136986301; 
0; 49; 60; 0.0625; 0; 15.020735999999999; 0; 
0; 344; 355; 0.0625; 0; 15.025999000000001; 0; 
0; 40; 51; 0.0625; 0; 15.02234; 0; 
0; 39; 50; 0.0625; 0; 15.021654; 0; 
0; 466; 477; 0.0625; 0; 15.03064; 0.008130081300813009; 
0; 215; 226; 0.0625; 0; 15.032404; 0.019230769230769232; 
0; 26; 37; 0.0625; 0; 15.031672; 0; 
0; 133; 144; 0.0625; 0; 15.018205; 0.0076923076923076927; 
0; 477; 488; 0.0625; 0; 15.026406; 0; 
0; 30; 41; 0.0625; 0; 15.018624000000001; 0; 
0; 67; 78; 0.0625; 0; 15.022223; 0; 
0; 523; 534; 0.0625; 0; 15.026033; 0.0057142857142857143; 
0; 48; 59; 0.0625; 0; 15.025169; 0.028169014084507043; 
0; 114; 125; 0.31640625; 0; 15.027518000000001; 0; 
.
