Experiment pr2_arms_experiment3_arms[SBLkConfigDefault]
Running on i7
Starting at 2012-03-09T10:38:40.370817
<<<|
Properties of the state space 'arms_PoseModel'
  - signature: 34 0 26 0 13 0 7 2 1 2 1 1 5 5 6 1 3 3 3 0 13 0 7 2 1 2 1 1 5 5 6 1 3 3 3 
  - dimension: 26
  - extent: 10.0698
  - sanity checks for state space passed
  - probability of valid states: 0.046
  - average length of a valid motion: 0
Settings for the state space 'arms_PoseModel'
  - state validity check resolution: 5%
  - valid segment count factor: 1
  - state space:
Compound state space 'arms_PoseModel' of dimension 26 (locked) [
Compound state space 'CompoundSpace39' of dimension 13 (locked) [
Compound state space 'J(l_forearm_roll_joint,l_wrist_roll_joint,J(l_shoulder_pan_joint,l_shoulder_lift_joint,l_upper_arm_roll_joint,l_elbow_flex_joint,l_wrist_flex_joint))' of dimension 7 (locked) [
SO2 state space 'l_forearm_roll_joint'
 of weight 1
SO2 state space 'l_wrist_roll_joint'
 of weight 1
Real vector state space 'J(l_shoulder_pan_joint,l_shoulder_lift_joint,l_upper_arm_roll_joint,l_elbow_flex_joint,l_wrist_flex_joint)' of dimension 5 with bounds: 
  - min: -0.564602 -0.3536 -0.65 -2.1213 -2 
  - max: 2.1354 1.2963 3.75 -0.15 -0.1 
  and dimension names: 'l_shoulder_pan_joint' 'l_shoulder_lift_joint' 'l_upper_arm_roll_joint' 'l_elbow_flex_joint' 'l_wrist_flex_joint' 
 of weight 5
]
No registered projections
 of weight 0
Compound state space 'left_arm_Workspace' of dimension 6 (locked) [
Real vector state space 'RealVectorSpace41' of dimension 3 with bounds: 
  - min: -1 -1 -1 
  - max: 1 1 1 
 of weight 1
SO(3) state space 'SO3Space42' (represented using quaternions)
 of weight 0.5
]
Registered projections:
  - <default>
Projection of dimension 3
Cell sizes (computed defaults): [0.1 0.1 0.1]
 of weight 1
]
No registered projections
 of weight 1
Compound state space 'CompoundSpace29' of dimension 13 (locked) [
Compound state space 'J(r_forearm_roll_joint,r_wrist_roll_joint,J(r_shoulder_pan_joint,r_shoulder_lift_joint,r_upper_arm_roll_joint,r_elbow_flex_joint,r_wrist_flex_joint))' of dimension 7 (locked) [
SO2 state space 'r_forearm_roll_joint'
 of weight 1
SO2 state space 'r_wrist_roll_joint'
 of weight 1
Real vector state space 'J(r_shoulder_pan_joint,r_shoulder_lift_joint,r_upper_arm_roll_joint,r_elbow_flex_joint,r_wrist_flex_joint)' of dimension 5 with bounds: 
  - min: -2.1354 -0.3536 -3.75 -2.1213 -2 
  - max: 0.564602 1.2963 0.65 -0.15 -0.1 
  and dimension names: 'r_shoulder_pan_joint' 'r_shoulder_lift_joint' 'r_upper_arm_roll_joint' 'r_elbow_flex_joint' 'r_wrist_flex_joint' 
 of weight 5
]
No registered projections
 of weight 0
Compound state space 'right_arm_Workspace' of dimension 6 (locked) [
Real vector state space 'RealVectorSpace31' of dimension 3 with bounds: 
  - min: -1 -1 -1 
  - max: 1 1 1 
 of weight 1
SO(3) state space 'SO3Space32' (represented using quaternions)
 of weight 0.5
]
Registered projections:
  - <default>
Projection of dimension 3
Cell sizes (computed defaults): [0.1 0.1 0.1]
 of weight 1
]
No registered projections
 of weight 1
]
Registered projections:
  - <default>
Projection of dimension 2
Cell sizes (computed defaults): [0.1 0.1]

Declared parameters:
longest_valid_segment_fraction = 0.050000000000000003
projection.cellsize.0 = 0.10000000000000001
projection.cellsize.1 = 0.10000000000000001
projection.cellsize_factor = 
valid_segment_count_factor = 1
Valid state sampler named uniform with parameters:
nr_attempts = 100
Planner SBL specs:
Multithreaded:                 No
Reports approximate solutions: No
Can optimize solutions:        No
Aware of the following parameters: range
Declared parameters for planner SBL:
range = 2.0139591767730605
Start states:
Compound state [
Compound state [
Compound state [
SO2State [0.898135]
SO2State [0.0402895]
RealVectorState [2.13008 0.893423 1.49479 -1.44857 -1.55074]
]
Compound state [
RealVectorState [0.0601908 0.690593 -0.327022]
SO3State [0.64157 -0.290995 -0.295914 0.645094]
]
]
Compound state [
Compound state [
SO2State [1.26707]
SO2State [-1.12132]
RealVectorState [0.495095 0.0952849 -2.93666 -1.06755 -1.48356]
]
Compound state [
RealVectorState [0.52373 0.159823 -0.326855]
SO3State [-0.292312 -0.641739 0.645547 0.293247]
]
]
]
Tag: -1
Flags: 24
Validity known: No
10 goal states, threshold = 2.22045e-16, memory address = 0x7fdf503ab460
Compound state [
Compound state [
Compound state [
SO2State [-1.07001]
SO2State [0.426203]
RealVectorState [-0.056477 0.206485 2.70591 -0.238801 -1.6267]
]
Compound state [
RealVectorState [0.779599 0.111828 -0.213326]
SO3State [-0.441687 0.553865 0.554184 -0.437065]
]
]
Compound state [
Compound state [
SO2State [-0.0152482]
SO2State [-0.321267]
RealVectorState [-0.872557 0.27542 -1.75356 -0.789074 -1.39915]
]
Compound state [
RealVectorState [0.616001 -0.573493 -0.210125]
SO3State [-0.551963 -0.439119 0.44099 0.555013]
]
]
]
Tag: -1
Flags: 29
Validity known: Yes
Validity value: True

Compound state [
Compound state [
Compound state [
SO2State [-1.07001]
SO2State [0.426203]
RealVectorState [-0.056477 0.206485 2.70591 -0.238801 -1.6267]
]
Compound state [
RealVectorState [0.779599 0.111828 -0.213326]
SO3State [-0.441687 0.553865 0.554184 -0.437065]
]
]
Compound state [
Compound state [
SO2State [-0.0152482]
SO2State [-0.321267]
RealVectorState [-0.872557 0.27542 -1.75356 -0.789074 -1.39915]
]
Compound state [
RealVectorState [0.616001 -0.573493 -0.210125]
SO3State [-0.551963 -0.439119 0.44099 0.555013]
]
]
]
Tag: -1
Flags: 29
Validity known: Yes
Validity value: True

Compound state [
Compound state [
Compound state [
SO2State [-1.07001]
SO2State [0.426203]
RealVectorState [-0.056477 0.206485 2.70591 -0.238801 -1.6267]
]
Compound state [
RealVectorState [0.779599 0.111828 -0.213326]
SO3State [-0.441687 0.553865 0.554184 -0.437065]
]
]
Compound state [
Compound state [
SO2State [-0.0152482]
SO2State [-0.321267]
RealVectorState [-0.872557 0.27542 -1.75356 -0.789074 -1.39915]
]
Compound state [
RealVectorState [0.616001 -0.573493 -0.210125]
SO3State [-0.551963 -0.439119 0.44099 0.555013]
]
]
]
Tag: -1
Flags: 29
Validity known: Yes
Validity value: True

Compound state [
Compound state [
Compound state [
SO2State [-1.07001]
SO2State [0.426203]
RealVectorState [-0.056477 0.206485 2.70591 -0.238801 -1.6267]
]
Compound state [
RealVectorState [0.779599 0.111828 -0.213326]
SO3State [-0.441687 0.553865 0.554184 -0.437065]
]
]
Compound state [
Compound state [
SO2State [-0.0152482]
SO2State [-0.321267]
RealVectorState [-0.872557 0.27542 -1.75356 -0.789074 -1.39915]
]
Compound state [
RealVectorState [0.616001 -0.573493 -0.210125]
SO3State [-0.551963 -0.439119 0.44099 0.555013]
]
]
]
Tag: -1
Flags: 29
Validity known: Yes
Validity value: True

Compound state [
Compound state [
Compound state [
SO2State [-1.07001]
SO2State [0.426203]
RealVectorState [-0.056477 0.206485 2.70591 -0.238801 -1.6267]
]
Compound state [
RealVectorState [0.779599 0.111828 -0.213326]
SO3State [-0.441687 0.553865 0.554184 -0.437065]
]
]
Compound state [
Compound state [
SO2State [-0.0152482]
SO2State [-0.321267]
RealVectorState [-0.872557 0.27542 -1.75356 -0.789074 -1.39915]
]
Compound state [
RealVectorState [0.616001 -0.573493 -0.210125]
SO3State [-0.551963 -0.439119 0.44099 0.555013]
]
]
]
Tag: -1
Flags: 29
Validity known: Yes
Validity value: True

Compound state [
Compound state [
Compound state [
SO2State [-1.07001]
SO2State [0.426203]
RealVectorState [-0.056477 0.206485 2.70591 -0.238801 -1.6267]
]
Compound state [
RealVectorState [0.779599 0.111828 -0.213326]
SO3State [-0.441687 0.553865 0.554184 -0.437065]
]
]
Compound state [
Compound state [
SO2State [-0.0152482]
SO2State [-0.321267]
RealVectorState [-0.872557 0.27542 -1.75356 -0.789074 -1.39915]
]
Compound state [
RealVectorState [0.616001 -0.573493 -0.210125]
SO3State [-0.551963 -0.439119 0.44099 0.555013]
]
]
]
Tag: -1
Flags: 29
Validity known: Yes
Validity value: True

Compound state [
Compound state [
Compound state [
SO2State [-1.07001]
SO2State [0.426203]
RealVectorState [-0.056477 0.206485 2.70591 -0.238801 -1.6267]
]
Compound state [
RealVectorState [0.779599 0.111828 -0.213326]
SO3State [-0.441687 0.553865 0.554184 -0.437065]
]
]
Compound state [
Compound state [
SO2State [-0.0152482]
SO2State [-0.321267]
RealVectorState [-0.872557 0.27542 -1.75356 -0.789074 -1.39915]
]
Compound state [
RealVectorState [0.616001 -0.573493 -0.210125]
SO3State [-0.551963 -0.439119 0.44099 0.555013]
]
]
]
Tag: -1
Flags: 29
Validity known: Yes
Validity value: True

Compound state [
Compound state [
Compound state [
SO2State [-1.07001]
SO2State [0.426203]
RealVectorState [-0.056477 0.206485 2.70591 -0.238801 -1.6267]
]
Compound state [
RealVectorState [0.779599 0.111828 -0.213326]
SO3State [-0.441687 0.553865 0.554184 -0.437065]
]
]
Compound state [
Compound state [
SO2State [-0.0152482]
SO2State [-0.321267]
RealVectorState [-0.872557 0.27542 -1.75356 -0.789074 -1.39915]
]
Compound state [
RealVectorState [0.616001 -0.573493 -0.210125]
SO3State [-0.551963 -0.439119 0.44099 0.555013]
]
]
]
Tag: -1
Flags: 29
Validity known: Yes
Validity value: True

Compound state [
Compound state [
Compound state [
SO2State [-1.07001]
SO2State [0.426203]
RealVectorState [-0.056477 0.206485 2.70591 -0.238801 -1.6267]
]
Compound state [
RealVectorState [0.779599 0.111828 -0.213326]
SO3State [-0.441687 0.553865 0.554184 -0.437065]
]
]
Compound state [
Compound state [
SO2State [-0.0152482]
SO2State [-0.321267]
RealVectorState [-0.872557 0.27542 -1.75356 -0.789074 -1.39915]
]
Compound state [
RealVectorState [0.616001 -0.573493 -0.210125]
SO3State [-0.551963 -0.439119 0.44099 0.555013]
]
]
]
Tag: -1
Flags: 29
Validity known: Yes
Validity value: True

Compound state [
Compound state [
Compound state [
SO2State [-1.07001]
SO2State [0.426203]
RealVectorState [-0.056477 0.206485 2.70591 -0.238801 -1.6267]
]
Compound state [
RealVectorState [0.779599 0.111828 -0.213326]
SO3State [-0.441687 0.553865 0.554184 -0.437065]
]
]
Compound state [
Compound state [
SO2State [-0.0152482]
SO2State [-0.321267]
RealVectorState [-0.872557 0.27542 -1.75356 -0.789074 -1.39915]
]
Compound state [
RealVectorState [0.616001 -0.573493 -0.210125]
SO3State [-0.551963 -0.439119 0.44099 0.555013]
]
]
]
Tag: -1
Flags: 29
Validity known: Yes
Validity value: True


Properties of benchmarked planners:
Planner SBL specs:
Multithreaded:                 No
Reports approximate solutions: No
Can optimize solutions:        No
Aware of the following parameters: range
|>>>
4167582105 is the random seed
15 seconds per run
4096 MB per run
100 runs per planner
1628.89 seconds spent to collect the data
1 planners
geometric_SBL
6 common properties
longest_valid_segment_fraction = 0.050000000000000003
projection.cellsize.0 = 0.10000000000000001
projection.cellsize.1 = 0.10000000000000001
projection.cellsize_factor = 
range = 2.0139591767730605
valid_segment_count_factor = 1
7 properties for each run
crashed BOOLEAN
graph motions INTEGER
graph states INTEGER
memory REAL
solved BOOLEAN
time REAL
valid segment fraction REAL
100 runs
0; 15; 26; 0.0078125; 0; 15.062578; 0; 
0; 30; 41; 0.0390625; 0; 15.399803; 0; 
0; 34; 45; 0.0390625; 0; 15.088628; 0; 
0; 31; 42; 0.0390625; 0; 15.099705999999999; 0; 
0; 26; 37; 0.0390625; 0; 15.573292; 0; 
0; 24; 34; 0.0390625; 0; 15.223300999999999; 0; 
0; 26; 37; 0.0390625; 0; 15.853408; 0; 
0; 20; 31; 0.0390625; 0; 15.269861000000001; 0; 
0; 35; 46; 0.0390625; 0; 15.116564; 0.5; 
0; 14; 22; 0.0390625; 0; 15.692085000000001; 0; 
0; 16; 23; 0.0390625; 0; 15.143941; 0; 
0; 25; 33; 0.0390625; 0; 16.330397000000001; 0; 
0; 22; 33; 0.0390625; 0; 15.075479; 0.33333333333333331; 
0; 23; 34; 0.0390625; 0; 15.263730000000001; 0; 
0; 23; 34; 0.0390625; 0; 15.327387999999999; 0; 
0; 19; 30; 0.0390625; 0; 15.340612; 0; 
0; 20; 28; 0.0390625; 0; 15.053996; 0; 
0; 42; 53; 0.0390625; 0; 15.636929; 0; 
0; 27; 38; 0.0390625; 0; 15.423669; 0; 
0; 35; 46; 0.0390625; 0; 15.032021; 0; 
0; 24; 35; 0.0390625; 0; 15.56733; 0; 
0; 44; 55; 0.0390625; 0; 15.181141999999999; 0; 
0; 26; 37; 0.0390625; 0; 15.699512; 0; 
0; 37; 48; 0.0390625; 0; 15.102712; 0; 
0; 32; 43; 0.0390625; 0; 15.188681000000001; 0; 
0; 21; 30; 0.0390625; 0; 15.160997; 0; 
0; 22; 29; 0.0546875; 0; 15.122254; 0.2857142857142857; 
0; 27; 37; 0.0546875; 0; 15.587614; 0; 
0; 30; 41; 0.0546875; 0; 15.762832; 0; 
0; 24; 35; 0.0546875; 0; 15.709087999999999; 0; 
0; 32; 43; 0.0546875; 0; 15.77272; 0; 
0; 35; 46; 0.0546875; 0; 15.833686; 0; 
0; 28; 39; 0.0546875; 0; 15.510968; 0; 
0; 28; 39; 0.0546875; 0; 15.362746; 0; 
0; 35; 46; 0.0546875; 0; 15.566158; 0; 
0; 27; 38; 0.0546875; 0; 15.641133; 0; 
0; 19; 30; 0.0546875; 0; 15.376958999999999; 0; 
0; 19; 30; 0.0546875; 0; 15.753221; 0.5; 
0; 33; 44; 0.0546875; 0; 15.182001; 0.5; 
0; 25; 36; 0.0546875; 0; 15.599337; 0.25; 
0; 26; 37; 0.0546875; 0; 15.119308; 0; 
0; 30; 41; 0.0546875; 0; 15.16226; 0; 
0; 30; 41; 0.0546875; 0; 15.951744; 0; 
0; 29; 40; 0.0546875; 0; 15.063176; 0; 
0; 34; 45; 0.0546875; 0; 15.036943000000001; 0.5; 
0; 31; 41; 0.0546875; 0; 15.238549000000001; 0; 
0; 28; 39; 0.0546875; 0; 15.305061; 0; 
0; 35; 46; 0.0546875; 0; 15.941851; 0; 
0; 27; 34; 0.0546875; 0; 15.329427000000001; 0; 
0; 34; 45; 0.0546875; 0; 15.053715; 0; 
0; 27; 38; 0.0546875; 0; 16.103214000000001; 0; 
0; 30; 41; 0.0546875; 0; 15.090024; 0; 
0; 32; 43; 0.0546875; 0; 15.251367; 0; 
0; 39; 50; 0.0546875; 0; 16.051998000000001; 0; 
0; 29; 40; 0.0546875; 0; 15.312360999999999; 0; 
0; 15; 25; 0.0546875; 0; 15.9567; 0.5; 
0; 35; 46; 0.0546875; 0; 15.905424999999999; 0; 
0; 34; 45; 0.0546875; 0; 15.438597; 0; 
0; 28; 39; 0.0546875; 0; 15.105527; 0; 
0; 28; 39; 0.0546875; 0; 16.318159999999999; 0; 
0; 47; 58; 0.0546875; 0; 15.096989000000001; 0; 
0; 28; 39; 0.0546875; 0; 15.131428; 0.5; 
0; 23; 34; 0.0546875; 0; 15.257173999999999; 0; 
0; 23; 29; 0.0546875; 0; 15.678042; 0; 
0; 24; 35; 0.0546875; 0; 15.053694; 0; 
0; 33; 44; 0.0546875; 0; 15.860657; 0; 
0; 19; 30; 0.0546875; 0; 15.857241; 0; 
0; 19; 28; 0.0546875; 0; 15.199306; 0; 
0; 29; 40; 0.0546875; 0; 15.165661999999999; 0; 
0; 24; 35; 0.0546875; 0; 15.804949000000001; 0; 
0; 35; 46; 0.0546875; 0; 15.053072999999999; 0.5; 
0; 42; 53; 0.0546875; 0; 15.078652; 0; 
0; 23; 34; 0.0546875; 0; 15.396800000000001; 0; 
0; 29; 40; 0.0546875; 0; 15.524115999999999; 0; 
0; 37; 48; 0.0546875; 0; 15.258603000000001; 0; 
0; 17; 28; 0.0546875; 0; 15.079050000000001; 0.2857142857142857; 
0; 28; 39; 0.0546875; 0; 16.145620999999998; 0; 
0; 35; 46; 0.0546875; 0; 15.521122999999999; 0; 
0; 28; 39; 0.0546875; 0; 15.603888; 0.5; 
0; 34; 45; 0.0546875; 0; 15.277703000000001; 0; 
0; 25; 36; 0.0546875; 0; 15.656325000000001; 0; 
0; 22; 30; 0.0546875; 0; 16.165393000000002; 0; 
0; 20; 31; 0.0546875; 0; 15.825849; 0.33333333333333331; 
0; 32; 43; 0.0546875; 0; 15.449866; 0; 
0; 34; 45; 0.0546875; 0; 16.123775999999999; 0; 
0; 36; 47; 0.0546875; 0; 15.231859999999999; 0.5; 
0; 28; 39; 0.05859375; 0; 15.931984999999999; 0.5; 
0; 25; 34; 0.05859375; 0; 15.17469; 0; 
0; 26; 37; 0.05859375; 0; 15.021747; 0; 
0; 40; 51; 0.05859375; 0; 15.690435000000001; 0; 
0; 18; 24; 0.05859375; 0; 15.117525000000001; 0; 
0; 43; 54; 0.05859375; 0; 15.755724000000001; 0; 
0; 35; 46; 0.05859375; 0; 15.755333; 0; 
0; 29; 40; 0.05859375; 0; 15.472569999999999; 0; 
0; 20; 31; 0.05859375; 0; 15.468446999999999; 0; 
0; 39; 50; 0.05859375; 0; 15.478534; 0; 
0; 26; 37; 0.05859375; 0; 15.049281000000001; 0; 
0; 17; 28; 0.05859375; 0; 15.408908; 0; 
0; 27; 38; 0.1015625; 0; 15.218757; 0; 
0; 32; 43; 0.10546875; 0; 15.738960000000001; 0; 
.
