Experiment pr2_arms_experiment3_arms[LBKPIECEkConfigDefault]
Running on i7
Starting at 2012-03-09T11:05:49.274804
<<<|
Properties of the state space 'arms_PoseModel'
  - signature: 34 0 26 0 13 0 7 2 1 2 1 1 5 5 6 1 3 3 3 0 13 0 7 2 1 2 1 1 5 5 6 1 3 3 3 
  - dimension: 26
  - extent: 10.0698
  - sanity checks for state space passed
  - probability of valid states: 0.047
  - average length of a valid motion: 0
Settings for the state space 'arms_PoseModel'
  - state validity check resolution: 5%
  - valid segment count factor: 1
  - state space:
Compound state space 'arms_PoseModel' of dimension 26 (locked) [
Compound state space 'CompoundSpace60' of dimension 13 (locked) [
Compound state space 'J(l_forearm_roll_joint,l_wrist_roll_joint,J(l_shoulder_pan_joint,l_shoulder_lift_joint,l_upper_arm_roll_joint,l_elbow_flex_joint,l_wrist_flex_joint))' of dimension 7 (locked) [
SO2 state space 'l_forearm_roll_joint'
 of weight 1
SO2 state space 'l_wrist_roll_joint'
 of weight 1
Real vector state space 'J(l_shoulder_pan_joint,l_shoulder_lift_joint,l_upper_arm_roll_joint,l_elbow_flex_joint,l_wrist_flex_joint)' of dimension 5 with bounds: 
  - min: -0.564602 -0.3536 -0.65 -2.1213 -2 
  - max: 2.1354 1.2963 3.75 -0.15 -0.1 
  and dimension names: 'l_shoulder_pan_joint' 'l_shoulder_lift_joint' 'l_upper_arm_roll_joint' 'l_elbow_flex_joint' 'l_wrist_flex_joint' 
 of weight 5
]
No registered projections
 of weight 0
Compound state space 'left_arm_Workspace' of dimension 6 (locked) [
Real vector state space 'RealVectorSpace62' of dimension 3 with bounds: 
  - min: -1 -1 -1 
  - max: 1 1 1 
 of weight 1
SO(3) state space 'SO3Space63' (represented using quaternions)
 of weight 0.5
]
Registered projections:
  - <default>
Projection of dimension 3
Cell sizes (computed defaults): [0.1 0.1 0.1]
 of weight 1
]
No registered projections
 of weight 1
Compound state space 'CompoundSpace50' of dimension 13 (locked) [
Compound state space 'J(r_forearm_roll_joint,r_wrist_roll_joint,J(r_shoulder_pan_joint,r_shoulder_lift_joint,r_upper_arm_roll_joint,r_elbow_flex_joint,r_wrist_flex_joint))' of dimension 7 (locked) [
SO2 state space 'r_forearm_roll_joint'
 of weight 1
SO2 state space 'r_wrist_roll_joint'
 of weight 1
Real vector state space 'J(r_shoulder_pan_joint,r_shoulder_lift_joint,r_upper_arm_roll_joint,r_elbow_flex_joint,r_wrist_flex_joint)' of dimension 5 with bounds: 
  - min: -2.1354 -0.3536 -3.75 -2.1213 -2 
  - max: 0.564602 1.2963 0.65 -0.15 -0.1 
  and dimension names: 'r_shoulder_pan_joint' 'r_shoulder_lift_joint' 'r_upper_arm_roll_joint' 'r_elbow_flex_joint' 'r_wrist_flex_joint' 
 of weight 5
]
No registered projections
 of weight 0
Compound state space 'right_arm_Workspace' of dimension 6 (locked) [
Real vector state space 'RealVectorSpace52' of dimension 3 with bounds: 
  - min: -1 -1 -1 
  - max: 1 1 1 
 of weight 1
SO(3) state space 'SO3Space53' (represented using quaternions)
 of weight 0.5
]
Registered projections:
  - <default>
Projection of dimension 3
Cell sizes (computed defaults): [0.1 0.1 0.1]
 of weight 1
]
No registered projections
 of weight 1
]
Registered projections:
  - <default>
Projection of dimension 2
Cell sizes (computed defaults): [0.1 0.1]

Declared parameters:
longest_valid_segment_fraction = 0.050000000000000003
projection.cellsize.0 = 0.10000000000000001
projection.cellsize.1 = 0.10000000000000001
projection.cellsize_factor = 
valid_segment_count_factor = 1
Valid state sampler named uniform with parameters:
nr_attempts = 100
Planner LBKPIECE1 specs:
Multithreaded:                 No
Reports approximate solutions: No
Can optimize solutions:        No
Aware of the following parameters: border_fraction min_valid_path_fraction range
Declared parameters for planner LBKPIECE1:
border_fraction = 0.90000000000000002
min_valid_path_fraction = 0.5
range = 2.0139591767730605
Start states:
Compound state [
Compound state [
Compound state [
SO2State [0.898135]
SO2State [0.0402895]
RealVectorState [2.13008 0.893423 1.49479 -1.44857 -1.55074]
]
Compound state [
RealVectorState [0.0601908 0.690593 -0.327022]
SO3State [0.64157 -0.290995 -0.295914 0.645094]
]
]
Compound state [
Compound state [
SO2State [1.26707]
SO2State [-1.12132]
RealVectorState [0.495095 0.0952849 -2.93666 -1.06755 -1.48356]
]
Compound state [
RealVectorState [0.52373 0.159823 -0.326855]
SO3State [-0.292312 -0.641739 0.645547 0.293247]
]
]
]
Tag: -1
Flags: 24
Validity known: No
10 goal states, threshold = 2.22045e-16, memory address = 0x7fdf503d9030
Compound state [
Compound state [
Compound state [
SO2State [-1.07001]
SO2State [0.426203]
RealVectorState [-0.056477 0.206485 2.70591 -0.238801 -1.6267]
]
Compound state [
RealVectorState [0.779599 0.111828 -0.213326]
SO3State [-0.441687 0.553865 0.554184 -0.437065]
]
]
Compound state [
Compound state [
SO2State [-0.0152482]
SO2State [-0.321267]
RealVectorState [-0.872557 0.27542 -1.75356 -0.789074 -1.39915]
]
Compound state [
RealVectorState [0.616001 -0.573493 -0.210125]
SO3State [-0.551963 -0.439119 0.44099 0.555013]
]
]
]
Tag: -1
Flags: 29
Validity known: Yes
Validity value: True

Compound state [
Compound state [
Compound state [
SO2State [-1.07001]
SO2State [0.426203]
RealVectorState [-0.056477 0.206485 2.70591 -0.238801 -1.6267]
]
Compound state [
RealVectorState [0.779599 0.111828 -0.213326]
SO3State [-0.441687 0.553865 0.554184 -0.437065]
]
]
Compound state [
Compound state [
SO2State [-0.0152482]
SO2State [-0.321267]
RealVectorState [-0.872557 0.27542 -1.75356 -0.789074 -1.39915]
]
Compound state [
RealVectorState [0.616001 -0.573493 -0.210125]
SO3State [-0.551963 -0.439119 0.44099 0.555013]
]
]
]
Tag: -1
Flags: 29
Validity known: Yes
Validity value: True

Compound state [
Compound state [
Compound state [
SO2State [-1.07001]
SO2State [0.426203]
RealVectorState [-0.056477 0.206485 2.70591 -0.238801 -1.6267]
]
Compound state [
RealVectorState [0.779599 0.111828 -0.213326]
SO3State [-0.441687 0.553865 0.554184 -0.437065]
]
]
Compound state [
Compound state [
SO2State [-0.0152482]
SO2State [-0.321267]
RealVectorState [-0.872557 0.27542 -1.75356 -0.789074 -1.39915]
]
Compound state [
RealVectorState [0.616001 -0.573493 -0.210125]
SO3State [-0.551963 -0.439119 0.44099 0.555013]
]
]
]
Tag: -1
Flags: 29
Validity known: Yes
Validity value: True

Compound state [
Compound state [
Compound state [
SO2State [-1.07001]
SO2State [0.426203]
RealVectorState [-0.056477 0.206485 2.70591 -0.238801 -1.6267]
]
Compound state [
RealVectorState [0.779599 0.111828 -0.213326]
SO3State [-0.441687 0.553865 0.554184 -0.437065]
]
]
Compound state [
Compound state [
SO2State [-0.0152482]
SO2State [-0.321267]
RealVectorState [-0.872557 0.27542 -1.75356 -0.789074 -1.39915]
]
Compound state [
RealVectorState [0.616001 -0.573493 -0.210125]
SO3State [-0.551963 -0.439119 0.44099 0.555013]
]
]
]
Tag: -1
Flags: 29
Validity known: Yes
Validity value: True

Compound state [
Compound state [
Compound state [
SO2State [-1.07001]
SO2State [0.426203]
RealVectorState [-0.056477 0.206485 2.70591 -0.238801 -1.6267]
]
Compound state [
RealVectorState [0.779599 0.111828 -0.213326]
SO3State [-0.441687 0.553865 0.554184 -0.437065]
]
]
Compound state [
Compound state [
SO2State [-0.0152482]
SO2State [-0.321267]
RealVectorState [-0.872557 0.27542 -1.75356 -0.789074 -1.39915]
]
Compound state [
RealVectorState [0.616001 -0.573493 -0.210125]
SO3State [-0.551963 -0.439119 0.44099 0.555013]
]
]
]
Tag: -1
Flags: 29
Validity known: Yes
Validity value: True

Compound state [
Compound state [
Compound state [
SO2State [-1.07001]
SO2State [0.426203]
RealVectorState [-0.056477 0.206485 2.70591 -0.238801 -1.6267]
]
Compound state [
RealVectorState [0.779599 0.111828 -0.213326]
SO3State [-0.441687 0.553865 0.554184 -0.437065]
]
]
Compound state [
Compound state [
SO2State [-0.0152482]
SO2State [-0.321267]
RealVectorState [-0.872557 0.27542 -1.75356 -0.789074 -1.39915]
]
Compound state [
RealVectorState [0.616001 -0.573493 -0.210125]
SO3State [-0.551963 -0.439119 0.44099 0.555013]
]
]
]
Tag: -1
Flags: 29
Validity known: Yes
Validity value: True

Compound state [
Compound state [
Compound state [
SO2State [-1.07001]
SO2State [0.426203]
RealVectorState [-0.056477 0.206485 2.70591 -0.238801 -1.6267]
]
Compound state [
RealVectorState [0.779599 0.111828 -0.213326]
SO3State [-0.441687 0.553865 0.554184 -0.437065]
]
]
Compound state [
Compound state [
SO2State [-0.0152482]
SO2State [-0.321267]
RealVectorState [-0.872557 0.27542 -1.75356 -0.789074 -1.39915]
]
Compound state [
RealVectorState [0.616001 -0.573493 -0.210125]
SO3State [-0.551963 -0.439119 0.44099 0.555013]
]
]
]
Tag: -1
Flags: 29
Validity known: Yes
Validity value: True

Compound state [
Compound state [
Compound state [
SO2State [-1.07001]
SO2State [0.426203]
RealVectorState [-0.056477 0.206485 2.70591 -0.238801 -1.6267]
]
Compound state [
RealVectorState [0.779599 0.111828 -0.213326]
SO3State [-0.441687 0.553865 0.554184 -0.437065]
]
]
Compound state [
Compound state [
SO2State [-0.0152482]
SO2State [-0.321267]
RealVectorState [-0.872557 0.27542 -1.75356 -0.789074 -1.39915]
]
Compound state [
RealVectorState [0.616001 -0.573493 -0.210125]
SO3State [-0.551963 -0.439119 0.44099 0.555013]
]
]
]
Tag: -1
Flags: 29
Validity known: Yes
Validity value: True

Compound state [
Compound state [
Compound state [
SO2State [-1.07001]
SO2State [0.426203]
RealVectorState [-0.056477 0.206485 2.70591 -0.238801 -1.6267]
]
Compound state [
RealVectorState [0.779599 0.111828 -0.213326]
SO3State [-0.441687 0.553865 0.554184 -0.437065]
]
]
Compound state [
Compound state [
SO2State [-0.0152482]
SO2State [-0.321267]
RealVectorState [-0.872557 0.27542 -1.75356 -0.789074 -1.39915]
]
Compound state [
RealVectorState [0.616001 -0.573493 -0.210125]
SO3State [-0.551963 -0.439119 0.44099 0.555013]
]
]
]
Tag: -1
Flags: 29
Validity known: Yes
Validity value: True

Compound state [
Compound state [
Compound state [
SO2State [-1.07001]
SO2State [0.426203]
RealVectorState [-0.056477 0.206485 2.70591 -0.238801 -1.6267]
]
Compound state [
RealVectorState [0.779599 0.111828 -0.213326]
SO3State [-0.441687 0.553865 0.554184 -0.437065]
]
]
Compound state [
Compound state [
SO2State [-0.0152482]
SO2State [-0.321267]
RealVectorState [-0.872557 0.27542 -1.75356 -0.789074 -1.39915]
]
Compound state [
RealVectorState [0.616001 -0.573493 -0.210125]
SO3State [-0.551963 -0.439119 0.44099 0.555013]
]
]
]
Tag: -1
Flags: 29
Validity known: Yes
Validity value: True


Properties of benchmarked planners:
Planner LBKPIECE1 specs:
Multithreaded:                 No
Reports approximate solutions: No
Can optimize solutions:        No
Aware of the following parameters: border_fraction min_valid_path_fraction range
|>>>
4167582105 is the random seed
15 seconds per run
4096 MB per run
100 runs per planner
1586.96 seconds spent to collect the data
1 planners
geometric_LBKPIECE1
8 common properties
border_fraction = 0.90000000000000002
longest_valid_segment_fraction = 0.050000000000000003
min_valid_path_fraction = 0.5
projection.cellsize.0 = 0.10000000000000001
projection.cellsize.1 = 0.10000000000000001
projection.cellsize_factor = 
range = 2.0139591767730605
valid_segment_count_factor = 1
7 properties for each run
crashed BOOLEAN
graph motions INTEGER
graph states INTEGER
memory REAL
solved BOOLEAN
time REAL
valid segment fraction REAL
100 runs
0; 25; 36; 0; 0; 15.018466; 0; 
0; 134; 145; 0.03515625; 0; 15.023173; 0; 
0; 29; 40; 0.03515625; 0; 15.03154; 0; 
0; 17; 28; 0.05859375; 0; 15.02107; 0.017142857142857144; 
0; 11; 22; 0.05859375; 0; 15.021223000000001; 0; 
0; 442; 453; 0.05859375; 0; 15.020688; 0; 
0; 43; 54; 0.05859375; 0; 15.025782; 0; 
0; 74; 85; 0.05859375; 0; 15.02159; 0; 
0; 176; 187; 0.05859375; 0; 15.030122; 0; 
0; 24; 35; 0.05859375; 0; 15.023402000000001; 0.011494252873563218; 
0; 86; 97; 0.05859375; 0; 15.027352; 0; 
0; 28; 39; 0.05859375; 0; 15.025378; 0.019230769230769232; 
0; 31; 42; 0.05859375; 0; 15.036006; 0; 
0; 156; 167; 0.05859375; 0; 15.027849; 0.012658227848101266; 
0; 95; 106; 0.05859375; 0; 15.029425; 0; 
0; 525; 536; 0.05859375; 0; 15.032921999999999; 0.0062111801242236021; 
0; 44; 55; 0.05859375; 0; 15.020979000000001; 0; 
0; 531; 542; 0.05859375; 0; 15.018575; 0; 
0; 62; 73; 0.05859375; 0; 15.020493; 0; 
0; 451; 462; 0.05859375; 0; 15.0313; 0; 
0; 289; 300; 0.05859375; 0; 15.025506; 0.0086206896551724137; 
0; 377; 388; 0.05859375; 0; 15.023599000000001; 0; 
0; 45; 56; 0.05859375; 0; 15.019807999999999; 0.016949152542372881; 
0; 269; 280; 0.05859375; 0; 15.018813; 0; 
0; 90; 101; 0.05859375; 0; 15.024794999999999; 0; 
0; 40; 51; 0.05859375; 0; 15.020049999999999; 0; 
0; 147; 158; 0.05859375; 0; 15.021746; 0; 
0; 151; 162; 0.05859375; 0; 15.021585999999999; 0; 
0; 70; 81; 0.05859375; 0; 15.019477999999999; 0; 
0; 101; 112; 0.05859375; 0; 15.020661; 0.022988505747126436; 
0; 163; 174; 0.05859375; 0; 15.022218000000001; 0.012048192771084338; 
0; 346; 357; 0.078125; 0; 15.030984999999999; 0; 
0; 339; 350; 0.078125; 0; 15.027407; 0.010309278350515464; 
0; 468; 479; 0.078125; 0; 15.020583999999999; 0; 
0; 87; 98; 0.078125; 0; 15.022857999999999; 0; 
0; 284; 295; 0.078125; 0; 15.024283; 0.012345679012345678; 
0; 41; 52; 0.078125; 0; 15.019628000000001; 0.039215686274509803; 
0; 591; 602; 0.078125; 0; 15.027685999999999; 0.0058479532163742687; 
0; 356; 367; 0.078125; 0; 15.023107; 0; 
0; 61; 72; 0.078125; 0; 15.019558; 0.011764705882352941; 
0; 53; 64; 0.078125; 0; 15.023574999999999; 0; 
0; 440; 451; 0.078125; 0; 15.032285999999999; 0; 
0; 46; 57; 0.078125; 0; 15.030016; 0; 
0; 152; 163; 0.078125; 0; 15.029142999999999; 0; 
0; 299; 310; 0.078125; 0; 15.019722; 0; 
0; 286; 297; 0.078125; 0; 15.020991; 0; 
0; 26; 37; 0.078125; 0; 15.021506; 0; 
0; 82; 93; 0.078125; 0; 15.023882; 0; 
0; 4; 15; 0.078125; 0; 15.031707000000001; 0.0067114093959731542; 
0; 167; 178; 0.078125; 0; 15.018910999999999; 0.015873015873015872; 
0; 10; 21; 0.078125; 0; 15.029132000000001; 0; 
0; 509; 520; 0.078125; 0; 15.031084; 0.0070422535211267607; 
0; 80; 91; 0.078125; 0; 15.018535; 0.014925373134328358; 
0; 221; 232; 0.078125; 0; 15.020153000000001; 0; 
0; 147; 158; 0.078125; 0; 15.019145999999999; 0.018181818181818181; 
0; 74; 85; 0.078125; 0; 15.030286; 0; 
0; 124; 135; 0.078125; 0; 15.027072; 0; 
0; 58; 69; 0.078125; 0; 15.032246000000001; 0; 
0; 578; 589; 0.078125; 0; 15.029047; 0; 
0; 107; 118; 0.18359375; 0; 15.03031; 0; 
0; 14; 25; 0.18359375; 0; 15.031637999999999; 0; 
0; 436; 447; 0.18359375; 0; 15.025774; 0.0090909090909090905; 
0; 82; 93; 0.18359375; 0; 15.030559; 0; 
0; 533; 544; 0.18359375; 0; 15.024516; 0.013986013986013986; 
0; 496; 507; 0.18359375; 0; 15.030878; 0.0068493150684931503; 
0; 57; 68; 0.18359375; 0; 15.022886; 0.008771929824561403; 
0; 83; 94; 0.18359375; 0; 15.031266; 0.020408163265306121; 
0; 198; 209; 0.18359375; 0; 15.032245; 0; 
0; 384; 395; 0.18359375; 0; 15.030448; 0; 
0; 36; 47; 0.18359375; 0; 15.026768000000001; 0; 
0; 95; 106; 0.1953125; 0; 15.032057; 0; 
0; 331; 342; 0.38671875; 0; 15.031687; 0; 
0; 163; 174; 0.21484375; 0; 15.021246; 0; 
0; 37; 48; 0.46875; 0; 15.022632; 0; 
0; 16; 27; 0.51171875; 0; 15.023334999999999; 0; 
0; 81; 92; 0.51171875; 0; 15.022629999999999; 0.01282051282051282; 
0; 39; 50; 0.51171875; 0; 15.026242999999999; 0.015384615384615385; 
0; 98; 109; 0.765625; 0; 15.02148; 0; 
0; 550; 561; 1.09765625; 0; 15.032783; 0; 
0; 39; 50; 1.16015625; 0; 15.032105; 0; 
0; 569; 580; 1.4140625; 0; 15.023731; 0.010810810810810811; 
0; 506; 517; 1.5859375; 0; 15.031288; 0; 
0; 52; 63; 1.6328125; 0; 15.032925000000001; 0; 
0; 164; 175; 1.6328125; 0; 15.026323; 0.01098901098901099; 
0; 21; 32; 1.6328125; 0; 15.024082; 0.034090909090909088; 
0; 70; 81; 1.6328125; 0; 15.031406; 0; 
0; 382; 393; 1.6328125; 0; 15.026748; 0; 
0; 44; 55; 1.6328125; 0; 15.020129000000001; 0.018518518518518517; 
0; 143; 154; 1.6328125; 0; 15.024428; 0; 
0; 351; 362; 1.6328125; 0; 15.023956999999999; 0.0084033613445378148; 
0; 16; 27; 1.6796875; 0; 15.027346; 0; 
0; 65; 76; 1.6796875; 0; 15.019068000000001; 0; 
0; 156; 167; 1.6796875; 0; 15.029585000000001; 0.01834862385321101; 
0; 34; 45; 1.76953125; 0; 15.022919; 0; 
0; 58; 69; 1.76953125; 0; 15.025294000000001; 0; 
0; 174; 185; 1.76953125; 0; 15.023899999999999; 0; 
0; 52; 63; 1.76953125; 0; 15.0251; 0; 
0; 161; 172; 1.76953125; 0; 15.032083; 0; 
0; 441; 452; 2.078125; 0; 15.033139; 0; 
0; 18; 29; 2.078125; 0; 15.033011; 0.023809523809523808; 
.
