Experiment pr2_arms_experiment3_arms[LBKPIECEkConfigDefault]
Running on i7
Starting at 2012-03-08T18:13:26.541675
<<<|
Properties of the state space 'arms_PoseModel'
  - signature: 34 0 26 0 13 0 7 2 1 2 1 1 5 5 6 1 3 3 3 0 13 0 7 2 1 2 1 1 5 5 6 1 3 3 3 
  - dimension: 26
  - extent: 10.0698
  - sanity checks for state space passed
  - probability of valid states: 0.043
  - average length of a valid motion: 0
Settings for the state space 'arms_PoseModel'
  - state validity check resolution: 5%
  - valid segment count factor: 1
  - state space:
Compound state space 'arms_PoseModel' of dimension 26 (locked) [
Compound state space 'CompoundSpace50' of dimension 13 (locked) [
Compound state space 'J(l_forearm_roll_joint,l_wrist_roll_joint,J(l_shoulder_pan_joint,l_shoulder_lift_joint,l_upper_arm_roll_joint,l_elbow_flex_joint,l_wrist_flex_joint))' of dimension 7 (locked) [
SO2 state space 'l_forearm_roll_joint'
 of weight 1
SO2 state space 'l_wrist_roll_joint'
 of weight 1
Real vector state space 'J(l_shoulder_pan_joint,l_shoulder_lift_joint,l_upper_arm_roll_joint,l_elbow_flex_joint,l_wrist_flex_joint)' of dimension 5 with bounds: 
  - min: -0.564602 -0.3536 -0.65 -2.1213 -2 
  - max: 2.1354 1.2963 3.75 -0.15 -0.1 
  and dimension names: 'l_shoulder_pan_joint' 'l_shoulder_lift_joint' 'l_upper_arm_roll_joint' 'l_elbow_flex_joint' 'l_wrist_flex_joint' 
 of weight 5
]
No registered projections
 of weight 0
Compound state space 'left_arm_Workspace' of dimension 6 (locked) [
Real vector state space 'RealVectorSpace52' of dimension 3 with bounds: 
  - min: -1 -1 -1 
  - max: 1 1 1 
 of weight 1
SO(3) state space 'SO3Space53' (represented using quaternions)
 of weight 0.5
]
Registered projections:
  - <default>
Projection of dimension 3
Cell sizes (computed defaults): [0.1 0.1 0.1]
 of weight 1
]
No registered projections
 of weight 1
Compound state space 'CompoundSpace60' of dimension 13 (locked) [
Compound state space 'J(r_forearm_roll_joint,r_wrist_roll_joint,J(r_shoulder_pan_joint,r_shoulder_lift_joint,r_upper_arm_roll_joint,r_elbow_flex_joint,r_wrist_flex_joint))' of dimension 7 (locked) [
SO2 state space 'r_forearm_roll_joint'
 of weight 1
SO2 state space 'r_wrist_roll_joint'
 of weight 1
Real vector state space 'J(r_shoulder_pan_joint,r_shoulder_lift_joint,r_upper_arm_roll_joint,r_elbow_flex_joint,r_wrist_flex_joint)' of dimension 5 with bounds: 
  - min: -2.1354 -0.3536 -3.75 -2.1213 -2 
  - max: 0.564602 1.2963 0.65 -0.15 -0.1 
  and dimension names: 'r_shoulder_pan_joint' 'r_shoulder_lift_joint' 'r_upper_arm_roll_joint' 'r_elbow_flex_joint' 'r_wrist_flex_joint' 
 of weight 5
]
No registered projections
 of weight 0
Compound state space 'right_arm_Workspace' of dimension 6 (locked) [
Real vector state space 'RealVectorSpace62' of dimension 3 with bounds: 
  - min: -1 -1 -1 
  - max: 1 1 1 
 of weight 1
SO(3) state space 'SO3Space63' (represented using quaternions)
 of weight 0.5
]
Registered projections:
  - <default>
Projection of dimension 3
Cell sizes (computed defaults): [0.1 0.1 0.1]
 of weight 1
]
No registered projections
 of weight 1
]
Registered projections:
  - <default>
Projection of dimension 2
Cell sizes (computed defaults): [0.1 0.1]

Declared parameters:
longest_valid_segment_fraction = 0.050000000000000003
projection.cellsize.0 = 0.10000000000000001
projection.cellsize.1 = 0.10000000000000001
projection.cellsize_factor = 
valid_segment_count_factor = 1
Valid state sampler named uniform with parameters:
nr_attempts = 100
Planner LBKPIECE1 specs:
Multithreaded:                 No
Reports approximate solutions: No
Can optimize solutions:        No
Aware of the following parameters: border_fraction min_valid_path_fraction range
Declared parameters for planner LBKPIECE1:
border_fraction = 0.90000000000000002
min_valid_path_fraction = 0.5
range = 2.0139591767730605
Start states:
Compound state [
Compound state [
Compound state [
SO2State [0.898135]
SO2State [0.0402895]
RealVectorState [2.13008 0.893423 1.49479 -1.44857 -1.55074]
]
Compound state [
RealVectorState [0.0601908 0.690593 -0.327022]
SO3State [0.64157 -0.290995 -0.295914 0.645094]
]
]
Compound state [
Compound state [
SO2State [1.26707]
SO2State [-1.12132]
RealVectorState [0.495095 0.0952849 -2.93666 -1.06755 -1.48356]
]
Compound state [
RealVectorState [0.52373 0.159823 -0.326855]
SO3State [-0.292312 -0.641739 0.645547 0.293247]
]
]
]
Tag: -1
Flags: 24
Validity known: No
10 goal states, threshold = 2.22045e-16, memory address = 0x1e57990
Compound state [
Compound state [
Compound state [
SO2State [-1.07001]
SO2State [0.426203]
RealVectorState [-0.056477 0.206485 2.70591 -0.238801 -1.6267]
]
Compound state [
RealVectorState [0.779599 0.111828 -0.213326]
SO3State [-0.441687 0.553865 0.554184 -0.437065]
]
]
Compound state [
Compound state [
SO2State [-0.0152482]
SO2State [-0.321267]
RealVectorState [-0.872557 0.27542 -1.75356 -0.789074 -1.39915]
]
Compound state [
RealVectorState [0.616001 -0.573493 -0.210125]
SO3State [-0.551963 -0.439119 0.44099 0.555013]
]
]
]
Tag: -1
Flags: 29
Validity known: Yes
Validity value: True

Compound state [
Compound state [
Compound state [
SO2State [-1.07001]
SO2State [0.426203]
RealVectorState [-0.056477 0.206485 2.70591 -0.238801 -1.6267]
]
Compound state [
RealVectorState [0.779599 0.111828 -0.213326]
SO3State [-0.441687 0.553865 0.554184 -0.437065]
]
]
Compound state [
Compound state [
SO2State [-0.0152482]
SO2State [-0.321267]
RealVectorState [-0.872557 0.27542 -1.75356 -0.789074 -1.39915]
]
Compound state [
RealVectorState [0.616001 -0.573493 -0.210125]
SO3State [-0.551963 -0.439119 0.44099 0.555013]
]
]
]
Tag: -1
Flags: 29
Validity known: Yes
Validity value: True

Compound state [
Compound state [
Compound state [
SO2State [-1.07001]
SO2State [0.426203]
RealVectorState [-0.056477 0.206485 2.70591 -0.238801 -1.6267]
]
Compound state [
RealVectorState [0.779599 0.111828 -0.213326]
SO3State [-0.441687 0.553865 0.554184 -0.437065]
]
]
Compound state [
Compound state [
SO2State [-0.0152482]
SO2State [-0.321267]
RealVectorState [-0.872557 0.27542 -1.75356 -0.789074 -1.39915]
]
Compound state [
RealVectorState [0.616001 -0.573493 -0.210125]
SO3State [-0.551963 -0.439119 0.44099 0.555013]
]
]
]
Tag: -1
Flags: 29
Validity known: Yes
Validity value: True

Compound state [
Compound state [
Compound state [
SO2State [-1.07001]
SO2State [0.426203]
RealVectorState [-0.056477 0.206485 2.70591 -0.238801 -1.6267]
]
Compound state [
RealVectorState [0.779599 0.111828 -0.213326]
SO3State [-0.441687 0.553865 0.554184 -0.437065]
]
]
Compound state [
Compound state [
SO2State [-0.0152482]
SO2State [-0.321267]
RealVectorState [-0.872557 0.27542 -1.75356 -0.789074 -1.39915]
]
Compound state [
RealVectorState [0.616001 -0.573493 -0.210125]
SO3State [-0.551963 -0.439119 0.44099 0.555013]
]
]
]
Tag: -1
Flags: 29
Validity known: Yes
Validity value: True

Compound state [
Compound state [
Compound state [
SO2State [-1.07001]
SO2State [0.426203]
RealVectorState [-0.056477 0.206485 2.70591 -0.238801 -1.6267]
]
Compound state [
RealVectorState [0.779599 0.111828 -0.213326]
SO3State [-0.441687 0.553865 0.554184 -0.437065]
]
]
Compound state [
Compound state [
SO2State [-0.0152482]
SO2State [-0.321267]
RealVectorState [-0.872557 0.27542 -1.75356 -0.789074 -1.39915]
]
Compound state [
RealVectorState [0.616001 -0.573493 -0.210125]
SO3State [-0.551963 -0.439119 0.44099 0.555013]
]
]
]
Tag: -1
Flags: 29
Validity known: Yes
Validity value: True

Compound state [
Compound state [
Compound state [
SO2State [-1.07001]
SO2State [0.426203]
RealVectorState [-0.056477 0.206485 2.70591 -0.238801 -1.6267]
]
Compound state [
RealVectorState [0.779599 0.111828 -0.213326]
SO3State [-0.441687 0.553865 0.554184 -0.437065]
]
]
Compound state [
Compound state [
SO2State [-0.0152482]
SO2State [-0.321267]
RealVectorState [-0.872557 0.27542 -1.75356 -0.789074 -1.39915]
]
Compound state [
RealVectorState [0.616001 -0.573493 -0.210125]
SO3State [-0.551963 -0.439119 0.44099 0.555013]
]
]
]
Tag: -1
Flags: 29
Validity known: Yes
Validity value: True

Compound state [
Compound state [
Compound state [
SO2State [-1.07001]
SO2State [0.426203]
RealVectorState [-0.056477 0.206485 2.70591 -0.238801 -1.6267]
]
Compound state [
RealVectorState [0.779599 0.111828 -0.213326]
SO3State [-0.441687 0.553865 0.554184 -0.437065]
]
]
Compound state [
Compound state [
SO2State [-0.0152482]
SO2State [-0.321267]
RealVectorState [-0.872557 0.27542 -1.75356 -0.789074 -1.39915]
]
Compound state [
RealVectorState [0.616001 -0.573493 -0.210125]
SO3State [-0.551963 -0.439119 0.44099 0.555013]
]
]
]
Tag: -1
Flags: 29
Validity known: Yes
Validity value: True

Compound state [
Compound state [
Compound state [
SO2State [-1.07001]
SO2State [0.426203]
RealVectorState [-0.056477 0.206485 2.70591 -0.238801 -1.6267]
]
Compound state [
RealVectorState [0.779599 0.111828 -0.213326]
SO3State [-0.441687 0.553865 0.554184 -0.437065]
]
]
Compound state [
Compound state [
SO2State [-0.0152482]
SO2State [-0.321267]
RealVectorState [-0.872557 0.27542 -1.75356 -0.789074 -1.39915]
]
Compound state [
RealVectorState [0.616001 -0.573493 -0.210125]
SO3State [-0.551963 -0.439119 0.44099 0.555013]
]
]
]
Tag: -1
Flags: 29
Validity known: Yes
Validity value: True

Compound state [
Compound state [
Compound state [
SO2State [-1.07001]
SO2State [0.426203]
RealVectorState [-0.056477 0.206485 2.70591 -0.238801 -1.6267]
]
Compound state [
RealVectorState [0.779599 0.111828 -0.213326]
SO3State [-0.441687 0.553865 0.554184 -0.437065]
]
]
Compound state [
Compound state [
SO2State [-0.0152482]
SO2State [-0.321267]
RealVectorState [-0.872557 0.27542 -1.75356 -0.789074 -1.39915]
]
Compound state [
RealVectorState [0.616001 -0.573493 -0.210125]
SO3State [-0.551963 -0.439119 0.44099 0.555013]
]
]
]
Tag: -1
Flags: 29
Validity known: Yes
Validity value: True

Compound state [
Compound state [
Compound state [
SO2State [-1.07001]
SO2State [0.426203]
RealVectorState [-0.056477 0.206485 2.70591 -0.238801 -1.6267]
]
Compound state [
RealVectorState [0.779599 0.111828 -0.213326]
SO3State [-0.441687 0.553865 0.554184 -0.437065]
]
]
Compound state [
Compound state [
SO2State [-0.0152482]
SO2State [-0.321267]
RealVectorState [-0.872557 0.27542 -1.75356 -0.789074 -1.39915]
]
Compound state [
RealVectorState [0.616001 -0.573493 -0.210125]
SO3State [-0.551963 -0.439119 0.44099 0.555013]
]
]
]
Tag: -1
Flags: 29
Validity known: Yes
Validity value: True


Properties of benchmarked planners:
Planner LBKPIECE1 specs:
Multithreaded:                 No
Reports approximate solutions: No
Can optimize solutions:        No
Aware of the following parameters: border_fraction min_valid_path_fraction range
|>>>
42189164 is the random seed
15 seconds per run
4096 MB per run
50 runs per planner
836.649 seconds spent to collect the data
1 planners
geometric_LBKPIECE1
8 common properties
border_fraction = 0.90000000000000002
longest_valid_segment_fraction = 0.050000000000000003
min_valid_path_fraction = 0.5
projection.cellsize.0 = 0.10000000000000001
projection.cellsize.1 = 0.10000000000000001
projection.cellsize_factor = 
range = 2.0139591767730605
valid_segment_count_factor = 1
7 properties for each run
crashed BOOLEAN
graph motions INTEGER
graph states INTEGER
memory REAL
solved BOOLEAN
time REAL
valid segment fraction REAL
50 runs
0; 101; 112; 0; 0; 15.023633999999999; 0; 
0; 233; 244; 0.0390625; 0; 15.023396; 0; 
0; 39; 50; 0.0390625; 0; 15.023384999999999; 0; 
0; 532; 543; 0.0546875; 0; 15.023930999999999; 0.011627906976744186; 
0; 70; 81; 0.0546875; 0; 15.031869; 0; 
0; 49; 60; 0.0546875; 0; 15.032546; 0.014492753623188406; 
0; 127; 138; 0.0546875; 0; 15.023118; 0; 
0; 35; 46; 0.0546875; 0; 15.032671000000001; 0; 
0; 288; 299; 0.0546875; 0; 15.030341999999999; 0.0083333333333333332; 
0; 138; 149; 0.0546875; 0; 15.025086; 0.01282051282051282; 
0; 539; 550; 0.0546875; 0; 15.025078000000001; 0.006024096385542169; 
0; 114; 125; 0.0546875; 0; 15.030246; 0.0088495575221238937; 
0; 152; 163; 0.0546875; 0; 15.026052999999999; 0; 
0; 457; 468; 0.0546875; 0; 15.028942000000001; 0.0075187969924812026; 
0; 133; 144; 0.0546875; 0; 15.025271999999999; 0; 
0; 581; 592; 0.0546875; 0; 15.028257; 0; 
0; 49; 60; 0.0546875; 0; 15.019772; 0; 
0; 319; 330; 0.0546875; 0; 15.024956; 0; 
0; 87; 98; 0.0546875; 0; 15.025392999999999; 0.0080645161290322578; 
0; 14; 25; 0.0546875; 0; 15.026004; 0; 
0; 19; 30; 0.0546875; 0; 15.023246; 0; 
0; 168; 179; 0.0703125; 0; 15.030620000000001; 0; 
0; 85; 96; 0.0703125; 0; 15.021905; 0; 
0; 203; 214; 0.0703125; 0; 15.024774000000001; 0.016949152542372881; 
0; 42; 53; 0.0703125; 0; 15.024986; 0; 
0; 105; 116; 0.0703125; 0; 15.022881999999999; 0.019230769230769232; 
0; 25; 36; 0.0703125; 0; 15.021461; 0.0071428571428571426; 
0; 83; 94; 0.0703125; 0; 15.030312; 0; 
0; 575; 586; 0.0703125; 0; 15.033847; 0; 
0; 587; 598; 0.07421875; 0; 15.022368; 0.010471204188481676; 
0; 44; 55; 0.07421875; 0; 15.024378; 0; 
0; 167; 178; 0.07421875; 0; 15.02553; 0; 
0; 196; 207; 0.07421875; 0; 15.022702000000001; 0.012658227848101266; 
0; 25; 36; 0.07421875; 0; 15.021552; 0; 
0; 157; 168; 0.07421875; 0; 15.026597000000001; 0; 
0; 24; 35; 0.07421875; 0; 15.030733; 0; 
0; 248; 259; 0.07421875; 0; 15.029118; 0; 
0; 167; 178; 0.07421875; 0; 15.027449000000001; 0; 
0; 75; 86; 0.07421875; 0; 15.019964; 0; 
0; 561; 572; 0.07421875; 0; 15.030106; 0; 
0; 135; 146; 0.07421875; 0; 15.029132000000001; 0.036363636363636362; 
0; 28; 39; 0.07421875; 0; 15.031390999999999; 0; 
0; 94; 105; 0.07421875; 0; 15.025402; 0.020408163265306121; 
0; 582; 593; 0.07421875; 0; 15.024951; 0; 
0; 482; 493; 0.07421875; 0; 15.021163; 0; 
0; 225; 236; 0.07421875; 0; 15.033225; 0; 
0; 41; 52; 0.07421875; 0; 15.018587; 0; 
0; 54; 65; 0.07421875; 0; 15.033006; 0; 
0; 117; 128; 0.07421875; 0; 15.020073999999999; 0; 
0; 560; 571; 0.07421875; 0; 15.021687999999999; 0.0058139534883720929; 
.
