Experiment pr2_arms_experiment3_arms[LBKPIECEkConfigDefault]
Running on i7
Starting at 2012-03-09T06:52:22.197512
<<<|
Properties of the state space 'arms_PoseModel'
  - signature: 34 0 26 0 13 0 7 2 1 2 1 1 5 5 6 1 3 3 3 0 13 0 7 2 1 2 1 1 5 5 6 1 3 3 3 
  - dimension: 26
  - extent: 10.0698
  - sanity checks for state space passed
  - probability of valid states: 0.343
  - average length of a valid motion: 0.120376
Settings for the state space 'arms_PoseModel'
  - state validity check resolution: 5%
  - valid segment count factor: 1
  - state space:
Compound state space 'arms_PoseModel' of dimension 26 (locked) [
Compound state space 'CompoundSpace81' of dimension 13 (locked) [
Compound state space 'J(l_forearm_roll_joint,l_wrist_roll_joint,J(l_shoulder_pan_joint,l_shoulder_lift_joint,l_upper_arm_roll_joint,l_elbow_flex_joint,l_wrist_flex_joint))' of dimension 7 (locked) [
SO2 state space 'l_forearm_roll_joint'
 of weight 1
SO2 state space 'l_wrist_roll_joint'
 of weight 1
Real vector state space 'J(l_shoulder_pan_joint,l_shoulder_lift_joint,l_upper_arm_roll_joint,l_elbow_flex_joint,l_wrist_flex_joint)' of dimension 5 with bounds: 
  - min: -0.564602 -0.3536 -0.65 -2.1213 -2 
  - max: 2.1354 1.2963 3.75 -0.15 -0.1 
  and dimension names: 'l_shoulder_pan_joint' 'l_shoulder_lift_joint' 'l_upper_arm_roll_joint' 'l_elbow_flex_joint' 'l_wrist_flex_joint' 
 of weight 5
]
No registered projections
 of weight 0
Compound state space 'left_arm_Workspace' of dimension 6 (locked) [
Real vector state space 'RealVectorSpace83' of dimension 3 with bounds: 
  - min: -1 -1 -1 
  - max: 1 1 1 
 of weight 1
SO(3) state space 'SO3Space84' (represented using quaternions)
 of weight 0.5
]
Registered projections:
  - <default>
Projection of dimension 3
Cell sizes (computed defaults): [0.1 0.1 0.1]
 of weight 1
]
No registered projections
 of weight 1
Compound state space 'CompoundSpace71' of dimension 13 (locked) [
Compound state space 'J(r_forearm_roll_joint,r_wrist_roll_joint,J(r_shoulder_pan_joint,r_shoulder_lift_joint,r_upper_arm_roll_joint,r_elbow_flex_joint,r_wrist_flex_joint))' of dimension 7 (locked) [
SO2 state space 'r_forearm_roll_joint'
 of weight 1
SO2 state space 'r_wrist_roll_joint'
 of weight 1
Real vector state space 'J(r_shoulder_pan_joint,r_shoulder_lift_joint,r_upper_arm_roll_joint,r_elbow_flex_joint,r_wrist_flex_joint)' of dimension 5 with bounds: 
  - min: -2.1354 -0.3536 -3.75 -2.1213 -2 
  - max: 0.564602 1.2963 0.65 -0.15 -0.1 
  and dimension names: 'r_shoulder_pan_joint' 'r_shoulder_lift_joint' 'r_upper_arm_roll_joint' 'r_elbow_flex_joint' 'r_wrist_flex_joint' 
 of weight 5
]
No registered projections
 of weight 0
Compound state space 'right_arm_Workspace' of dimension 6 (locked) [
Real vector state space 'RealVectorSpace73' of dimension 3 with bounds: 
  - min: -1 -1 -1 
  - max: 1 1 1 
 of weight 1
SO(3) state space 'SO3Space74' (represented using quaternions)
 of weight 0.5
]
Registered projections:
  - <default>
Projection of dimension 3
Cell sizes (computed defaults): [0.1 0.1 0.1]
 of weight 1
]
No registered projections
 of weight 1
]
Registered projections:
  - <default>
Projection of dimension 2
Cell sizes (computed defaults): [0.1 0.1]

Declared parameters:
longest_valid_segment_fraction = 0.050000000000000003
projection.cellsize.0 = 0.10000000000000001
projection.cellsize.1 = 0.10000000000000001
projection.cellsize_factor = 
valid_segment_count_factor = 1
Valid state sampler named uniform with parameters:
nr_attempts = 100
Planner LBKPIECE1 specs:
Multithreaded:                 No
Reports approximate solutions: No
Can optimize solutions:        No
Aware of the following parameters: border_fraction min_valid_path_fraction range
Declared parameters for planner LBKPIECE1:
border_fraction = 0.90000000000000002
min_valid_path_fraction = 0.5
range = 2.0139591767730605
Start states:
Compound state [
Compound state [
Compound state [
SO2State [0.898135]
SO2State [0.0402895]
RealVectorState [2.13008 0.893423 1.49479 -1.44857 -1.55074]
]
Compound state [
RealVectorState [0.0601908 0.690593 -0.327022]
SO3State [0.64157 -0.290995 -0.295914 0.645094]
]
]
Compound state [
Compound state [
SO2State [1.26707]
SO2State [-1.12132]
RealVectorState [0.495095 0.0952849 -2.93666 -1.06755 -1.48356]
]
Compound state [
RealVectorState [0.52373 0.159823 -0.326855]
SO3State [-0.292312 -0.641739 0.645547 0.293247]
]
]
]
Tag: -1
Flags: 24
Validity known: No
10 goal states, threshold = 2.22045e-16, memory address = 0x7f51fc88dba0
Compound state [
Compound state [
Compound state [
SO2State [-1.07001]
SO2State [0.426203]
RealVectorState [-0.056477 0.206485 2.70591 -0.238801 -1.6267]
]
Compound state [
RealVectorState [0.779599 0.111828 -0.213326]
SO3State [-0.441687 0.553865 0.554184 -0.437065]
]
]
Compound state [
Compound state [
SO2State [-0.0152482]
SO2State [-0.321267]
RealVectorState [-0.872557 0.27542 -1.75356 -0.789074 -1.39915]
]
Compound state [
RealVectorState [0.616001 -0.573493 -0.210125]
SO3State [-0.551963 -0.439119 0.44099 0.555013]
]
]
]
Tag: -1
Flags: 29
Validity known: Yes
Validity value: True

Compound state [
Compound state [
Compound state [
SO2State [-1.07001]
SO2State [0.426203]
RealVectorState [-0.056477 0.206485 2.70591 -0.238801 -1.6267]
]
Compound state [
RealVectorState [0.779599 0.111828 -0.213326]
SO3State [-0.441687 0.553865 0.554184 -0.437065]
]
]
Compound state [
Compound state [
SO2State [-0.0152482]
SO2State [-0.321267]
RealVectorState [-0.872557 0.27542 -1.75356 -0.789074 -1.39915]
]
Compound state [
RealVectorState [0.616001 -0.573493 -0.210125]
SO3State [-0.551963 -0.439119 0.44099 0.555013]
]
]
]
Tag: -1
Flags: 29
Validity known: Yes
Validity value: True

Compound state [
Compound state [
Compound state [
SO2State [-1.07001]
SO2State [0.426203]
RealVectorState [-0.056477 0.206485 2.70591 -0.238801 -1.6267]
]
Compound state [
RealVectorState [0.779599 0.111828 -0.213326]
SO3State [-0.441687 0.553865 0.554184 -0.437065]
]
]
Compound state [
Compound state [
SO2State [-0.0152482]
SO2State [-0.321267]
RealVectorState [-0.872557 0.27542 -1.75356 -0.789074 -1.39915]
]
Compound state [
RealVectorState [0.616001 -0.573493 -0.210125]
SO3State [-0.551963 -0.439119 0.44099 0.555013]
]
]
]
Tag: -1
Flags: 29
Validity known: Yes
Validity value: True

Compound state [
Compound state [
Compound state [
SO2State [-1.07001]
SO2State [0.426203]
RealVectorState [-0.056477 0.206485 2.70591 -0.238801 -1.6267]
]
Compound state [
RealVectorState [0.779599 0.111828 -0.213326]
SO3State [-0.441687 0.553865 0.554184 -0.437065]
]
]
Compound state [
Compound state [
SO2State [-0.0152482]
SO2State [-0.321267]
RealVectorState [-0.872557 0.27542 -1.75356 -0.789074 -1.39915]
]
Compound state [
RealVectorState [0.616001 -0.573493 -0.210125]
SO3State [-0.551963 -0.439119 0.44099 0.555013]
]
]
]
Tag: -1
Flags: 29
Validity known: Yes
Validity value: True

Compound state [
Compound state [
Compound state [
SO2State [-1.07001]
SO2State [0.426203]
RealVectorState [-0.056477 0.206485 2.70591 -0.238801 -1.6267]
]
Compound state [
RealVectorState [0.779599 0.111828 -0.213326]
SO3State [-0.441687 0.553865 0.554184 -0.437065]
]
]
Compound state [
Compound state [
SO2State [-0.0152482]
SO2State [-0.321267]
RealVectorState [-0.872557 0.27542 -1.75356 -0.789074 -1.39915]
]
Compound state [
RealVectorState [0.616001 -0.573493 -0.210125]
SO3State [-0.551963 -0.439119 0.44099 0.555013]
]
]
]
Tag: -1
Flags: 29
Validity known: Yes
Validity value: True

Compound state [
Compound state [
Compound state [
SO2State [-1.07001]
SO2State [0.426203]
RealVectorState [-0.056477 0.206485 2.70591 -0.238801 -1.6267]
]
Compound state [
RealVectorState [0.779599 0.111828 -0.213326]
SO3State [-0.441687 0.553865 0.554184 -0.437065]
]
]
Compound state [
Compound state [
SO2State [-0.0152482]
SO2State [-0.321267]
RealVectorState [-0.872557 0.27542 -1.75356 -0.789074 -1.39915]
]
Compound state [
RealVectorState [0.616001 -0.573493 -0.210125]
SO3State [-0.551963 -0.439119 0.44099 0.555013]
]
]
]
Tag: -1
Flags: 29
Validity known: Yes
Validity value: True

Compound state [
Compound state [
Compound state [
SO2State [-1.07001]
SO2State [0.426203]
RealVectorState [-0.056477 0.206485 2.70591 -0.238801 -1.6267]
]
Compound state [
RealVectorState [0.779599 0.111828 -0.213326]
SO3State [-0.441687 0.553865 0.554184 -0.437065]
]
]
Compound state [
Compound state [
SO2State [-0.0152482]
SO2State [-0.321267]
RealVectorState [-0.872557 0.27542 -1.75356 -0.789074 -1.39915]
]
Compound state [
RealVectorState [0.616001 -0.573493 -0.210125]
SO3State [-0.551963 -0.439119 0.44099 0.555013]
]
]
]
Tag: -1
Flags: 29
Validity known: Yes
Validity value: True

Compound state [
Compound state [
Compound state [
SO2State [-1.07001]
SO2State [0.426203]
RealVectorState [-0.056477 0.206485 2.70591 -0.238801 -1.6267]
]
Compound state [
RealVectorState [0.779599 0.111828 -0.213326]
SO3State [-0.441687 0.553865 0.554184 -0.437065]
]
]
Compound state [
Compound state [
SO2State [-0.0152482]
SO2State [-0.321267]
RealVectorState [-0.872557 0.27542 -1.75356 -0.789074 -1.39915]
]
Compound state [
RealVectorState [0.616001 -0.573493 -0.210125]
SO3State [-0.551963 -0.439119 0.44099 0.555013]
]
]
]
Tag: -1
Flags: 29
Validity known: Yes
Validity value: True

Compound state [
Compound state [
Compound state [
SO2State [-1.07001]
SO2State [0.426203]
RealVectorState [-0.056477 0.206485 2.70591 -0.238801 -1.6267]
]
Compound state [
RealVectorState [0.779599 0.111828 -0.213326]
SO3State [-0.441687 0.553865 0.554184 -0.437065]
]
]
Compound state [
Compound state [
SO2State [-0.0152482]
SO2State [-0.321267]
RealVectorState [-0.872557 0.27542 -1.75356 -0.789074 -1.39915]
]
Compound state [
RealVectorState [0.616001 -0.573493 -0.210125]
SO3State [-0.551963 -0.439119 0.44099 0.555013]
]
]
]
Tag: -1
Flags: 29
Validity known: Yes
Validity value: True

Compound state [
Compound state [
Compound state [
SO2State [-1.07001]
SO2State [0.426203]
RealVectorState [-0.056477 0.206485 2.70591 -0.238801 -1.6267]
]
Compound state [
RealVectorState [0.779599 0.111828 -0.213326]
SO3State [-0.441687 0.553865 0.554184 -0.437065]
]
]
Compound state [
Compound state [
SO2State [-0.0152482]
SO2State [-0.321267]
RealVectorState [-0.872557 0.27542 -1.75356 -0.789074 -1.39915]
]
Compound state [
RealVectorState [0.616001 -0.573493 -0.210125]
SO3State [-0.551963 -0.439119 0.44099 0.555013]
]
]
]
Tag: -1
Flags: 29
Validity known: Yes
Validity value: True


Properties of benchmarked planners:
Planner LBKPIECE1 specs:
Multithreaded:                 No
Reports approximate solutions: No
Can optimize solutions:        No
Aware of the following parameters: border_fraction min_valid_path_fraction range
|>>>
3400328079 is the random seed
15 seconds per run
4096 MB per run
100 runs per planner
69.638 seconds spent to collect the data
1 planners
geometric_LBKPIECE1
8 common properties
border_fraction = 0.90000000000000002
longest_valid_segment_fraction = 0.050000000000000003
min_valid_path_fraction = 0.5
projection.cellsize.0 = 0.10000000000000001
projection.cellsize.1 = 0.10000000000000001
projection.cellsize_factor = 
range = 2.0139591767730605
valid_segment_count_factor = 1
22 properties for each run
approximate solution BOOLEAN
correct solution BOOLEAN
correct solution strict BOOLEAN
crashed BOOLEAN
graph motions INTEGER
graph states INTEGER
memory REAL
simplification time REAL
simplified correct solution BOOLEAN
simplified correct solution strict BOOLEAN
simplified solution clearance REAL
simplified solution length REAL
simplified solution segments INTEGER
simplified solution smoothness REAL
solution clearance REAL
solution difference REAL
solution length REAL
solution segments INTEGER
solution smoothness REAL
solved BOOLEAN
time REAL
valid segment fraction REAL
100 runs
0; 1; 1; 0; 711; 722; 0.25390625; 0.070232000000000003; 1; 1; 0; 5.0468449516425666; 28; 285.50041808996684; 0; 0; 27.857892092582208; 37; 295.54044719593287; 1; 0.604599; 0.15939597315436241; 
0; 1; 1; 0; 363; 374; 0.421875; 0.085429000000000005; 1; 1; 0; 4.5483155590313995; 32; 207.6998592480011; 0; 0; 20.182631272834985; 25; 163.97651048806239; 1; 0.45289099999999999; 0.15221987315010571; 
0; 1; 1; 0; 578; 589; 0.421875; 0.10438; 1; 1; 0; 6.581292443317337; 56; 735.5262557473834; 0; 0; 41.81107288265828; 57; 454.22636951066778; 1; 0.70745899999999995; 0.10692588092345079; 
0; 1; 1; 0; 426; 437; 0.421875; 0.092119000000000006; 1; 1; 0; 7.2352732557702817; 40; 1090.3462647939282; 0; 0; 36.648324251787656; 53; 564.4808713922331; 1; 0.77920400000000001; 0.064735945485519586; 
0; 1; 1; 0; 696; 707; 0.421875; 0.085630999999999999; 1; 1; 0; 5.1618922823326487; 40; 790.31616643470625; 0; 0; 53.069082204838452; 59; 396.20301118070671; 1; 0.43702200000000002; 0.20551378446115287; 
0; 1; 1; 0; 228; 239; 0.5703125; 0.071922; 1; 1; 0; 5.1840943916008353; 48; 1068.8275530104174; 0; 0; 16.163250494377998; 23; 151.91530102118821; 1; 0.392901; 0.15954415954415954; 
0; 1; 1; 0; 486; 497; 0.5703125; 0.060922999999999998; 1; 1; 0; 4.4769912651071069; 40; 247.87863982562635; 0; 0; 15.736123932152328; 24; 219.12561752365337; 1; 0.462285; 0.13620071684587814; 
0; 1; 1; 0; 154; 165; 0.5703125; 0.079634999999999997; 1; 1; 0; 6.4302797079761183; 56; 1398.8184867407901; 0; 0; 20.896365755763419; 24; 214.37883862183875; 1; 0.31384200000000001; 0.10962566844919786; 
0; 1; 1; 0; 664; 675; 0.5703125; 0.105089; 1; 1; 0; 8.8946537273192199; 52; 848.21874191104587; 0; 0; 24.897334431115105; 32; 168.99062259346823; 1; 0.48130800000000001; 0.1728395061728395; 
0; 1; 1; 0; 423; 434; 0.5703125; 0.091318999999999997; 1; 1; 0; 6.3232778787389865; 40; 2162.92857564929; 0; 0; 34.349256750544264; 43; 320.3179144428434; 1; 0.51619599999999999; 0.15811088295687886; 
0; 1; 1; 0; 1408; 1419; 0.53515625; 0.078134999999999996; 1; 1; 0; 5.3780603660810353; 28; 256.84946981075404; 0; 0; 38.527819303027862; 45; 307.3322487820347; 1; 0.85294499999999995; 0.13953488372093023; 
0; 1; 1; 0; 484; 495; 0.53515625; 0.073298000000000002; 1; 1; 0; 6.7294989357941439; 32; 314.6759202397443; 0; 0; 18.923305076609676; 25; 141.20532858783113; 1; 0.70944499999999999; 0.090382387022016217; 
0; 1; 1; 0; 452; 463; 0.53515625; 0.094955999999999999; 1; 1; 0; 5.3178451097110031; 48; 1045.1387042435099; 0; 0; 27.957302594781172; 38; 329.92918016299075; 1; 0.36604500000000001; 0.24203821656050956; 
0; 1; 1; 0; 241; 252; 0.53515625; 0.077157000000000003; 1; 1; 0; 4.8973323790824494; 40; 407.58051890200841; 0; 0; 22.698170149172533; 27; 176.34734951535631; 1; 0.354995; 0.17027027027027028; 
0; 1; 1; 0; 474; 485; 0.53515625; 0.088999999999999996; 1; 1; 0; 6.1220012405280322; 64; 2325.4947096884744; 0; 0; 18.130280883321895; 24; 195.76221444512822; 1; 0.42237200000000003; 0.11923076923076924; 
0; 1; 1; 0; 453; 464; 0.53515625; 0.072899000000000005; 1; 1; 0; 4.7853129000430332; 24; 142.26263983711132; 0; 0; 28.690111177448852; 36; 276.52368188191861; 1; 0.58733199999999997; 0.13987138263665594; 
0; 1; 1; 0; 234; 245; 0.58984375; 0.078391000000000002; 1; 1; 0; 5.6907776504475978; 64; 24484.499469026079; 0; 0; 21.964393313230481; 29; 177.84553767688638; 1; 0.29586200000000001; 0.16568047337278108; 
0; 1; 1; 0; 346; 357; 0.58984375; 0.088300000000000003; 1; 1; 0; 4.4119115410961225; 80; 1713.8610720726876; 0; 0; 16.629284978014748; 19; 132.47753946928725; 1; 0.48243900000000001; 0.14398422090729784; 
0; 1; 1; 0; 105; 116; 0.58984375; 0.080088999999999994; 1; 1; 0; 6.0257227925712709; 32; 505.01980874112689; 0; 0; 13.53852134838321; 17; 84.051227759949668; 1; 0.25563200000000003; 0.090659340659340656; 
0; 1; 1; 0; 243; 254; 0.58984375; 0.094672999999999993; 1; 1; 0; 5.563110534359466; 56; 1291.3950657946104; 0; 0; 21.752880459429104; 29; 215.12040722020777; 1; 0.31057099999999999; 0.14534883720930233; 
0; 1; 1; 0; 863; 874; 0.58984375; 0.077415999999999999; 1; 1; 0; 4.896846177974246; 56; 1200.3255081847337; 0; 0; 19.089714592956827; 25; 177.79028467730222; 1; 0.65182200000000001; 0.2039151712887439; 
0; 1; 1; 0; 259; 270; 0.58984375; 0.072755; 1; 1; 0; 4.8651071498027632; 48; 1213.6639239915723; 0; 0; 19.563669550582865; 24; 135.38269768906372; 1; 0.351829; 0.17142857142857143; 
0; 1; 1; 0; 130; 141; 0.58984375; 0.072455000000000006; 1; 1; 0; 4.3144505958783483; 40; 205.3356847930425; 0; 0; 11.602541293484338; 18; 166.58030764672114; 1; 0.30098799999999998; 0.14130434782608695; 
0; 1; 1; 0; 588; 599; 0.58984375; 0.10197100000000001; 1; 1; 0; 8.4497882620894735; 48; 1065.4999944121348; 0; 0; 34.516402973191681; 45; 404.32759955791397; 1; 0.40328599999999998; 0.14225053078556263; 
0; 1; 1; 0; 340; 351; 0.58984375; 0.067500000000000004; 1; 1; 0; 5.6692844775239104; 28; 287.46389422698951; 0; 0; 21.586652401569488; 30; 235.21185064557793; 1; 0.34227099999999999; 0.16187989556135771; 
0; 1; 1; 0; 1007; 1018; 0.58984375; 0.074674000000000004; 1; 1; 0; 4.5609879541659435; 24; 415.64885444699439; 0; 0; 45.162426498172771; 57; 441.30650474623673; 1; 0.77117199999999997; 0.20124804992199688; 
0; 1; 1; 0; 432; 443; 0.58984375; 0.091234999999999997; 1; 1; 0; 4.2367553356309786; 40; 678.71624540362041; 0; 0; 30.036530054341519; 38; 282.03933663265582; 1; 0.47793200000000002; 0.11016949152542373; 
0; 1; 1; 0; 90; 101; 0.58984375; 0.082507999999999998; 1; 1; 0; 4.7272960301432896; 48; 682.81579153466578; 0; 0; 18.252363963264731; 24; 222.45109104936043; 1; 0.21072199999999999; 0.11904761904761904; 
0; 1; 1; 0; 702; 713; 0.609375; 0.130385; 0; 0; 0; 5.0760695579036135; 40; 1143.1824352965245; 0; 0; 29.207434659518849; 32; 228.28549530555219; 1; 0.63274900000000001; 0.15755627009646303; 
0; 1; 1; 0; 766; 777; 0.609375; 0.081293000000000004; 1; 1; 0; 4.7014872668643841; 24; 216.32155144418627; 0; 0; 24.773233519795493; 31; 296.99043833764205; 1; 0.57166300000000003; 0.14355628058727568; 
0; 1; 1; 0; 279; 290; 0.609375; 0.082998000000000002; 1; 1; 0; 4.5068232753330735; 40; 264.80768774744308; 0; 0; 22.810918837260271; 27; 164.35160325600486; 1; 0.44054700000000002; 0.1855421686746988; 
0; 1; 1; 0; 70; 81; 0.609375; 0.06166; 1; 1; 0; 4.3917934833866399; 40; 796.94122266897216; 0; 0; 13.410589966204553; 18; 144.51988035049678; 1; 0.21168200000000001; 0.17703349282296652; 
0; 1; 1; 0; 158; 169; 0.609375; 0.063283000000000006; 1; 1; 0; 5.916735944884274; 32; 712.25756144070647; 0; 0; 22.308944512697568; 28; 186.07901417587487; 1; 0.24391099999999999; 0.13043478260869565; 
0; 1; 1; 0; 487; 498; 0.609375; 0.071433999999999997; 1; 1; 0; 6.5313732663027722; 40; 1144.8739250043216; 0; 0; 20.089395622248421; 29; 227.91280618898176; 1; 0.48228199999999999; 0.2099056603773585; 
0; 1; 1; 0; 245; 256; 0.609375; 0.052136000000000002; 1; 1; 0; 5.2716163304353749; 24; 336.34551995277286; 0; 0; 21.28228685879408; 26; 192.47166963654121; 1; 0.36502600000000002; 0.15508021390374332; 
0; 1; 1; 0; 1003; 1014; 1.37890625; 0.071637000000000006; 1; 1; 0; 4.9714433564871836; 48; 1499.2521027031876; 0; 0; 29.378904085476229; 39; 280.6993066131713; 1; 0.61374899999999999; 0.17924528301886791; 
0; 1; 1; 0; 249; 260; 1.421875; 0.081415000000000001; 1; 1; 0; 5.2887392247898717; 28; 225.83714803480424; 0; 0; 21.786844076215719; 32; 288.53932730395144; 1; 0.239289; 0.16412213740458015; 
0; 1; 1; 0; 697; 708; 1.421875; 0.071640999999999996; 1; 1; 0; 5.1118977522558735; 28; 409.05189015671192; 0; 0; 29.567900756585111; 34; 256.35329490572423; 1; 0.60353199999999996; 0.1419939577039275; 
0; 1; 1; 0; 108; 119; 1.421875; 0.078520999999999994; 1; 1; 0; 6.0575819527880466; 36; 709.78581509571256; 0; 0; 11.665185414463767; 18; 136.66104879061575; 1; 0.21418100000000001; 0.12758620689655173; 
0; 1; 1; 0; 1030; 1041; 1.421875; 0.110761; 1; 1; 0; 5.1721704466682095; 64; 2085.1730402801618; 0; 0; 50.53331299372806; 60; 392.92853610979597; 1; 0.84209100000000003; 0.16; 
0; 1; 1; 0; 142; 153; 1.54296875; 0.095369999999999996; 1; 1; 0; 6.9847173931524802; 64; 1907.7829701198086; 0; 0; 17.948518688024667; 21; 149.64307715093773; 1; 0.27995999999999999; 0.16603773584905659; 
0; 1; 1; 0; 118; 129; 1.546875; 0.048237000000000002; 1; 1; 0; 4.6388742431736363; 20; 98.968070803461913; 0; 0; 16.40299873214439; 19; 105.85468201944752; 1; 0.23277600000000001; 0.11428571428571428; 
0; 1; 1; 0; 140; 151; 1.546875; 0.078233999999999998; 1; 1; 0; 5.8209418491550409; 64; 1999.2615934679613; 0; 0; 15.437048267048796; 22; 142.63341840444414; 1; 0.20562900000000001; 0.1276595744680851; 
0; 1; 1; 0; 270; 281; 1.58203125; 0.070328000000000002; 1; 1; 0; 6.2718937145721325; 32; 734.31886328021369; 0; 0; 20.04602978990301; 25; 202.40106950648149; 1; 0.26705699999999999; 0.13559322033898305; 
0; 1; 1; 0; 576; 587; 1.58203125; 0.067880999999999997; 1; 1; 0; 5.4307076413877944; 32; 361.14301859077608; 0; 0; 24.25702580659523; 33; 304.19439909582343; 1; 0.642343; 0.14064697609001406; 
0; 1; 1; 0; 302; 313; 1.58203125; 0.122729; 1; 1; 0; 6.2327507692490327; 72; 3879.7671513155574; 0; 0; 23.85003442073068; 32; 238.04847267381541; 1; 0.309979; 0.21818181818181817; 
0; 1; 1; 0; 260; 271; 1.58203125; 0.056991; 1; 1; 0; 4.851159557456449; 28; 690.96991350103212; 0; 0; 20.168854718957203; 26; 236.36026127044977; 1; 0.27076699999999998; 0.1793103448275862; 
0; 1; 1; 0; 557; 568; 1.69921875; 0.074227000000000001; 1; 1; 0; 5.5964676825486297; 32; 628.51820718589181; 0; 0; 27.542998070027561; 42; 447.88253937735163; 1; 0.68263799999999997; 0.1939799331103679; 
0; 1; 1; 0; 327; 338; 1.8359375; 0.10784100000000001; 1; 1; 0; 4.8245435490096735; 64; 1847.4415544854644; 0; 0; 15.366883296414697; 23; 252.20522306982735; 1; 0.39329199999999997; 0.11958762886597939; 
0; 1; 1; 0; 92; 103; 1.8359375; 0.070995000000000003; 1; 1; 0; 4.8128655279134263; 48; 910.3645503626409; 0; 0; 13.648969439732102; 18; 156.94114929837366; 1; 0.26379900000000001; 0.13576158940397351; 
0; 1; 1; 0; 161; 172; 1.8359375; 0.083977999999999997; 1; 1; 0; 3.8957179199244849; 40; 479.7842585243074; 0; 0; 19.42387981349; 23; 149.43453856470342; 1; 0.31974599999999997; 0.11299435028248588; 
0; 1; 1; 0; 1110; 1121; 2.34765625; 0.079514000000000001; 1; 1; 0; 6.0550426916826563; 32; 435.32587816840578; 0; 0; 35.88197804781845; 48; 410.43589128372605; 1; 0.76808900000000002; 0.14065934065934066; 
0; 1; 1; 0; 228; 239; 2.43359375; 0.087372000000000005; 1; 1; 0; 5.6014777413754002; 56; 1445.3552730836873; 0; 0; 29.145472078267744; 37; 335.04054106331984; 1; 0.40570099999999998; 0.15346534653465346; 
0; 1; 1; 0; 1306; 1317; 2.6875; 0.104534; 1; 1; 0; 5.3424046472779514; 56; 974.24180615376258; 0; 0; 35.18897190233961; 52; 523.15969448546332; 1; 0.63221000000000005; 0.1449067431850789; 
0; 1; 1; 0; 164; 175; 2.76953125; 0.096867999999999996; 1; 1; 0; 5.6098288662617897; 56; 1356.5266519608747; 0; 0; 14.47253804373978; 18; 111.45166732975102; 1; 0.37254100000000001; 0.050734312416555405; 
0; 1; 1; 0; 203; 214; 3; 0.095061000000000007; 1; 1; 0; 5.5354235471496587; 64; 2398.2414897746417; 0; 0; 15.00152867034827; 22; 195.60683370150215; 1; 0.25577299999999997; 0.1991869918699187; 
0; 1; 1; 0; 130; 141; 3; 0.079439999999999997; 1; 1; 0; 4.4790960363646928; 48; 1296.86146788116; 0; 0; 21.549922186784407; 27; 169.76454700490925; 1; 0.191748; 0.13565891472868216; 
0; 0; 0; 0; 318; 329; 3; 0.101383; 1; 1; 0; 6.3977095710583178; 56; 991.34072340130308; 0; 0; 22.902200781202868; 29; 260.29353694836766; 1; 0.35611199999999998; 0.15691489361702127; 
0; 1; 1; 0; 278; 289; 2.3125; 0.070882000000000001; 1; 1; 0; 4.5727963975683181; 24; 196.19593947224405; 0; 0; 34.518856576295939; 47; 468.64713336569446; 1; 0.34298699999999999; 0.22408026755852842; 
0; 1; 1; 0; 182; 193; 2.3125; 0.082695000000000005; 1; 1; 0; 5.5190779592388628; 48; 605.73960063916979; 0; 0; 31.050188042699123; 35; 220.09383425210135; 1; 0.23492199999999999; 0.25862068965517243; 
0; 1; 1; 0; 403; 414; 2.3125; 0.087573999999999999; 1; 1; 0; 5.5151050507446788; 32; 700.62494725651743; 0; 0; 21.930954438803404; 32; 262.77566672479702; 1; 0.53881199999999996; 0.15427509293680297; 
0; 1; 1; 0; 383; 394; 2.3515625; 0.063181000000000001; 1; 1; 0; 5.1588823599394891; 28; 241.89729130289572; 0; 0; 27.114395225939148; 36; 302.95874745047303; 1; 0.67283700000000002; 0.11936339522546419; 
0; 1; 1; 0; 451; 462; 2.484375; 0.091363; 1; 1; 0; 4.5400014295085525; 56; 1330.3112582823899; 0; 0; 28.651649536534809; 38; 234.22395331506843; 1; 0.52077499999999999; 0.15173674588665448; 
0; 1; 1; 0; 1177; 1188; 3.25390625; 0.109334; 1; 1; 0; 6.2779516074908948; 80; 5731.711448398235; 0; 0; 38.838150163298259; 53; 496.92699051297228; 1; 0.73895500000000003; 0.1780250347705146; 
0; 1; 1; 0; 125; 136; 3.32421875; 0.065835000000000005; 1; 1; 0; 5.353308678385809; 28; 245.97368389680273; 0; 0; 15.187872616126509; 18; 135.16576024146315; 1; 0.22884299999999999; 0.12847222222222221; 
0; 1; 1; 0; 421; 432; 3.328125; 0.067139000000000004; 1; 1; 0; 4.6803298136700082; 24; 100.82394946619463; 0; 0; 17.332756121022726; 22; 145.24555497642575; 1; 0.41023900000000002; 0.19788918205804748; 
0; 1; 1; 0; 406; 417; 3.36328125; 0.081099000000000004; 1; 1; 0; 4.4221051380432774; 28; 214.7680945211998; 0; 0; 33.353215505852198; 44; 421.2307382054347; 1; 0.52250099999999999; 0.084604715672676842; 
0; 1; 1; 0; 283; 294; 3.36328125; 0.086480000000000001; 1; 1; 0; 4.5580158728812536; 48; 1221.0011825827412; 0; 0; 13.295510663986541; 21; 204.72105512499166; 1; 0.28930800000000001; 0.11479591836734694; 
0; 1; 1; 0; 513; 524; 3.36328125; 0.089602000000000001; 1; 1; 0; 6.3819295397368503; 64; 2524.9377270664772; 0; 0; 19.060445157387129; 22; 123.01543841014929; 1; 0.72615200000000002; 0.135678391959799; 
0; 1; 1; 0; 666; 677; 3.36328125; 0.070374999999999993; 1; 1; 0; 6.5799192313013126; 32; 1282.6815865551548; 0; 0; 15.706251357952585; 20; 168.09620902084984; 1; 0.408802; 0.10085470085470086; 
0; 1; 1; 0; 256; 267; 3.36328125; 0.078835000000000002; 1; 1; 0; 4.842988033381328; 48; 613.60090683940825; 0; 0; 32.101213701814572; 38; 218.24582008853275; 1; 0.38650400000000001; 0.16210045662100456; 
0; 1; 1; 0; 615; 626; 3.390625; 0.085651000000000005; 1; 1; 0; 4.9369609822057443; 48; 1036.1549234136351; 0; 0; 30.631481976906699; 40; 235.18133855950256; 1; 0.63444999999999996; 0.16337522441651706; 
0; 1; 1; 0; 357; 368; 3.390625; 0.101879; 1; 1; 0; 5.6648089587829267; 64; 1182.4254889911044; 0; 0; 26.404599240167098; 35; 241.57679299009999; 1; 0.63761699999999999; 0.12133891213389121; 
0; 1; 1; 0; 449; 460; 3.390625; 0.084501999999999994; 1; 1; 0; 6.9989106532342156; 44; 957.09529532302611; 0; 0; 22.24207438114691; 30; 265.47146530157028; 1; 0.35072199999999998; 0.14351851851851852; 
0; 1; 1; 0; 209; 220; 3.40234375; 0.078598000000000001; 1; 1; 0; 5.5606727792232329; 48; 999.57851508144086; 0; 0; 15.914810392258241; 20; 121.25040260754324; 1; 0.37566699999999997; 0.17414248021108181; 
0; 1; 1; 0; 432; 443; 3.40234375; 0.065140000000000003; 1; 1; 0; 5.3462342574355937; 28; 165.34393939392285; 0; 0; 22.486155756413339; 32; 330.13020006281778; 1; 0.70808599999999999; 0.093048128342245989; 
0; 1; 1; 0; 572; 583; 3.48828125; 0.068544999999999995; 1; 1; 0; 5.8337610277405982; 32; 230.93357072020859; 0; 0; 25.286092604114405; 32; 243.87649625248244; 1; 0.53564000000000001; 0.20000000000000001; 
0; 1; 1; 0; 626; 637; 3.51953125; 0.121238; 1; 1; 0; 7.4578528260625596; 80; 2906.433669064997; 0; 0; 33.325990368753239; 44; 446.02654937371187; 1; 0.62064900000000001; 0.1134020618556701; 
0; 1; 1; 0; 114; 125; 3.76171875; 0.061110999999999999; 1; 1; 0; 5.5450078212950755; 32; 527.45301724686544; 0; 0; 16.295846992945254; 27; 346.05492475655507; 1; 0.21846299999999999; 0.13622291021671826; 
0; 1; 1; 0; 161; 172; 3.76171875; 0.117059; 1; 1; 0; 5.1388584166487501; 48; 955.44025879533035; 0; 0; 37.466955813837856; 44; 303.07651917938341; 1; 0.3745; 0.16111111111111112; 
0; 1; 1; 0; 387; 398; 3.76171875; 0.086313000000000001; 1; 1; 0; 6.5741325068625036; 44; 949.68938633683251; 0; 0; 30.454248691971092; 41; 340.49360097255629; 1; 0.44687399999999999; 0.15445544554455445; 
0; 1; 1; 0; 182; 193; 3.79296875; 0.10161299999999999; 1; 1; 0; 5.222835042079244; 56; 3111.6930978362652; 0; 0; 24.521775551269563; 34; 216.40428332605708; 1; 0.400279; 0.11949685534591195; 
0; 1; 1; 0; 178; 189; 3.79296875; 0.062635999999999997; 1; 1; 0; 4.0065605939585103; 32; 173.73468061261488; 0; 0; 14.312633832115887; 20; 201.05595817144751; 1; 0.31595600000000001; 0.1354679802955665; 
0; 1; 1; 0; 216; 227; 3.8515625; 0.072286000000000003; 1; 1; 0; 4.4628548872296747; 40; 485.03833440424722; 0; 0; 15.48134893369371; 19; 150.93544866812235; 1; 0.38757599999999998; 0.13705583756345177; 
0; 1; 1; 0; 357; 368; 3.8515625; 0.110224; 1; 1; 0; 5.2760569141644504; 48; 958.89349760150981; 0; 0; 13.883966373489065; 19; 101.71550088721391; 1; 0.36283300000000002; 0.18852459016393441; 
0; 1; 1; 0; 184; 195; 3.8515625; 0.11895500000000001; 1; 1; 0; 4.5557481617778617; 96; 4554.2934646083067; 0; 0; 21.533907734984467; 28; 196.8816405288546; 1; 0.43318800000000002; 0.12804878048780488; 
0; 1; 1; 0; 408; 419; 3.8515625; 0.051554000000000003; 1; 1; 0; 5.3959227873419326; 32; 759.44324879777707; 0; 0; 22.680263372908506; 28; 223.94748750055206; 1; 0.46963100000000002; 0.1223021582733813; 
0; 1; 1; 0; 150; 161; 3.8984375; 0.113193; 1; 1; 0; 5.9359505309053295; 56; 2501.4966852801626; 0; 0; 22.027047126499728; 29; 209.64804632417184; 1; 0.236457; 0.1541501976284585; 
0; 1; 1; 0; 291; 302; 3.8984375; 0.080047999999999994; 1; 1; 0; 5.7223290136235825; 28; 329.07316654471623; 0; 0; 35.844070455300006; 48; 362.39169337887984; 1; 0.41544599999999998; 0.18829516539440203; 
0; 1; 1; 0; 107; 118; 3.94140625; 0.062866000000000005; 1; 1; 0; 5.1383741542154215; 24; 370.5449220803194; 0; 0; 14.422691630726222; 20; 204.59941856225478; 1; 0.168827; 0.1888111888111888; 
0; 1; 1; 0; 100; 111; 3.9453125; 0.061441000000000003; 1; 1; 0; 4.4408932771487768; 24; 118.79548215573001; 0; 0; 11.94982216424803; 18; 211.03465847246912; 1; 0.123387; 0.25438596491228072; 
0; 1; 1; 0; 917; 928; 4.55078125; 0.078065999999999997; 1; 1; 0; 5.0801991215698541; 32; 806.52291219320762; 0; 0; 36.425770785577988; 47; 393.31677009007808; 1; 0.66045100000000001; 0.15052160953800298; 
0; 1; 1; 0; 1016; 1027; 5.44921875; 0.060137000000000003; 1; 1; 0; 5.7597516924474554; 32; 411.89635874673877; 0; 0; 24.335399564649613; 31; 189.5901863693955; 1; 0.68853699999999995; 0.1288056206088993; 
0; 1; 1; 0; 134; 145; 5.59375; 0.095422000000000007; 1; 1; 0; 4.8046091674050002; 48; 2250.0625676401578; 0; 0; 20.574459429237677; 25; 144.97096216048567; 1; 0.28090900000000002; 0.1277258566978193; 
0; 1; 1; 0; 1039; 1050; 5.59765625; 0.11360099999999999; 1; 1; 0; 5.7796173907015671; 56; 1005.0662609978009; 0; 0; 31.976651305643298; 44; 384.31308149866686; 1; 0.637853; 0.16144975288303129; 
0; 1; 1; 0; 308; 319; 5.7734375; 0.090361999999999998; 1; 1; 0; 5.3264865502206451; 48; 1139.635474709281; 0; 0; 17.23910510933263; 22; 129.43110498280748; 1; 0.247504; 0.17857142857142858; 
0; 1; 1; 0; 333; 344; 5.7734375; 0.071853; 1; 1; 0; 4.1219327475481302; 32; 154.8378043087688; 0; 0; 35.17126215420187; 46; 347.09656297204151; 1; 0.30427999999999999; 0.22605363984674329; 
0; 1; 1; 0; 743; 754; 5.7734375; 0.104592; 1; 1; 0; 4.6488102551260102; 56; 2491.1024691001844; 0; 0; 37.322388272835653; 52; 484.88695285563068; 1; 0.55717300000000003; 0.18939393939393939; 
0; 1; 1; 0; 1111; 1122; 5.7734375; 0.074834999999999999; 1; 1; 0; 5.9452075485175131; 32; 470.55783432390967; 0; 0; 22.85676768684521; 35; 302.99933364452323; 1; 0.90898400000000001; 0.12979351032448377; 
0; 1; 1; 0; 642; 653; 5.91796875; 0.084288000000000002; 1; 1; 0; 7.6539242782453485; 36; 466.27908551696214; 0; 0; 34.818186992777861; 39; 216.94690782129979; 1; 0.66382699999999994; 0.128; 
.
