Experiment pr2_right_arm_experiment2_right_arm[SBLkConfigDefault]
Running on i7
Starting at 2012-03-09T08:17:05.084760
<<<|
Properties of the state space 'right_arm_JointModel'
  - signature: 8 0 7 2 1 2 1 1 5 
  - dimension: 7
  - extent: 36.6428
  - sanity checks for state space passed
  - probability of valid states: 0.299
  - average length of a valid motion: 2.17889
Settings for the state space 'right_arm_JointModel'
  - state validity check resolution: 5%
  - valid segment count factor: 1
  - state space:
Compound state space 'right_arm_JointModel' of dimension 7 (locked) [
SO2 state space 'r_forearm_roll_joint'
 of weight 1
SO2 state space 'r_wrist_roll_joint'
 of weight 1
Real vector state space 'J(r_shoulder_pan_joint,r_shoulder_lift_joint,r_upper_arm_roll_joint,r_elbow_flex_joint,r_wrist_flex_joint)' of dimension 5 with bounds: 
  - min: -2.1354 -0.3536 -3.75 -2.1213 -2 
  - max: 0.564602 1.2963 0.65 -0.15 -0.1 
  and dimension names: 'r_shoulder_pan_joint' 'r_shoulder_lift_joint' 'r_upper_arm_roll_joint' 'r_elbow_flex_joint' 'r_wrist_flex_joint' 
 of weight 5
]
Registered projections:
  - <default>
Projection of dimension 2
Cell sizes (computed defaults): [0.1 0.1]

Declared parameters:
longest_valid_segment_fraction = 0.050000000000000003
projection.cellsize.0 = 0.10000000000000001
projection.cellsize.1 = 0.10000000000000001
projection.cellsize_factor = 
valid_segment_count_factor = 1
Valid state sampler named uniform with parameters:
nr_attempts = 100
Planner SBL specs:
Multithreaded:                 No
Reports approximate solutions: No
Can optimize solutions:        No
Aware of the following parameters: range
Declared parameters for planner SBL:
range = 7.3285555144469754
Start states:
Compound state [
SO2State [1.61033]
SO2State [0.652208]
RealVectorState [0.371285 0.452859 -1.33889 -0.690347 -0.958497]
]
Tag: -1
Flags: 0
Validity known: No
10 goal states, threshold = 2.22045e-16, memory address = 0x7f95edc133f0
Compound state [
SO2State [-0.640892]
SO2State [1.73173]
RealVectorState [-0.284597 0.5359 0.359428 -0.164032 -1.71483]
]
Tag: -1
Flags: 5
Validity known: Yes
Validity value: True

Compound state [
SO2State [-0.640892]
SO2State [1.73173]
RealVectorState [-0.284597 0.5359 0.359428 -0.164032 -1.71483]
]
Tag: -1
Flags: 5
Validity known: Yes
Validity value: True

Compound state [
SO2State [-0.640892]
SO2State [1.73173]
RealVectorState [-0.284597 0.5359 0.359428 -0.164032 -1.71483]
]
Tag: -1
Flags: 5
Validity known: Yes
Validity value: True

Compound state [
SO2State [-0.640892]
SO2State [1.73173]
RealVectorState [-0.284597 0.5359 0.359428 -0.164032 -1.71483]
]
Tag: -1
Flags: 5
Validity known: Yes
Validity value: True

Compound state [
SO2State [-0.640892]
SO2State [1.73173]
RealVectorState [-0.284597 0.5359 0.359428 -0.164032 -1.71483]
]
Tag: -1
Flags: 5
Validity known: Yes
Validity value: True

Compound state [
SO2State [-0.640892]
SO2State [1.73173]
RealVectorState [-0.284597 0.5359 0.359428 -0.164032 -1.71483]
]
Tag: -1
Flags: 5
Validity known: Yes
Validity value: True

Compound state [
SO2State [-0.640892]
SO2State [1.73173]
RealVectorState [-0.284597 0.5359 0.359428 -0.164032 -1.71483]
]
Tag: -1
Flags: 5
Validity known: Yes
Validity value: True

Compound state [
SO2State [-0.640892]
SO2State [1.73173]
RealVectorState [-0.284597 0.5359 0.359428 -0.164032 -1.71483]
]
Tag: -1
Flags: 5
Validity known: Yes
Validity value: True

Compound state [
SO2State [-0.640892]
SO2State [1.73173]
RealVectorState [-0.284597 0.5359 0.359428 -0.164032 -1.71483]
]
Tag: -1
Flags: 5
Validity known: Yes
Validity value: True

Compound state [
SO2State [-0.640892]
SO2State [1.73173]
RealVectorState [-0.284597 0.5359 0.359428 -0.164032 -1.71483]
]
Tag: -1
Flags: 5
Validity known: Yes
Validity value: True


Properties of benchmarked planners:
Planner SBL specs:
Multithreaded:                 No
Reports approximate solutions: No
Can optimize solutions:        No
Aware of the following parameters: range
|>>>
4274443460 is the random seed
15 seconds per run
4096 MB per run
100 runs per planner
155.248 seconds spent to collect the data
1 planners
geometric_SBL
6 common properties
longest_valid_segment_fraction = 0.050000000000000003
projection.cellsize.0 = 0.10000000000000001
projection.cellsize.1 = 0.10000000000000001
projection.cellsize_factor = 
range = 7.3285555144469754
valid_segment_count_factor = 1
22 properties for each run
approximate solution BOOLEAN
correct solution BOOLEAN
correct solution strict BOOLEAN
crashed BOOLEAN
graph motions INTEGER
graph states INTEGER
memory REAL
simplification time REAL
simplified correct solution BOOLEAN
simplified correct solution strict BOOLEAN
simplified solution clearance REAL
simplified solution length REAL
simplified solution segments INTEGER
simplified solution smoothness REAL
solution clearance REAL
solution difference REAL
solution length REAL
solution segments INTEGER
solution smoothness REAL
solved BOOLEAN
time REAL
valid segment fraction REAL
100 runs
0; 1; 1; 0; 441; 452; 0.34765625; 0.043941000000000001; 1; 1; 0; 29.896168899628044; 20; 8.3530881256761305; 0; 0; 53.643314604284924; 21; 22.491484820987964; 1; 0.64231499999999997; 0.55670103092783507; 
0; 1; 1; 0; 1001; 1012; 0.8671875; 0.072294999999999998; 1; 1; 0; 33.993935014396968; 64; 73.520117643959736; 0; 0; 67.288409506745055; 24; 11.667648268448138; 1; 1.4112979999999999; 0.54761904761904767; 
0; 1; 1; 0; 1067; 1078; 1.5625; 0.158082; 0; 0; 0; 34.44625374264465; 24; 5.3948921243447137; 0; 0; 83.649811650976616; 23; 8.5898823571199738; 1; 1.77227; 0.51407000686341797; 
0; 1; 1; 0; 1075; 1086; 2.97265625; 0.093440999999999996; 1; 1; 0; 34.913388269765335; 64; 116.03586155345148; 0; 0; 74.959719828362395; 27; 46.060900568799553; 1; 1.503274; 0.52484191508581757; 
0; 1; 1; 0; 676; 687; 3.69921875; 0.058961; 1; 1; 0; 27.075319346507555; 48; 37.305592677878124; 0; 0; 62.071235439425649; 18; 6.2161502983302537; 1; 1.1377159999999999; 0.51923076923076927; 
0; 1; 1; 0; 1650; 1661; 4.80859375; 0.10419299999999999; 1; 1; 0; 47.225045031128715; 64; 28.846238475824688; 0; 0; 86.191124524796436; 26; 13.684981052394161; 1; 2.4080919999999999; 0.51821086261980831; 
0; 1; 1; 0; 930; 941; 5.50390625; 0.076196; 1; 1; 0; 34.157196461323537; 48; 17.366303314186741; 0; 0; 108.60622765848862; 26; 6.631130433591947; 1; 1.330781; 0.54563894523326573; 
0; 1; 1; 0; 1510; 1521; 6.4296875; 0.069222000000000006; 1; 1; 0; 33.816060556061579; 48; 19.630293118605628; 0; 0; 98.344900963337167; 24; 4.9815883365204527; 1; 2.3639380000000001; 0.517406962785114; 
0; 1; 1; 0; 453; 464; 6.59765625; 0.060574000000000003; 1; 1; 0; 35.19011835960022; 24; 3.495419062133827; 0; 0; 78.47259635258483; 24; 77.709467533850486; 1; 0.63527299999999998; 0.59233449477351918; 
0; 1; 1; 0; 673; 684; 6.8828125; 0.056313000000000002; 1; 1; 0; 32.433118173131547; 48; 15.001769101895681; 0; 0; 79.968493059012815; 21; 8.1234834998521919; 1; 0.83629699999999996; 0.55640535372848954; 
0; 1; 1; 0; 1281; 1292; 7.828125; 0.078312000000000007; 0; 0; 0; 28.216187548178123; 40; 78.208537424587192; 0; 0; 98.701867050127589; 29; 10.621156406166801; 1; 1.906188; 0.52027027027027029; 
0; 1; 1; 0; 485; 496; 7.98828125; 0.067274; 1; 1; 0; 31.198223560180558; 48; 51.005440044138865; 0; 0; 60.569511360954024; 24; 17.246794675897913; 1; 0.73627100000000001; 0.58752997601918466; 
0; 1; 1; 0; 851; 862; 8.3984375; 0.06139; 1; 1; 0; 50.362827103060972; 44; 19.677102592800413; 0; 0; 92.645808518092764; 23; 5.7833026712780367; 1; 1.2743819999999999; 0.51354401805869077; 
0; 1; 1; 0; 716; 727; 9.1015625; 0.085175000000000001; 1; 1; 0; 36.788013571241734; 40; 11.517553287008861; 0; 0; 92.960505031541814; 30; 68.142941996553404; 1; 1.2056370000000001; 0.4990859232175503; 
0; 1; 1; 0; 892; 903; 9.87890625; 0.054539999999999998; 1; 1; 0; 31.374534503239119; 56; 88.243290383458728; 0; 0; 60.376931704905459; 16; 4.1941163527700178; 1; 1.442833; 0.51671732522796354; 
0; 1; 1; 0; 510; 521; 10.203125; 0.066317000000000001; 1; 1; 0; 29.49282721530966; 48; 27.056205756109126; 0; 0; 71.025343862137106; 22; 16.820762127951905; 1; 0.70575500000000002; 0.56783919597989951; 
0; 1; 1; 0; 1194; 1205; 11.421875; 0.067607; 1; 1; 0; 40.670134677970424; 56; 56.66440261967189; 0; 0; 97.842632736529893; 36; 19.817200777942379; 1; 1.9907010000000001; 0.51181102362204722; 
0; 1; 1; 0; 685; 696; 11.49609375; 0.058547000000000002; 1; 1; 0; 31.315198434866769; 56; 47.768690794992239; 0; 0; 54.162476195257447; 17; 28.932755574334102; 1; 1.0115860000000001; 0.54059040590405905; 
0; 1; 1; 0; 600; 611; 11.921875; 0.069103999999999999; 1; 1; 0; 46.536021796552973; 44; 32.090444194022098; 0; 0; 105.61034991030007; 30; 9.2184623304822129; 1; 0.94355; 0.54113924050632911; 
0; 1; 1; 0; 941; 952; 12.61328125; 0.090356000000000006; 1; 1; 0; 38.837323646051786; 56; 23.649015372737438; 0; 0; 74.409448104578487; 27; 12.113655829562548; 1; 1.444755; 0.51522248243559721; 
0; 1; 1; 0; 628; 639; 13.63671875; 0.071285000000000001; 1; 1; 0; 30.640888411721431; 48; 32.103549846098048; 0; 0; 58.608296880393148; 20; 8.8248946576754559; 1; 0.82481099999999996; 0.54526748971193417; 
0; 1; 1; 0; 333; 344; 13.65234375; 0.056656999999999999; 1; 1; 0; 29.060006925049514; 48; 53.771639300379462; 0; 0; 46.20946033771326; 16; 7.8480981055274501; 1; 0.42813699999999999; 0.580952380952381; 
0; 1; 1; 0; 963; 974; 14.20703125; 0.046762999999999999; 1; 1; 0; 31.392452488778343; 28; 6.5249067322335863; 0; 0; 70.198658754196813; 21; 10.340880593155967; 1; 1.4158710000000001; 0.53398058252427183; 
0; 1; 1; 0; 1122; 1133; 14.91015625; 0.066326999999999997; 1; 1; 0; 28.283747478034179; 48; 39.158639967482927; 0; 0; 89.084766972384784; 29; 24.096798069915447; 1; 1.9016090000000001; 0.485973597359736; 
0; 1; 1; 0; 1202; 1213; 16.19140625; 0.058642; 1; 1; 0; 32.842990553614136; 48; 27.429200911952854; 0; 0; 80.287892387457248; 22; 6.5768112474081271; 1; 1.92788; 0.52052545155993435; 
0; 1; 1; 0; 806; 817; 17.32421875; 0.079384999999999997; 1; 1; 0; 44.147678782597353; 36; 12.342167611333089; 0; 0; 69.990878843803245; 22; 22.279936242500007; 1; 1.22435; 0.51282051282051277; 
0; 1; 1; 0; 961; 972; 17.87109375; 0.085898000000000002; 1; 1; 0; 31.880515844975697; 56; 51.250489048175702; 0; 0; 99.950009126826018; 28; 37.676054973460175; 1; 1.6753180000000001; 0.50586510263929618; 
0; 1; 1; 0; 857; 868; 18.32421875; 0.073354000000000003; 1; 1; 0; 29.059611273163753; 48; 29.901343544127968; 0; 0; 56.167827397784571; 23; 28.048069267022655; 1; 1.310856; 0.48427672955974843; 
0; 1; 1; 0; 829; 840; 18.96484375; 0.049305000000000002; 1; 1; 0; 32.342535155963347; 24; 5.6588344779315376; 0; 0; 67.160760838539346; 20; 10.355169437028115; 1; 1.2703519999999999; 0.53564154786150708; 
0; 1; 1; 0; 970; 981; 19.86328125; 0.072559999999999999; 1; 1; 0; 42.095766343528631; 72; 44.53383549768747; 0; 0; 73.527321466847425; 18; 5.1511107180522693; 1; 1.536618; 0.51493848857644986; 
0; 1; 1; 0; 1361; 1372; 20.40234375; 0.064731999999999998; 1; 1; 0; 37.884194342901118; 32; 12.914049862394416; 0; 0; 77.941227006820498; 25; 19.169737901548409; 1; 1.9883059999999999; 0.52147651006711404; 
0; 1; 1; 0; 272; 283; 20.80078125; 0.085559999999999997; 1; 1; 0; 31.97803640973299; 40; 20.160280419490274; 0; 0; 79.368227648897175; 26; 15.662862130877688; 1; 0.57612200000000002; 0.55500000000000005; 
0; 1; 1; 0; 1186; 1197; 21.94921875; 0.064169000000000004; 1; 1; 0; 37.165841871827318; 28; 6.5904599687766368; 0; 0; 105.24046520774493; 31; 29.897499459191344; 1; 1.725571; 0.52866716306775874; 
0; 1; 1; 0; 101; 112; 21.96484375; 0.06232; 1; 1; 0; 31.635633979895882; 48; 28.877956795080632; 0; 0; 46.911266839199129; 14; 5.6657882636663315; 1; 0.13606199999999999; 0.7021276595744681; 
0; 1; 1; 0; 1414; 1425; 22.734375; 0.060074000000000002; 1; 1; 0; 24.774998538005608; 40; 13.461893437948824; 0; 0; 73.943953084013941; 24; 6.7353953099948969; 1; 2.234499; 0.5121564482029598; 
0; 1; 1; 0; 800; 811; 23.171875; 0.108045; 1; 1; 0; 51.183286532276767; 80; 43.642885002597467; 0; 0; 86.806483042152507; 27; 15.5290423114531; 1; 1.1022879999999999; 0.53976311336717431; 
0; 1; 1; 0; 2334; 2345; 25.37890625; 0.076363; 1; 1; 0; 35.272291455052596; 40; 8.5648340038007529; 0; 0; 95.880784365097497; 27; 13.906488879646652; 1; 3.67516; 0.4996746909564086; 
0; 1; 1; 0; 778; 789; 25.80859375; 0.069358000000000003; 1; 1; 0; 34.318466557503953; 56; 48.221707157227939; 0; 0; 102.26935486583334; 30; 16.336642510033489; 1; 1.3027850000000001; 0.53170028818443804; 
0; 1; 1; 0; 1062; 1073; 26.3203125; 0.082659999999999997; 0; 0; 0; 28.540854067545787; 56; 119.70050908493147; 0; 0; 89.227585058726291; 32; 15.378443667795795; 1; 1.695794; 0.5400202634245187; 
0; 1; 1; 0; 340; 351; 26.44921875; 0.064028000000000002; 1; 1; 0; 33.179310218468288; 48; 31.88103739837879; 0; 0; 60.427515592801917; 13; 1.4845797980836752; 1; 0.44429099999999999; 0.5977653631284916; 
0; 1; 1; 0; 1366; 1377; 27.265625; 0.052636000000000002; 1; 1; 0; 32.523116689395415; 24; 5.7229363145714913; 0; 0; 91.616896663574437; 25; 7.7444545318272846; 1; 1.8264830000000001; 0.54561251086012164; 
0; 1; 1; 0; 610; 621; 27.625; 0.055501000000000002; 1; 1; 0; 28.925927899613491; 48; 18.155215159838296; 0; 0; 61.433340784972323; 21; 20.863572337915702; 1; 1.062751; 0.54117647058823526; 
0; 1; 1; 0; 1410; 1421; 28.67578125; 0.081693000000000002; 1; 1; 0; 30.617909055307937; 64; 221.12773732080959; 0; 0; 65.827542527896156; 24; 31.02670975988957; 1; 2.2221250000000001; 0.50265111346765645; 
0; 1; 1; 0; 638; 649; 29.328125; 0.050916000000000003; 1; 1; 0; 28.926960606601796; 48; 42.217551499608376; 0; 0; 59.768695960168522; 16; 4.2208349878300719; 1; 1.0136240000000001; 0.52119309262166402; 
0; 1; 1; 0; 1277; 1288; 30.37109375; 0.042125000000000003; 1; 1; 0; 29.200850005740723; 24; 4.0547177469186284; 0; 0; 74.138128045211644; 29; 46.144671895386473; 1; 2.0866950000000002; 0.51310043668122274; 
0; 1; 1; 0; 811; 822; 30.98046875; 0.072946999999999998; 1; 1; 0; 43.650533056388504; 64; 32.877473680773456; 0; 0; 72.462339081722689; 21; 6.5588907672187462; 1; 1.3968449999999999; 0.52017448200654304; 
0; 1; 1; 0; 839; 850; 31.5703125; 0.056652000000000001; 1; 1; 0; 29.589174428305615; 24; 9.5019314267829529; 0; 0; 106.28588173684795; 31; 14.570680726212419; 1; 1.3700270000000001; 0.53001464128843334; 
0; 1; 1; 0; 596; 607; 31.8671875; 0.069266999999999995; 1; 1; 0; 32.293872101642037; 56; 28.707021845091667; 0; 0; 73.190417007859836; 26; 42.352556138465374; 1; 0.91533399999999998; 0.53784219001610301; 
0; 1; 1; 0; 620; 631; 32.375; 0.045199999999999997; 1; 1; 0; 32.391548422853575; 24; 5.184620281298316; 0; 0; 66.702155919922703; 20; 6.4242722757071213; 1; 0.82915399999999995; 0.53720930232558139; 
0; 1; 1; 0; 2256; 2267; 34.765625; 0.082974999999999993; 1; 1; 0; 39.792265761627746; 56; 32.455189827888816; 0; 0; 86.236288140722891; 24; 6.8552985702027671; 1; 3.8151920000000001; 0.49516908212560384; 
0; 1; 1; 0; 972; 983; 35.23828125; 0.069740999999999997; 1; 1; 0; 33.593523032804612; 56; 43.494448808314814; 0; 0; 57.279636455064207; 25; 16.469903108654218; 1; 1.66466; 0.51921504497138182; 
0; 1; 1; 0; 1665; 1676; 36.24609375; 0.053476000000000003; 1; 1; 0; 28.185731423832351; 40; 114.91446604360078; 0; 0; 66.860977282106575; 21; 6.4602692981757484; 1; 2.5996079999999999; 0.50296939241662864; 
0; 1; 1; 0; 1059; 1070; 37.1171875; 0.062436999999999999; 1; 1; 0; 27.111556004905399; 48; 28.226921108843044; 0; 0; 82.233092502151607; 22; 6.5740861435888931; 1; 1.5345899999999999; 0.52159187129551232; 
0; 1; 1; 0; 828; 839; 37.5078125; 0.060136000000000002; 1; 1; 0; 26.171431656051581; 48; 18.644086976174851; 0; 0; 86.556042705823529; 26; 17.462360392848964; 1; 1.2736559999999999; 0.54112038140643626; 
0; 1; 1; 0; 951; 962; 37.875; 0.052604999999999999; 1; 1; 0; 30.682691260313; 48; 15.439956511178369; 0; 0; 73.762868566743094; 18; 15.845444582097901; 1; 1.317806; 0.51979166666666665; 
0; 1; 1; 0; 1237; 1248; 39.08984375; 0.077035000000000006; 1; 1; 0; 44.554189187442525; 36; 14.802461053269479; 0; 0; 93.871808085999916; 28; 30.233460573813517; 1; 2.0633189999999999; 0.50810810810810814; 
0; 1; 1; 0; 1225; 1236; 39.87109375; 0.044202999999999999; 1; 1; 0; 35.616619709764336; 28; 4.9505344253059125; 0; 0; 71.587492056792499; 19; 6.9129688769585265; 1; 1.9380299999999999; 0.5196733481811433; 
0; 1; 1; 0; 511; 522; 39.984375; 0.046782999999999998; 1; 1; 0; 32.741326925057329; 28; 7.3053926287250865; 0; 0; 57.28409494186009; 20; 10.266352849146232; 1; 0.71813800000000005; 0.58484848484848484; 
0; 1; 1; 0; 846; 857; 40.33203125; 0.072758000000000003; 1; 1; 0; 38.204085358529582; 32; 10.147298782731943; 0; 0; 64.912151385878758; 22; 14.624001269787049; 1; 1.3900349999999999; 0.52709883103081823; 
0; 1; 1; 0; 284; 295; 40.57421875; 0.062949000000000005; 1; 1; 0; 29.224348433606302; 48; 18.870248213251795; 0; 0; 52.705374556462274; 16; 19.008007577771913; 1; 0.44144099999999997; 0.57692307692307687; 
0; 1; 1; 0; 443; 454; 40.88671875; 0.063426999999999997; 1; 1; 0; 50.842227602101929; 40; 9.8705289467026773; 0; 0; 65.491527324254307; 14; 21.256461312927289; 1; 0.61141699999999999; 0.53846153846153844; 
0; 1; 1; 0; 653; 664; 41.51953125; 0.081207000000000001; 1; 1; 0; 39.851233263264362; 48; 12.472665807142167; 0; 0; 59.94723259348924; 15; 3.629129211173804; 1; 0.97453599999999996; 0.5311909262759924; 
0; 1; 1; 0; 936; 947; 42.0546875; 0.155109; 0; 0; 0; 24.81630214784813; 48; 62.479286396441545; 0; 0; 61.651426226119277; 23; 19.513840859236918; 1; 1.434175; 0.53460207612456745; 
0; 1; 1; 0; 986; 997; 43.02734375; 0.053169000000000001; 1; 1; 0; 30.095220488301599; 40; 18.118214055286025; 0; 0; 69.830337088466891; 23; 17.378523336297071; 1; 1.7676240000000001; 0.51497005988023947; 
0; 1; 1; 0; 485; 496; 43.2265625; 0.043601000000000001; 1; 1; 0; 26.96692280435386; 32; 21.107181361023045; 0; 0; 71.331001427466305; 18; 5.0604126441200981; 1; 0.703349; 0.55581395348837215; 
0; 1; 1; 0; 980; 991; 44.3203125; 0.073660000000000003; 1; 1; 0; 36.127888479636027; 32; 17.102034191498351; 0; 0; 76.786115163365707; 22; 5.0898915798139575; 1; 1.485468; 0.53135313531353134; 
0; 1; 1; 0; 572; 583; 44.33203125; 0.035073; 1; 1; 0; 25.53797001522387; 32; 15.853083207337034; 0; 0; 46.302375826485246; 16; 132.41231406360734; 1; 0.92576400000000003; 0.55244755244755239; 
0; 1; 1; 0; 827; 838; 45.1640625; 0.086425000000000002; 1; 1; 0; 45.043905002627554; 28; 3.4798199650720423; 0; 0; 78.224528408994075; 24; 90.423307145463411; 1; 1.2969710000000001; 0.5426621160409556; 
0; 1; 1; 0; 993; 1004; 46.10546875; 0.089637999999999995; 1; 1; 0; 34.816398341265149; 32; 11.715427424444034; 0; 0; 69.997274157846093; 25; 90.68031058468658; 1; 1.4631019999999999; 0.52894736842105261; 
0; 1; 1; 0; 523; 534; 46.54296875; 0.075758000000000006; 1; 1; 0; 32.298301733043736; 56; 61.747854299049486; 0; 0; 63.422923220778152; 20; 104.21323412055487; 1; 0.80525999999999998; 0.53797468354430378; 
0; 1; 1; 0; 693; 704; 46.8046875; 0.080296000000000006; 1; 1; 0; 43.181645422139155; 88; 109.42192594116963; 0; 0; 64.880174089261033; 17; 21.643436820539957; 1; 1.04464; 0.52332361516034986; 
0; 1; 1; 0; 680; 691; 47.671875; 0.076180999999999999; 1; 1; 0; 39.414637212980416; 28; 5.8821618240567322; 0; 0; 71.40237499501697; 21; 7.4027991326368747; 1; 1.050646; 0.51533742331288346; 
0; 1; 1; 0; 746; 757; 47.953125; 0.061899000000000003; 1; 1; 0; 34.117611683981025; 32; 11.5904249584043; 0; 0; 97.696253433435061; 29; 13.90829335071505; 1; 0.95383700000000005; 0.51882845188284521; 
0; 1; 1; 0; 1482; 1493; 49.23828125; 0.060179000000000003; 1; 1; 0; 38.017017530894911; 32; 8.0819438211302543; 0; 0; 82.908150194684879; 23; 27.322746177654437; 1; 2.4991379999999999; 0.51054852320675104; 
0; 1; 1; 0; 799; 810; 49.74609375; 0.081660999999999997; 1; 1; 0; 35.130193744630645; 64; 50.862840994187017; 0; 0; 108.04195865432952; 30; 16.369993100994499; 1; 1.4086270000000001; 0.52569593147751603; 
0; 1; 1; 0; 448; 459; 50.2265625; 0.060651999999999998; 1; 1; 0; 30.847981559680168; 48; 24.83544364454351; 0; 0; 75.692587397552742; 21; 32.855951914697719; 1; 0.72138999999999998; 0.55888223552894212; 
0; 1; 1; 0; 971; 982; 51.0390625; 0.047675000000000002; 1; 1; 0; 28.602346025055432; 40; 12.101545459809078; 0; 0; 90.209007080486813; 27; 9.2504139507352061; 1; 1.3805480000000001; 0.53041825095057038; 
0; 1; 1; 0; 608; 619; 51.30078125; 0.070670999999999998; 1; 1; 0; 34.604167497232758; 64; 80.963066828015158; 0; 0; 49.353039811636222; 17; 11.459316908470269; 1; 0.85849500000000001; 0.51535836177474403; 
0; 1; 1; 0; 1365; 1376; 52.40234375; 0.053429999999999998; 1; 1; 0; 36.45176496921389; 28; 11.177102716247246; 0; 0; 65.370331290804373; 19; 23.515775922367286; 1; 2.1287400000000001; 0.50337216431637033; 
0; 1; 1; 0; 599; 610; 52.86328125; 0.042986000000000003; 1; 1; 0; 31.949920031125476; 24; 4.7119989907513888; 0; 0; 65.167970801888231; 19; 17.866852399760063; 1; 0.99293399999999998; 0.52298850574712641; 
0; 1; 1; 0; 1028; 1039; 53.44140625; 0.085874000000000006; 1; 1; 0; 38.391540648710894; 32; 15.028699305206302; 0; 0; 109.83812158570991; 34; 13.353281294229468; 1; 1.516567; 0.52840909090909094; 
0; 1; 1; 0; 1131; 1142; 54.48046875; 0.056957000000000001; 1; 1; 0; 28.357591930664199; 40; 12.790290144038687; 0; 0; 92.502492482159212; 35; 69.868744011461644; 1; 1.669975; 0.49379310344827587; 
0; 1; 1; 0; 1225; 1236; 55.27734375; 0.061837000000000003; 1; 1; 0; 37.908325664874404; 56; 29.079541978693467; 0; 0; 71.054685887391685; 26; 1199.1009124271447; 1; 1.7267509999999999; 0.53056768558951961; 
0; 1; 1; 0; 803; 814; 55.67578125; 0.069944000000000006; 1; 1; 0; 54.705285397926161; 48; 16.280816882032248; 0; 0; 65.039343339253307; 15; 2.3225517302367029; 1; 1.030931; 0.54528301886792452; 
0; 1; 1; 0; 389; 400; 55.75; 0.052068999999999997; 1; 1; 0; 30.164318103392866; 48; 27.65674612815268; 0; 0; 59.945482062143149; 14; 2.2450072187666708; 1; 0.54673099999999997; 0.55434782608695654; 
0; 1; 1; 0; 666; 677; 56.41796875; 0.059346999999999997; 1; 1; 0; 33.526795306574037; 48; 14.538182266694655; 0; 0; 62.571886285600733; 21; 9.7894017655911565; 1; 1.114152; 0.51371951219512191; 
0; 1; 1; 0; 729; 740; 57.03125; 0.035166000000000003; 1; 1; 0; 28.276752538118945; 24; 15.525657906405797; 0; 0; 63.508515882329249; 19; 5.6771746787190551; 1; 1.149008; 0.53977968176254587; 
0; 1; 1; 0; 1384; 1395; 58.09765625; 0.088567000000000007; 0; 0; 0; 36.459856799187925; 64; 43.917905674855362; 0; 0; 81.533432500813703; 21; 4.0862348867497236; 1; 2.2085859999999999; 0.50078165711307976; 
0; 1; 1; 0; 741; 752; 58.84375; 0.069204000000000002; 1; 1; 0; 25.561001410288192; 48; 31.920531170156629; 0; 0; 93.225009728610374; 38; 37.116305173946621; 1; 1.004489; 0.53945480631276899; 
0; 1; 1; 0; 1632; 1643; 60.25; 0.060435999999999997; 1; 1; 0; 25.530117997244371; 16; 1.8052997120796905; 0; 0; 103.87047848282765; 35; 26.214322000740022; 1; 2.7286429999999999; 0.49511111111111111; 
0; 1; 1; 0; 1028; 1039; 60.87109375; 0.062810000000000005; 1; 1; 0; 37.321905813952839; 56; 20.224400918173497; 0; 0; 97.159347581104782; 27; 18.43283737327328; 1; 1.752613; 0.50488599348534202; 
0; 1; 1; 0; 882; 893; 61.7421875; 0.046380999999999999; 1; 1; 0; 28.25395820546958; 28; 15.631987559310915; 0; 0; 73.901991059091799; 27; 47.771705494120283; 1; 1.4514879999999999; 0.51436388508891928; 
0; 1; 1; 0; 1023; 1034; 62.49609375; 0.081642000000000006; 1; 1; 0; 39.076914948361896; 72; 36.009435336890014; 0; 0; 82.81848336030103; 24; 7.7187761096394008; 1; 1.5628649999999999; 0.52427184466019416; 
0; 1; 1; 0; 571; 582; 63.00390625; 0.068657999999999997; 1; 1; 0; 30.590971091481023; 48; 22.093953277709463; 0; 0; 81.344670806368171; 29; 29.204663121150471; 1; 0.82630899999999996; 0.53285968028419184; 
0; 1; 1; 0; 1216; 1227; 63.83203125; 0.055912000000000003; 1; 1; 0; 38.058677333397; 28; 5.1079360349988052; 0; 0; 93.524676658756519; 27; 22.207701463317029; 1; 1.914037; 0.51523178807947023; 
0; 1; 1; 0; 1148; 1159; 64.64453125; 0.058208999999999997; 1; 1; 0; 32.767704143296868; 48; 31.272454182135071; 0; 0; 61.580147348913286; 23; 21.774197843380058; 1; 1.624957; 0.53670634920634919; 
0; 1; 1; 0; 1788; 1799; 66.15234375; 0.046449999999999998; 1; 1; 0; 31.578882156738938; 24; 3.2085229125100549; 0; 0; 72.234771201039862; 22; 15.543330713211715; 1; 2.9817390000000001; 0.50948307921160285; 
0; 1; 1; 0; 1320; 1331; 66.828125; 0.047828000000000002; 1; 1; 0; 28.775033021662278; 24; 3.8589733566987148; 0; 0; 53.848724632773688; 14; 5.1953423735068345; 1; 2.1829149999999999; 0.51297297297297295; 
0; 1; 1; 0; 891; 902; 67.3125; 0.050745999999999999; 1; 1; 0; 32.369344429632115; 32; 24.805807746214597; 0; 0; 87.595235501802549; 29; 66.779547055260991; 1; 1.3621570000000001; 0.5423728813559322; 
0; 1; 1; 0; 493; 504; 67.4921875; 0.071237999999999996; 1; 1; 0; 33.362865975882627; 48; 10.955174544037616; 0; 0; 71.029072204402851; 22; 11.577139224193772; 1; 0.76078000000000001; 0.55639097744360899; 
.
