Experiment pr2_right_arm_experiment2_right_arm[RRTkConfigDefault]
Running on i7
Starting at 2012-03-09T03:12:52.304123
<<<|
Properties of the state space 'right_arm_JointModel'
  - signature: 8 0 7 2 1 2 1 1 5 
  - dimension: 7
  - extent: 36.6428
  - sanity checks for state space passed
  - probability of valid states: 0.294
  - average length of a valid motion: 1.8373
Settings for the state space 'right_arm_JointModel'
  - state validity check resolution: 5%
  - valid segment count factor: 1
  - state space:
Compound state space 'right_arm_JointModel' of dimension 7 (locked) [
SO2 state space 'r_forearm_roll_joint'
 of weight 1
SO2 state space 'r_wrist_roll_joint'
 of weight 1
Real vector state space 'J(r_shoulder_pan_joint,r_shoulder_lift_joint,r_upper_arm_roll_joint,r_elbow_flex_joint,r_wrist_flex_joint)' of dimension 5 with bounds: 
  - min: -2.1354 -0.3536 -3.75 -2.1213 -2 
  - max: 0.564602 1.2963 0.65 -0.15 -0.1 
  and dimension names: 'r_shoulder_pan_joint' 'r_shoulder_lift_joint' 'r_upper_arm_roll_joint' 'r_elbow_flex_joint' 'r_wrist_flex_joint' 
 of weight 5
]
Registered projections:
  - <default>
Projection of dimension 2
Cell sizes (computed defaults): [0.1 0.1]

Declared parameters:
longest_valid_segment_fraction = 0.050000000000000003
projection.cellsize.0 = 0.10000000000000001
projection.cellsize.1 = 0.10000000000000001
projection.cellsize_factor = 
valid_segment_count_factor = 1
Valid state sampler named uniform with parameters:
nr_attempts = 100
Planner RRT specs:
Multithreaded:                 No
Reports approximate solutions: Yes
Can optimize solutions:        No
Aware of the following parameters: goal_bias range
Declared parameters for planner RRT:
goal_bias = 0.050000000000000003
range = 7.3285555144469754
Start states:
Compound state [
SO2State [1.61033]
SO2State [0.652208]
RealVectorState [0.371285 0.452859 -1.33889 -0.690347 -0.958497]
]
Tag: -1
Flags: 0
Validity known: No
10 goal states, threshold = 2.22045e-16, memory address = 0xa04f940
Compound state [
SO2State [-0.640892]
SO2State [1.73173]
RealVectorState [-0.284597 0.5359 0.359428 -0.164032 -1.71483]
]
Tag: -1
Flags: 5
Validity known: Yes
Validity value: True

Compound state [
SO2State [-0.640892]
SO2State [1.73173]
RealVectorState [-0.284597 0.5359 0.359428 -0.164032 -1.71483]
]
Tag: -1
Flags: 5
Validity known: Yes
Validity value: True

Compound state [
SO2State [-0.640892]
SO2State [1.73173]
RealVectorState [-0.284597 0.5359 0.359428 -0.164032 -1.71483]
]
Tag: -1
Flags: 5
Validity known: Yes
Validity value: True

Compound state [
SO2State [-0.640892]
SO2State [1.73173]
RealVectorState [-0.284597 0.5359 0.359428 -0.164032 -1.71483]
]
Tag: -1
Flags: 5
Validity known: Yes
Validity value: True

Compound state [
SO2State [-0.640892]
SO2State [1.73173]
RealVectorState [-0.284597 0.5359 0.359428 -0.164032 -1.71483]
]
Tag: -1
Flags: 5
Validity known: Yes
Validity value: True

Compound state [
SO2State [-0.640892]
SO2State [1.73173]
RealVectorState [-0.284597 0.5359 0.359428 -0.164032 -1.71483]
]
Tag: -1
Flags: 5
Validity known: Yes
Validity value: True

Compound state [
SO2State [-0.640892]
SO2State [1.73173]
RealVectorState [-0.284597 0.5359 0.359428 -0.164032 -1.71483]
]
Tag: -1
Flags: 5
Validity known: Yes
Validity value: True

Compound state [
SO2State [-0.640892]
SO2State [1.73173]
RealVectorState [-0.284597 0.5359 0.359428 -0.164032 -1.71483]
]
Tag: -1
Flags: 5
Validity known: Yes
Validity value: True

Compound state [
SO2State [-0.640892]
SO2State [1.73173]
RealVectorState [-0.284597 0.5359 0.359428 -0.164032 -1.71483]
]
Tag: -1
Flags: 5
Validity known: Yes
Validity value: True

Compound state [
SO2State [-0.640892]
SO2State [1.73173]
RealVectorState [-0.284597 0.5359 0.359428 -0.164032 -1.71483]
]
Tag: -1
Flags: 5
Validity known: Yes
Validity value: True


Properties of benchmarked planners:
Planner RRT specs:
Multithreaded:                 No
Reports approximate solutions: Yes
Can optimize solutions:        No
Aware of the following parameters: goal_bias range
|>>>
2091952472 is the random seed
15 seconds per run
4096 MB per run
100 runs per planner
54.7625 seconds spent to collect the data
1 planners
geometric_RRT
7 common properties
goal_bias = 0.050000000000000003
longest_valid_segment_fraction = 0.050000000000000003
projection.cellsize.0 = 0.10000000000000001
projection.cellsize.1 = 0.10000000000000001
projection.cellsize_factor = 
range = 7.3285555144469754
valid_segment_count_factor = 1
22 properties for each run
approximate solution BOOLEAN
correct solution BOOLEAN
correct solution strict BOOLEAN
crashed BOOLEAN
graph motions INTEGER
graph states INTEGER
memory REAL
simplification time REAL
simplified correct solution BOOLEAN
simplified correct solution strict BOOLEAN
simplified solution clearance REAL
simplified solution length REAL
simplified solution segments INTEGER
simplified solution smoothness REAL
solution clearance REAL
solution difference REAL
solution length REAL
solution segments INTEGER
solution smoothness REAL
solved BOOLEAN
time REAL
valid segment fraction REAL
100 runs
0; 1; 1; 0; 54; 55; 0; 0.065712000000000007; 1; 1; 0; 38.080279858609266; 48; 16.860040866748246; 0; 0; 64.514314932587098; 13; 1.0573710442814677; 1; 0.25700299999999998; 0.083850931677018639; 
0; 1; 1; 0; 42; 43; 0.06640625; 0.067242999999999997; 1; 1; 0; 54.316039670801757; 32; 2.5513474170074839; 0; 0; 75.372789947091434; 13; 0.68705317069954641; 1; 0.25352599999999997; 0.060869565217391307; 
0; 1; 1; 0; 113; 114; 0.125; 0.050294999999999999; 1; 1; 0; 44.330060090403798; 24; 3.3461578705720716; 0; 0; 64.402549498328355; 12; 0.9333230795455012; 1; 0.41842099999999999; 0.10896817743490839; 
0; 1; 1; 0; 53; 54; 0.1875; 0.052038000000000001; 1; 1; 0; 26.284437938288164; 64; 49.085802701192485; 0; 0; 33.617097970743515; 7; 0.77550144616400996; 1; 0.202816; 0.12100456621004566; 
0; 1; 1; 0; 101; 102; 0.4921875; 0.114062; 1; 1; 0; 35.221618997731944; 40; 11.247362375324832; 0; 0; 63.239380691314551; 12; 1.3439994235321615; 1; 0.47002699999999997; 0.083540115798180312; 
0; 1; 1; 0; 19; 20; 0.4921875; 0.067070000000000005; 1; 1; 0; 34.394252279875722; 48; 8.2043583187152951; 0; 0; 43.94354068285385; 7; 0.29232090017463114; 1; 0.13884299999999999; 0.044811320754716978; 
0; 1; 1; 0; 98; 99; 0.5703125; 0.057329999999999999; 1; 1; 0; 30.788657813834572; 48; 40.561222416771884; 0; 0; 58.827415592295679; 13; 1.6111081584062656; 1; 0.40462199999999998; 0.088687782805429868; 
0; 1; 1; 0; 235; 236; 0.82421875; 0.047381; 1; 1; 0; 37.224881363606912; 24; 2.906071857945344; 0; 0; 66.585739253007006; 13; 1.374536399430935; 1; 0.82188700000000003; 0.10794671566375746; 
0; 1; 1; 0; 398; 399; 0.86328125; 0.068470000000000003; 1; 1; 0; 34.077199750115923; 48; 27.819322222253376; 0; 0; 58.190988242933486; 14; 2.1421213022317058; 1; 1.4734400000000001; 0.098539242386729384; 
0; 1; 1; 0; 91; 92; 1.08203125; 0.056346; 1; 1; 0; 44.790395048085855; 48; 8.759690116420451; 0; 0; 52.582517521544148; 9; 0.46127837061423205; 1; 0.34881200000000001; 0.11332503113325031; 
0; 1; 1; 0; 93; 94; 1.1171875; 0.043159999999999997; 1; 1; 0; 34.124241375265811; 28; 13.20683803428177; 0; 0; 63.544485476356961; 13; 1.4016442845291406; 1; 0.42612499999999998; 0.079623287671232876; 
0; 1; 1; 0; 132; 133; 1.52734375; 0.027463000000000001; 1; 1; 0; 27.579585659469164; 20; 9.5185127272950343; 0; 0; 37.964694939080239; 8; 1.1493398062721436; 1; 0.43068699999999999; 0.11989100817438691; 
0; 1; 1; 0; 145; 146; 1.80859375; 0.076827000000000006; 1; 1; 0; 54.669445941325378; 72; 23.162937600675455; 0; 0; 68.760900219453404; 13; 1.1651911262486028; 1; 0.55571099999999996; 0.10189739985945186; 
0; 1; 1; 0; 29; 30; 1.8359375; 0.046461000000000002; 1; 1; 0; 27.673383903739271; 32; 3.1684069921535167; 0; 0; 41.857345784711327; 8; 0.51933714855880286; 1; 0.13733999999999999; 0.076517150395778361; 
0; 1; 1; 0; 58; 59; 1.94140625; 0.062240999999999998; 1; 1; 0; 30.994282981242527; 40; 7.4508661087712111; 0; 0; 55.332781369791242; 10; 0.82448549975439467; 1; 0.18854199999999999; 0.14077669902912621; 
0; 1; 1; 0; 167; 168; 2.328125; 0.082295999999999994; 1; 1; 0; 69.99605547996903; 40; 6.8933395658744043; 0; 0; 103.13725894509697; 19; 1.7334026453073241; 1; 0.52972600000000003; 0.12613293051359517; 
0; 1; 1; 0; 14; 15; 2.390625; 0.050042999999999997; 1; 1; 0; 26.539039672770542; 40; 7.7393625571273263; 0; 0; 41.297442505646174; 7; 0.43270407711255143; 1; 0.067645999999999998; 0.074866310160427801; 
0; 1; 1; 0; 96; 97; 2.69140625; 0.052086; 1; 1; 0; 32.536340955893792; 48; 29.695908017473059; 0; 0; 37.643291256344789; 7; 0.58684586478649714; 1; 0.49244399999999999; 0.068965517241379309; 
0; 1; 1; 0; 82; 83; 2.71484375; 0.056257000000000001; 1; 1; 0; 36.644035264435409; 48; 26.526255999138471; 0; 0; 49.70719636201229; 9; 0.80090379498338005; 1; 0.33621600000000001; 0.091620111731843576; 
0; 1; 1; 0; 127; 128; 3.1953125; 0.067124000000000003; 1; 1; 0; 38.453282097723466; 40; 6.1128707263294588; 0; 0; 61.835439845262911; 12; 1.0907131635554053; 1; 0.42540099999999997; 0.1111111111111111; 
0; 1; 1; 0; 17; 18; 3.31640625; 0.057074; 1; 1; 0; 38.012622190640428; 24; 2.0580173756411306; 0; 0; 49.57799488658064; 9; 0.65480413031570495; 1; 0.12564400000000001; 0.044502617801047119; 
0; 1; 1; 0; 87; 88; 3.67578125; 0.050622; 1; 1; 0; 26.597354664094329; 40; 16.38159898171736; 0; 0; 38.229399196766842; 9; 0.92344664125718534; 1; 0.40443200000000001; 0.08422071636011616; 
0; 1; 1; 0; 287; 288; 3.93359375; 0.064283999999999994; 1; 1; 0; 39.921773023690832; 48; 19.093782593824226; 0; 0; 77.771958461073538; 16; 1.7983569333474148; 1; 0.85404100000000005; 0.13818006740491093; 
0; 1; 1; 0; 36; 37; 4.1171875; 0.049707000000000001; 1; 1; 0; 37.808166342394749; 24; 3.5822821310542321; 0; 0; 42.282325730815693; 7; 0.23690508194861135; 1; 0.219948; 0.054462934947049922; 
0; 1; 1; 0; 153; 154; 4.46875; 0.052273; 1; 1; 0; 39.199429794680938; 28; 6.3578475962932375; 0; 0; 60.741332565227545; 13; 1.3088924850729775; 1; 0.63261299999999998; 0.088082901554404139; 
0; 1; 1; 0; 170; 171; 4.5859375; 0.053013999999999999; 1; 1; 0; 36.832570230547709; 48; 16.697861158778306; 0; 0; 56.828178153558603; 13; 1.4060224819818017; 1; 0.69333500000000003; 0.098152424942263283; 
0; 1; 1; 0; 36; 37; 4.62109375; 0.047015000000000001; 1; 1; 0; 39.163079309872252; 24; 2.2429651405778324; 0; 0; 68.412147707994748; 13; 1.3778748430823757; 1; 0.37907200000000002; 0.030927835051546393; 
0; 1; 1; 0; 278; 279; 5.2265625; 0.063744999999999996; 1; 1; 0; 41.953199360923854; 56; 24.916917269997075; 0; 0; 83.202857712740453; 17; 2.0406820902966771; 1; 0.96471799999999996; 0.11088950937375348; 
0; 1; 1; 0; 183; 184; 5.5; 0.066754999999999995; 0; 0; 0; 38.567532175176815; 48; 14.11230296351788; 0; 0; 65.571348137569032; 13; 1.1011151633568219; 1; 0.61987999999999999; 0.11883116883116883; 
0; 1; 1; 0; 115; 116; 5.7421875; 0.052725000000000001; 1; 1; 0; 46.089926069686683; 32; 5.9849122669265196; 0; 0; 53.667426935082482; 10; 0.64021974404149351; 1; 0.42877599999999999; 0.10521500457456541; 
0; 1; 1; 0; 48; 49; 5.94140625; 0.051371; 1; 1; 0; 30.429946713162753; 40; 10.21433308317066; 0; 0; 45.805852750910638; 9; 0.49268952729639798; 1; 0.24002999999999999; 0.067796610169491525; 
0; 1; 1; 0; 125; 126; 6.109375; 0.042291000000000002; 1; 1; 0; 27.89351984478705; 40; 13.978460599940899; 0; 0; 35.042770492011179; 8; 0.87975105148465715; 1; 0.49476999999999999; 0.10024057738572574; 
0; 1; 1; 0; 75; 76; 6.13671875; 0.047031999999999997; 1; 1; 0; 39.576956262618353; 28; 3.5971848656846039; 0; 0; 58.630129611117383; 11; 0.79541703451190238; 1; 0.332982; 0.082964601769911508; 
0; 1; 1; 0; 74; 75; 6.3359375; 0.09425; 0; 0; 0; 43.541667834785706; 56; 14.0104554535224; 0; 0; 65.846822676314773; 14; 1.247222349070354; 1; 0.27924700000000002; 0.11178247734138973; 
0; 1; 1; 0; 81; 82; 6.66015625; 0.060658999999999998; 1; 1; 0; 31.92232691632702; 48; 13.845410107100303; 0; 0; 44.070537244305307; 8; 0.4477505226106015; 1; 0.35003499999999999; 0.089207048458149779; 
0; 1; 1; 0; 49; 50; 6.8828125; 0.042416000000000002; 1; 1; 0; 39.579945784973276; 28; 5.1326148855998435; 0; 0; 53.341579572747058; 10; 0.6672265790470463; 1; 0.29972500000000002; 0.052406417112299465; 
0; 1; 1; 0; 50; 51; 7.05859375; 0.055175000000000002; 1; 1; 0; 43.12924199631729; 56; 20.903615326618564; 0; 0; 61.837360838771033; 12; 1.0243075541932583; 1; 0.18843299999999999; 0.11061946902654868; 
0; 1; 1; 0; 103; 104; 7.19921875; 0.058507999999999998; 1; 1; 0; 37.643991012151652; 48; 14.79754618715458; 0; 0; 48.553606693512464; 9; 1.030027574306329; 1; 0.37002200000000002; 0.1111111111111111; 
0; 1; 1; 0; 297; 298; 7.5703125; 0.077883999999999995; 1; 1; 0; 38.748903512362823; 40; 6.9847408173608834; 0; 0; 57.624538856187996; 14; 2.3814006544811543; 1; 1.1811750000000001; 0.093396226415094333; 
0; 1; 1; 0; 38; 39; 7.8828125; 0.074490000000000001; 1; 1; 0; 26.717905926821892; 80; 55.373714980222928; 0; 0; 39.622321315206129; 8; 0.77406604425280778; 1; 0.23336599999999999; 0.056129985228951254; 
0; 1; 1; 0; 30; 31; 8.04296875; 0.035584999999999999; 1; 1; 0; 36.658768605539471; 24; 2.5742924873341191; 0; 0; 44.400044063235292; 8; 0.35389210516187081; 1; 0.155446; 0.083798882681564241; 
0; 1; 1; 0; 87; 88; 8.171875; 0.051005000000000002; 1; 1; 0; 36.332473974023749; 48; 17.306358017486872; 0; 0; 54.544518383982094; 12; 1.5318523946993508; 1; 0.29650799999999999; 0.12100139082058414; 
0; 1; 1; 0; 29; 30; 8.3828125; 0.075186000000000003; 0; 0; 0; 37.467188461887019; 48; 28.340454697634055; 0; 0; 47.980181353426104; 9; 0.56753862488008655; 1; 0.184833; 0.056201550387596902; 
0; 1; 1; 0; 53; 54; 8.5078125; 0.041172; 1; 1; 0; 28.729652270837871; 40; 29.808666741285446; 0; 0; 37.547287113197932; 7; 0.57639402943740536; 1; 0.24413099999999999; 0.077147016011644837; 
0; 1; 1; 0; 197; 198; 8.95703125; 0.062363000000000002; 1; 1; 0; 44.049802016750647; 56; 27.270254426409053; 0; 0; 76.392553824091777; 16; 1.9808321694249318; 1; 0.71396400000000004; 0.10484300159659393; 
0; 1; 1; 0; 83; 84; 9.08984375; 0.057049999999999997; 1; 1; 0; 33.209217551179563; 56; 25.55368630406252; 0; 0; 46.5477715562022; 10; 0.65729829071707535; 1; 0.34377600000000003; 0.095842956120092374; 
0; 1; 1; 0; 36; 37; 9.30078125; 0.071166999999999994; 1; 1; 0; 42.107882543822626; 48; 11.690004843521812; 0; 0; 76.272296412638966; 12; 0.52208249693549436; 1; 0.15648000000000001; 0.091139240506329114; 
0; 1; 1; 0; 173; 174; 9.66796875; 0.063223000000000001; 1; 1; 0; 40.17911922731885; 48; 19.136580255406734; 0; 0; 52.494688006772094; 11; 0.73390886087793572; 1; 0.71192900000000003; 0.08624127617148554; 
0; 1; 1; 0; 260; 261; 10.01953125; 0.052578; 1; 1; 0; 28.541320981937428; 40; 14.103761739667251; 0; 0; 46.250855256354228; 11; 1.8705867512392087; 1; 0.78911600000000004; 0.13619696176008381; 
0; 1; 1; 0; 109; 110; 10.4609375; 0.057886; 1; 1; 0; 32.435453724614469; 48; 40.235645940418308; 0; 0; 50.780015095555854; 11; 1.491545158119203; 1; 0.46941100000000002; 0.084561675717610557; 
0; 1; 1; 0; 124; 125; 10.953125; 0.068223000000000006; 1; 1; 0; 35.393228980993918; 40; 7.3704379288290252; 0; 0; 64.783329305969829; 13; 1.8362903100691463; 1; 0.58126999999999995; 0.069312465064281722; 
0; 1; 1; 0; 71; 72; 11.05078125; 0.079568; 0; 0; 0; 42.589429145047845; 56; 17.152374868804404; 0; 0; 53.010314277362717; 11; 0.93541246215073204; 1; 0.35774499999999998; 0.072375127420998983; 
0; 1; 1; 0; 204; 205; 11.46484375; 0.064202999999999996; 0; 0; 0; 48.20243349439999; 40; 17.985981403375298; 0; 0; 64.692536687923493; 13; 1.5551243574165128; 1; 0.76331099999999996; 0.10408163265306122; 
0; 1; 1; 0; 162; 163; 11.84765625; 0.082640000000000005; 0; 0; 0; 36.445943169059774; 40; 22.513567705740314; 0; 0; 47.947261905060046; 10; 1.0458093305910485; 1; 0.610545; 0.10093457943925234; 
0; 1; 1; 0; 343; 344; 12.45703125; 0.075581999999999996; 1; 1; 0; 37.819490241242427; 48; 11.33949127777009; 0; 0; 64.356676252331454; 15; 2.9707366450461357; 1; 1.119065; 0.11615306467998646; 
0; 1; 1; 0; 69; 70; 12.53515625; 0.059957999999999997; 1; 1; 0; 37.662397719761046; 56; 36.393075265585558; 0; 0; 53.26007600652872; 11; 0.78309675193557426; 1; 0.246118; 0.10207100591715976; 
0; 1; 1; 0; 132; 133; 12.95703125; 0.062747999999999998; 1; 1; 0; 44.519038344070779; 36; 14.177375783741159; 0; 0; 77.154708897871757; 16; 1.8418328862972695; 1; 0.53323100000000001; 0.091922005571030641; 
0; 1; 1; 0; 206; 207; 13.44140625; 0.036717; 1; 1; 0; 31.047894534123259; 24; 3.3098411765899565; 0; 0; 42.1965653858705; 9; 0.7266028148139998; 1; 0.72103399999999995; 0.10916799152093269; 
0; 1; 1; 0; 84; 85; 13.578125; 0.058647999999999999; 1; 1; 0; 30.339728647273269; 32; 1.7596868278154245; 0; 0; 52.632088175262261; 10; 0.61912894641375849; 1; 0.37127700000000002; 0.080846968238691044; 
0; 1; 1; 0; 63; 64; 13.796875; 0.034499000000000002; 1; 1; 0; 31.608390755811293; 20; 3.9916064309930563; 0; 0; 50.865736187511558; 11; 1.0942595850155237; 1; 0.30447200000000002; 0.078651685393258425; 
0; 1; 1; 0; 18; 19; 13.95703125; 0.041075; 1; 1; 0; 33.213705037126395; 24; 3.1554790039013132; 0; 0; 47.84367536770425; 9; 0.46861933183826948; 1; 0.111594; 0.044665012406947889; 
0; 1; 1; 0; 129; 130; 14.3203125; 0.069003999999999996; 1; 1; 0; 42.462113192294886; 56; 28.255509175758213; 0; 0; 66.801160662171867; 12; 0.98154855128738594; 1; 0.49946800000000002; 0.097432024169184284; 
0; 1; 1; 0; 65; 66; 14.359375; 0.058255000000000001; 1; 1; 0; 32.137004771603962; 40; 9.5999915441153565; 0; 0; 51.210649637712457; 11; 1.4517315609446519; 1; 0.36551099999999997; 0.061320754716981132; 
0; 1; 1; 0; 46; 47; 14.5625; 0.046344999999999997; 1; 1; 0; 37.66084975988867; 24; 2.695882483949132; 0; 0; 49.719852595462179; 9; 0.53772623395842467; 1; 0.300896; 0.05336426914153132; 
0; 1; 1; 0; 40; 41; 14.7421875; 0.029166999999999998; 1; 1; 0; 31.963013520628419; 20; 1.9816011414349912; 0; 0; 39.363665062436887; 7; 0.25629704887522808; 1; 0.18470900000000001; 0.079207920792079209; 
0; 1; 1; 0; 152; 153; 15.41015625; 0.060316000000000002; 1; 1; 0; 39.23571612794327; 56; 22.882019564171742; 0; 0; 50.79743316015319; 9; 0.79080380173204545; 1; 0.59993099999999999; 0.1038961038961039; 
0; 1; 1; 0; 32; 33; 15.484375; 0.048677999999999999; 1; 1; 0; 42.528477699988983; 28; 5.9378091748431476; 0; 0; 61.406137374017668; 10; 0.69040527261819029; 1; 0.12463299999999999; 0.10631229235880399; 
0; 1; 1; 0; 39; 40; 15.58203125; 0.054882; 1; 1; 0; 38.810021712767465; 56; 38.205032893660714; 0; 0; 47.776919630423343; 9; 0.84125028556400905; 1; 0.14928; 0.11403508771929824; 
0; 1; 1; 0; 68; 69; 15.703125; 0.077903; 0; 0; 0; 45.776549123819692; 32; 6.9213893700710445; 0; 0; 60.105433660430904; 10; 0.61163307007244827; 1; 0.32239800000000002; 0.08076009501187649; 
0; 1; 1; 0; 71; 72; 15.90234375; 0.043234000000000002; 1; 1; 0; 34.989338624071578; 28; 3.834595495056957; 0; 0; 45.755781984107742; 9; 0.96260440388039314; 1; 0.29779; 0.089646464646464641; 
0; 1; 1; 0; 96; 97; 16.33203125; 0.056036999999999997; 1; 1; 0; 35.739190622850082; 48; 12.062295756196619; 0; 0; 47.553380195317047; 10; 0.94264733904455278; 1; 0.35496899999999998; 0.10690423162583519; 
0; 1; 1; 0; 72; 73; 16.5078125; 0.057472000000000002; 1; 1; 0; 31.444890154881232; 32; 4.6899438443789245; 0; 0; 68.584247452737614; 13; 1.4432718987698288; 1; 0.371056; 0.062122519413287315; 
0; 1; 1; 0; 53; 54; 16.74609375; 0.078791; 1; 1; 0; 62.675490020059385; 40; 4.8197672797362401; 0; 0; 74.900201160414383; 13; 0.76696209723829112; 1; 0.22801099999999999; 0.088333333333333333; 
0; 1; 1; 0; 257; 258; 17.1796875; 0.060267000000000001; 1; 1; 0; 27.373406856349078; 40; 24.147842064637782; 0; 0; 64.954793076895072; 14; 1.9035901697999607; 1; 0.93466000000000005; 0.1028; 
0; 1; 1; 0; 23; 24; 17.4140625; 0.046093000000000002; 1; 1; 0; 39.602666169082667; 24; 1.6946165879344683; 0; 0; 45.32011031024421; 7; 0.19340041965770502; 1; 0.103176; 0.094262295081967207; 
0; 1; 1; 0; 87; 88; 17.73046875; 0.088008000000000003; 1; 1; 0; 51.879489375150349; 56; 12.85150080962584; 0; 0; 67.599962540950443; 12; 0.74193064917519802; 1; 0.45234000000000002; 0.072199170124481321; 
0; 1; 1; 0; 49; 50; 17.75; 0.058452999999999998; 1; 1; 0; 37.477220135139774; 56; 17.544414003112585; 0; 0; 45.023181087262586; 8; 0.38273816100407143; 1; 0.32108900000000001; 0.051961823966065745; 
0; 1; 1; 0; 143; 144; 18.19921875; 0.057041000000000001; 1; 1; 0; 46.319717079120991; 32; 6.8659033273273868; 0; 0; 56.818045740121342; 12; 0.99812735840397182; 1; 0.61170100000000005; 0.081807780320366133; 
0; 1; 1; 0; 99; 100; 18.2890625; 0.026808999999999999; 1; 1; 0; 25.300448992256236; 24; 7.4093895319302563; 0; 0; 30.889698109029784; 7; 0.84743433065816387; 1; 0.46395500000000001; 0.078446909667194933; 
0; 1; 1; 0; 95; 96; 18.796875; 0.062080999999999997; 0; 0; 0; 43.012541628735562; 32; 7.1691163123218979; 0; 0; 56.85560340683395; 11; 0.86201516266003697; 1; 0.413547; 0.087476979742173111; 
0; 1; 1; 0; 47; 48; 19.0234375; 0.062896999999999995; 1; 1; 0; 47.163648104278785; 32; 4.1572482171705563; 0; 0; 57.726675266101545; 11; 0.47474468495331412; 1; 0.18071899999999999; 0.096707818930041156; 
0; 1; 1; 0; 37; 38; 19.15234375; 0.079321000000000003; 1; 1; 0; 40.416213690983383; 56; 17.670390695142039; 0; 0; 61.568591297946639; 11; 0.84067289716103799; 1; 0.30480099999999999; 0.039153439153439155; 
0; 1; 1; 0; 86; 87; 19.3515625; 0.050625999999999997; 1; 1; 0; 50.767989048783917; 36; 9.6330470909235135; 0; 0; 67.606575092383977; 14; 1.3186210889180419; 1; 0.409028; 0.076173604960141722; 
0; 1; 1; 0; 50; 51; 19.6015625; 0.065204999999999999; 1; 1; 0; 38.367452280583613; 56; 31.00108639014514; 0; 0; 68.484896156230377; 13; 1.1579346202605987; 1; 0.28125899999999998; 0.061425061425061427; 
0; 1; 1; 0; 64; 65; 19.78125; 0.070370000000000002; 1; 1; 0; 36.750301163217088; 48; 7.5160412394097085; 0; 0; 47.798144407994229; 9; 0.75302949118823115; 1; 0.27970299999999998; 0.089136490250696379; 
0; 1; 1; 0; 210; 211; 20.20703125; 0.055278000000000001; 1; 1; 0; 46.811505342111843; 32; 4.3868050956855145; 0; 0; 76.151203089762944; 17; 2.2122762058277803; 1; 0.80135599999999996; 0.094382022471910118; 
0; 1; 1; 0; 157; 158; 20.90234375; 0.064373; 1; 1; 0; 37.97960463649558; 48; 19.017054898926713; 0; 0; 57.952706428437239; 10; 1.0848483152100663; 1; 0.59523099999999995; 0.10687542545949626; 
0; 1; 1; 0; 126; 127; 20.9765625; 0.036599; 1; 1; 0; 22.971582587214911; 32; 24.139293932061332; 0; 0; 41.060815034851508; 10; 1.7859082200378054; 1; 0.43091099999999999; 0.10696095076400679; 
0; 1; 1; 0; 29; 30; 21.18359375; 0.037970999999999998; 1; 1; 0; 36.369328361385989; 28; 4.7765263509886884; 0; 0; 40.477950441377487; 7; 0.34115725725456469; 1; 0.166215; 0.064444444444444443; 
0; 1; 1; 0; 143; 144; 21.55859375; 0.048089; 1; 1; 0; 37.094769624808762; 48; 9.3419400927991187; 0; 0; 59.443730864566092; 13; 1.7931166753438899; 1; 0.63760099999999997; 0.078657865786578657; 
0; 1; 1; 0; 188; 189; 21.91796875; 0.058382000000000003; 1; 1; 0; 45.515393534204406; 32; 5.0084495971230503; 0; 0; 63.496567013615369; 13; 1.1003848243365695; 1; 0.69539700000000004; 0.10295728368017525; 
0; 1; 1; 0; 116; 117; 22.2734375; 0.043332000000000002; 1; 1; 0; 31.968172164180785; 28; 7.8006332967132854; 0; 0; 39.581538741507302; 8; 0.71118914533017563; 1; 0.45352199999999998; 0.10564663023679417; 
0; 1; 1; 0; 28; 29; 22.28515625; 0.054038999999999997; 1; 1; 0; 38.470963086331757; 32; 9.610182086455147; 0; 0; 63.655859009178769; 12; 0.99674741505113507; 1; 0.14034199999999999; 0.070528967254408062; 
0; 1; 1; 0; 110; 111; 22.375; 0.047959000000000002; 1; 1; 0; 30.085152914444997; 40; 14.628031332290542; 0; 0; 66.40654756743649; 13; 1.3826966217131684; 1; 0.41327799999999998; 0.10826771653543307; 
0; 1; 1; 0; 74; 75; 22.625; 0.066105999999999998; 1; 1; 0; 36.604560572666131; 56; 15.503179049686761; 0; 0; 65.676574887704504; 14; 1.3627277353189913; 1; 0.32736599999999999; 0.083615819209039544; 
0; 1; 1; 0; 140; 141; 23.33203125; 0.065919000000000005; 1; 1; 0; 53.994505448146853; 36; 5.0715000494180007; 0; 0; 63.861417058736642; 12; 0.90463922413139797; 1; 0.70282900000000004; 0.06968641114982578; 
0; 1; 1; 0; 120; 121; 23.71484375; 0.075615000000000002; 1; 1; 0; 47.105093045831602; 72; 16.638289967157686; 0; 0; 66.361033840574493; 13; 0.88276537781442244; 1; 0.50996200000000003; 0.083449235048678724; 
0; 1; 1; 0; 112; 113; 23.984375; 0.03687; 1; 1; 0; 33.082070381639092; 24; 3.8048960916676404; 0; 0; 59.251289813873505; 12; 1.5007245830090383; 1; 0.48252200000000001; 0.086486486486486491; 
0; 1; 1; 0; 121; 122; 24.2421875; 0.055514000000000001; 1; 1; 0; 35.447621975586884; 24; 2.8437989273397468; 0; 0; 47.901181080190348; 10; 0.82576770608523187; 1; 0.62092800000000004; 0.067147613762486125; 
0; 1; 1; 0; 62; 63; 24.3125; 0.063436000000000006; 1; 1; 0; 37.934157064308188; 64; 22.315144639017102; 0; 0; 47.030504349713247; 9; 0.64275000660185055; 1; 0.41365600000000002; 0.054290718038528897; 
.
