Experiment pr2_right_arm_experiment2_right_arm[LBKPIECEkConfigDefault]
Running on i7
Starting at 2012-03-08T20:27:13.813651
<<<|
Properties of the state space 'right_arm_JointModel'
  - signature: 8 0 7 2 1 2 1 1 5 
  - dimension: 7
  - extent: 36.6428
  - sanity checks for state space passed
  - probability of valid states: 0.002
  - average length of a valid motion: 0
Settings for the state space 'right_arm_JointModel'
  - state validity check resolution: 5%
  - valid segment count factor: 1
  - state space:
Compound state space 'right_arm_JointModel' of dimension 7 (locked) [
SO2 state space 'r_forearm_roll_joint'
 of weight 1
SO2 state space 'r_wrist_roll_joint'
 of weight 1
Real vector state space 'J(r_shoulder_pan_joint,r_shoulder_lift_joint,r_upper_arm_roll_joint,r_elbow_flex_joint,r_wrist_flex_joint)' of dimension 5 with bounds: 
  - min: -2.1354 -0.3536 -3.75 -2.1213 -2 
  - max: 0.564602 1.2963 0.65 -0.15 -0.1 
  and dimension names: 'r_shoulder_pan_joint' 'r_shoulder_lift_joint' 'r_upper_arm_roll_joint' 'r_elbow_flex_joint' 'r_wrist_flex_joint' 
 of weight 5
]
Registered projections:
  - <default>
Projection of dimension 2
Cell sizes (computed defaults): [0.1 0.1]

Declared parameters:
longest_valid_segment_fraction = 0.050000000000000003
projection.cellsize.0 = 0.10000000000000001
projection.cellsize.1 = 0.10000000000000001
projection.cellsize_factor = 
valid_segment_count_factor = 1
Valid state sampler named uniform with parameters:
nr_attempts = 100
Planner LBKPIECE1 specs:
Multithreaded:                 No
Reports approximate solutions: No
Can optimize solutions:        No
Aware of the following parameters: border_fraction min_valid_path_fraction range
Declared parameters for planner LBKPIECE1:
border_fraction = 0.90000000000000002
min_valid_path_fraction = 0.5
range = 7.3285555144469754
Start states:
Compound state [
SO2State [1.61033]
SO2State [0.652208]
RealVectorState [0.371285 0.452859 -1.33889 -0.690347 -0.958497]
]
Tag: -1
Flags: 0
Validity known: No
10 goal states, threshold = 2.22045e-16, memory address = 0x7fef7dbd5b30
Compound state [
SO2State [-0.640892]
SO2State [1.73173]
RealVectorState [-0.284597 0.5359 0.359428 -0.164032 -1.71483]
]
Tag: -1
Flags: 5
Validity known: Yes
Validity value: True

Compound state [
SO2State [-0.640892]
SO2State [1.73173]
RealVectorState [-0.284597 0.5359 0.359428 -0.164032 -1.71483]
]
Tag: -1
Flags: 5
Validity known: Yes
Validity value: True

Compound state [
SO2State [-0.640892]
SO2State [1.73173]
RealVectorState [-0.284597 0.5359 0.359428 -0.164032 -1.71483]
]
Tag: -1
Flags: 5
Validity known: Yes
Validity value: True

Compound state [
SO2State [-0.640892]
SO2State [1.73173]
RealVectorState [-0.284597 0.5359 0.359428 -0.164032 -1.71483]
]
Tag: -1
Flags: 5
Validity known: Yes
Validity value: True

Compound state [
SO2State [-0.640892]
SO2State [1.73173]
RealVectorState [-0.284597 0.5359 0.359428 -0.164032 -1.71483]
]
Tag: -1
Flags: 5
Validity known: Yes
Validity value: True

Compound state [
SO2State [-0.640892]
SO2State [1.73173]
RealVectorState [-0.284597 0.5359 0.359428 -0.164032 -1.71483]
]
Tag: -1
Flags: 5
Validity known: Yes
Validity value: True

Compound state [
SO2State [-0.640892]
SO2State [1.73173]
RealVectorState [-0.284597 0.5359 0.359428 -0.164032 -1.71483]
]
Tag: -1
Flags: 5
Validity known: Yes
Validity value: True

Compound state [
SO2State [-0.640892]
SO2State [1.73173]
RealVectorState [-0.284597 0.5359 0.359428 -0.164032 -1.71483]
]
Tag: -1
Flags: 5
Validity known: Yes
Validity value: True

Compound state [
SO2State [-0.640892]
SO2State [1.73173]
RealVectorState [-0.284597 0.5359 0.359428 -0.164032 -1.71483]
]
Tag: -1
Flags: 5
Validity known: Yes
Validity value: True

Compound state [
SO2State [-0.640892]
SO2State [1.73173]
RealVectorState [-0.284597 0.5359 0.359428 -0.164032 -1.71483]
]
Tag: -1
Flags: 5
Validity known: Yes
Validity value: True


Properties of benchmarked planners:
Planner LBKPIECE1 specs:
Multithreaded:                 No
Reports approximate solutions: No
Can optimize solutions:        No
Aware of the following parameters: border_fraction min_valid_path_fraction range
|>>>
197407474 is the random seed
15 seconds per run
4096 MB per run
50 runs per planner
191.083 seconds spent to collect the data
1 planners
geometric_LBKPIECE1
8 common properties
border_fraction = 0.90000000000000002
longest_valid_segment_fraction = 0.050000000000000003
min_valid_path_fraction = 0.5
projection.cellsize.0 = 0.10000000000000001
projection.cellsize.1 = 0.10000000000000001
projection.cellsize_factor = 
range = 7.3285555144469754
valid_segment_count_factor = 1
22 properties for each run
approximate solution BOOLEAN
correct solution BOOLEAN
correct solution strict BOOLEAN
crashed BOOLEAN
graph motions INTEGER
graph states INTEGER
memory REAL
simplification time REAL
simplified correct solution BOOLEAN
simplified correct solution strict BOOLEAN
simplified solution clearance REAL
simplified solution length REAL
simplified solution segments INTEGER
simplified solution smoothness REAL
solution clearance REAL
solution difference REAL
solution length REAL
solution segments INTEGER
solution smoothness REAL
solved BOOLEAN
time REAL
valid segment fraction REAL
50 runs
0; 1; 1; 0; 375; 386; 0.76953125; 0.087458999999999995; 0; 0; 0; 55.366947078272837; 48; 11.033370152974696; 0; 0; 281.49953453879334; 44; 4.9409357070242335; 1; 2.590452; 0.002482562950703393; 
0; 1; 1; 0; 439; 450; 2.046875; 0.072662000000000004; 1; 1; 0; 31.440569435230227; 48; 24.068342982661662; 0; 0; 212.89081419838584; 39; 5.8485892364123426; 1; 3.3088540000000002; 0.00079491255961844202; 
0; 1; 1; 0; 1320; 1331; 3.99609375; 0.068265999999999993; 0; 0; 0; 49.092744523033943; 48; 34.539498291962673; 0; 0; 212.38623234269568; 37; 5.1384405001043021; 1; 5.7090209999999999; 0.0018026137899954935; 
0; 1; 1; 0; 1116; 1127; 6.140625; 0.101228; 1; 1; 0; 44.889291111632929; 64; 33.910503005477203; 0; 0; 231.03665390072354; 42; 5.9429727789623845; 1; 5.1657409999999997; 0.0018743575790555655; 
0; 1; 1; 0; 123; 134; 6.44921875; 0.061880999999999999; 1; 1; 0; 49.919393886457698; 28; 5.3016709762380456; 0; 0; 201.04784878379419; 30; 3.7809260000987153; 1; 0.93356799999999995; 0.0030326004548900682; 
0; 1; 1; 0; 1129; 1140; 8.04296875; 0.089802000000000007; 1; 1; 0; 31.992721526326214; 40; 27.432049593926852; 0; 0; 424.20649223679555; 71; 9.5425531901569354; 1; 5.4334059999999997; 0.0009317183548515906; 
0; 1; 1; 0; 1001; 1012; 9.703125; 0.076308000000000001; 1; 1; 0; 28.576089371084347; 40; 18.517219677354916; 0; 0; 245.59530365928549; 43; 6.2920132486007683; 1; 4.5742560000000001; 0.0017396907216494846; 
0; 1; 1; 0; 446; 457; 10.5078125; 0.087956999999999994; 0; 0; 0; 64.358274766524971; 40; 23.097815028668816; 0; 0; 240.10630015477625; 44; 6.6040719434374173; 1; 2.8100939999999999; 0.0024588411374812913; 
0; 1; 1; 0; 693; 704; 11.37109375; 0.084539000000000003; 0; 0; 0; 66.848536514726462; 56; 27.706036905792107; 0; 0; 319.71857191669096; 55; 7.8785118328098278; 1; 3.2320199999999999; 0.0022192203782323426; 
0; 1; 1; 0; 356; 367; 12.03515625; 0.060172000000000003; 1; 1; 0; 29.485648214979456; 40; 12.125301482252265; 0; 0; 180.32803664606263; 31; 3.5082322719583954; 1; 1.9788380000000001; 0.0022569724326938576; 
0; 1; 1; 0; 1504; 1515; 14.6171875; 0.065335000000000004; 1; 1; 0; 44.840786761789246; 32; 7.5957722489323451; 0; 0; 279.89852454644858; 50; 9.2503578229136103; 1; 5.7957729999999996; 0.0011680143755615454; 
0; 1; 1; 0; 296; 307; 14.890625; 0.070576; 1; 1; 0; 30.247409342588071; 48; 27.399493141380511; 0; 0; 196.6800976777582; 33; 3.4500810295249313; 1; 2.0179830000000001; 0.0022620778801098725; 
0; 1; 1; 0; 331; 342; 15.4453125; 0.082891999999999993; 0; 0; 0; 56.407972108585305; 56; 49.125799162440458; 0; 0; 201.37575141391497; 35; 4.4409485237259707; 1; 2.1322139999999998; 0.0012659684658763955; 
0; 1; 1; 0; 514; 525; 16.390625; 0.087080000000000005; 1; 1; 0; 37.860804725926933; 56; 21.490103879211983; 0; 0; 208.4587392428827; 37; 5.6604866193353871; 1; 3.0034879999999999; 0.0022098284752183521; 
0; 1; 1; 0; 1083; 1094; 18.26171875; 0.082702999999999999; 1; 1; 0; 36.274519503871623; 48; 28.934696112930258; 0; 0; 410.50701295740146; 64; 6.7194588243913991; 1; 4.8965009999999998; 0.0014986212684330415; 
0; 1; 1; 0; 1083; 1094; 19.83984375; 0.067252000000000006; 0; 0; 0; 62.978578357888352; 24; 6.4509309746437902; 0; 0; 305.77216746997624; 51; 6.3931130889727354; 1; 4.697343; 0.0017960845357121475; 
0; 1; 1; 0; 450; 461; 20.625; 0.098522999999999999; 0; 0; 0; 90.318800214450079; 56; 36.223819012389114; 0; 0; 252.95609383205385; 43; 5.6206930959618866; 1; 2.8006690000000001; 0.0021602937999567941; 
0; 1; 1; 0; 318; 329; 21.18359375; 0.080648999999999998; 1; 1; 0; 39.806548084980406; 32; 11.706785317710867; 0; 0; 275.11656074687869; 42; 5.2160876095903612; 1; 1.920647; 0.0022194039315155357; 
0; 1; 1; 0; 577; 588; 22.50390625; 0.057329999999999999; 1; 1; 0; 33.322510062425522; 24; 9.501123843208596; 0; 0; 240.52912424332567; 41; 5.1402864530825871; 1; 3.521156; 0.001611535199321459; 
0; 1; 1; 0; 480; 491; 23.2890625; 0.090218999999999994; 1; 1; 0; 35.540161524816305; 48; 33.338160755562669; 0; 0; 311.75985332777452; 55; 8.7755084053268888; 1; 2.6442809999999999; 0.0014481452601091678; 
0; 1; 1; 0; 685; 696; 24.4609375; 0.088764999999999997; 1; 1; 0; 32.107658875151792; 40; 31.334612120369304; 0; 0; 353.60171317078544; 60; 8.3720347485488773; 1; 3.6707800000000002; 0.0020363142711691839; 
0; 1; 1; 0; 568; 579; 25.640625; 0.066742999999999997; 0; 0; 0; 54.754537331003277; 24; 5.1605838194481537; 0; 0; 219.39248925005305; 39; 4.2444024265239211; 1; 3.4009619999999998; 0.001769598301185631; 
0; 1; 1; 0; 122; 133; 26.0625; 0.054253000000000003; 1; 1; 0; 33.351343131464972; 48; 18.437292965133512; 0; 0; 166.03040595664746; 23; 1.889481502083441; 1; 1.1129880000000001; 0.0011560693641618498; 
0; 1; 1; 0; 250; 261; 26.33203125; 0.089009000000000005; 1; 1; 0; 36.561925239315002; 48; 50.975438838283395; 0; 0; 218.36562301504776; 40; 6.2329430251541531; 1; 1.9044300000000001; 0.0016627868307283007; 
0; 1; 1; 0; 775; 786; 27.84375; 0.090343999999999994; 1; 1; 0; 47.805220107531213; 56; 43.481630490283187; 0; 0; 233.04733942460075; 41; 5.7098194275891432; 1; 3.9260660000000001; 0.0017475875693336372; 
0; 1; 1; 0; 1287; 1298; 30.2421875; 0.073428999999999994; 0; 0; 0; 59.704428256524935; 48; 10.027361633912021; 0; 0; 278.76825469318482; 46; 5.7850127004816647; 1; 5.3663679999999996; 0.0013228242297304747; 
0; 1; 1; 0; 562; 573; 31.1484375; 0.088290999999999994; 1; 1; 0; 46.399668330827829; 40; 18.515310544860807; 0; 0; 305.77269286462325; 49; 4.565546206755327; 1; 2.7152790000000002; 0.0033629854632241268; 
0; 1; 1; 0; 3404; 3415; 35.44921875; 0.10521800000000001; 1; 1; 0; 37.529924602761255; 48; 22.1610392889027; 0; 0; 398.86595256426921; 72; 10.065272973306378; 1; 10.682421; 0.0011925604526654995; 
0; 1; 1; 0; 523; 534; 36.34375; 0.076517000000000002; 1; 1; 0; 31.616149495668964; 48; 14.902098984025725; 0; 0; 318.46303559606781; 52; 5.6146110349811806; 1; 2.9011640000000001; 0.001682335477486393; 
0; 1; 1; 0; 593; 604; 36.640625; 0.112081; 1; 1; 0; 49.851197536455842; 96; 80.322114657245038; 0; 0; 236.84596145573462; 38; 4.5391375075663003; 1; 3.2109179999999999; 0.0014295925661186562; 
0; 1; 1; 0; 2046; 2057; 39.62109375; 0.085309999999999997; 1; 1; 0; 42.249919212388015; 32; 7.8669610715934501; 0; 0; 297.77450961227959; 51; 6.987641792358529; 1; 8.0826039999999999; 0.0019321517482257646; 
0; 1; 1; 0; 1113; 1124; 41.01953125; 0.120353; 0; 0; 0; 52.286313348985125; 96; 163.8751780029009; 0; 0; 386.74453999107249; 62; 7.3656997161390176; 1; 5.2643740000000001; 0.0016058474998615648; 
0; 1; 1; 0; 554; 565; 41.86328125; 0.051846999999999997; 0; 0; 0; 50.707444826414317; 24; 5.9326421092700343; 0; 0; 238.13298430848727; 38; 4.2829206248680807; 1; 2.8709380000000002; 0.0029306414848583521; 
0; 1; 1; 0; 701; 712; 43.0546875; 0.088511999999999993; 1; 1; 0; 44.554396419048203; 32; 13.038646102616068; 0; 0; 416.84846073603472; 66; 7.943240932329072; 1; 3.7335180000000001; 0.0015827793605571383; 
0; 1; 1; 0; 1012; 1023; 44.5546875; 0.117231; 0; 0; 0; 61.410012180468023; 72; 59.275407145368916; 0; 0; 359.61163225495181; 63; 8.5178812555802512; 1; 4.9854459999999996; 0.0019728582531236922; 
0; 1; 1; 0; 427; 438; 45.5546875; 0.074524999999999994; 0; 0; 0; 74.029395912736632; 64; 25.838344644188048; 0; 0; 131.49275741626121; 23; 3.4167814522894826; 1; 2.9648500000000002; 0.0018599460615642146; 
0; 1; 1; 0; 1230; 1241; 47.3671875; 0.060440000000000001; 1; 1; 0; 40.644116123814428; 28; 6.8326954038095025; 0; 0; 231.37159234166106; 38; 4.8944268196262897; 1; 5.1997340000000003; 0.0023447329292005034; 
0; 1; 1; 0; 327; 338; 47.97265625; 0.078934000000000004; 1; 1; 0; 32.294322231979564; 40; 8.3196094643600809; 0; 0; 257.42165403018055; 46; 6.3941396702751456; 1; 2.2133060000000002; 0.0013666293949558951; 
0; 1; 1; 0; 887; 898; 49.69140625; 0.051727000000000002; 0; 0; 0; 61.70719350050728; 28; 6.6416695208791934; 0; 0; 222.5107769843018; 39; 6.0330167566325201; 1; 4.3719749999999999; 0.0011083240972991893; 
0; 1; 1; 0; 299; 310; 50.015625; 0.053295000000000002; 1; 1; 0; 31.174878259875243; 24; 3.9095595543541508; 0; 0; 214.33940319140373; 37; 5.0052116095258743; 1; 1.8119909999999999; 0.0022843085573712881; 
0; 1; 1; 0; 281; 292; 50.73046875; 0.077252000000000001; 1; 1; 0; 41.31469907009258; 56; 47.663948559642002; 0; 0; 203.32679475471829; 33; 4.7589247861262125; 1; 2.111103; 0.0018042399639152007; 
0; 1; 1; 0; 1637; 1648; 52.890625; 0.085006999999999999; 1; 1; 0; 35.062914926563586; 48; 20.65008409005155; 0; 0; 419.49289779378921; 72; 11.264632730304257; 1; 5.5877080000000001; 0.0017254503933011925; 
0; 1; 1; 0; 644; 655; 54.3515625; 0.090985999999999997; 1; 1; 0; 50.668063566851202; 56; 34.026870387470495; 0; 0; 239.56657320095479; 42; 5.4684719942592448; 1; 3.602884; 0.001651899684637333; 
0; 1; 1; 0; 1591; 1602; 56.67578125; 0.077818999999999999; 0; 0; 0; 64.680046205969632; 56; 50.228323656337025; 0; 0; 218.05221476619204; 40; 5.7132373261166123; 1; 6.8055899999999996; 0.0012225969645868467; 
0; 1; 1; 0; 433; 444; 57.34765625; 0.080073000000000005; 1; 1; 0; 41.935955590888952; 72; 68.065737221619173; 0; 0; 107.9464648134353; 17; 1.8037194977646922; 1; 2.7415250000000002; 0.0019038553069966682; 
0; 1; 1; 0; 143; 154; 57.828125; 0.071355000000000002; 1; 1; 0; 37.083600773326872; 40; 14.502577215341185; 0; 0; 157.78148155729792; 29; 3.9450993478132799; 1; 1.297795; 0.0016722408026755853; 
0; 1; 1; 0; 1092; 1103; 59.28125; 0.082213999999999995; 1; 1; 0; 40.115133527053487; 28; 9.1920231435070736; 0; 0; 386.85062101460073; 68; 9.6686919880340483; 1; 4.2874999999999996; 0.0017005645874430312; 
0; 1; 1; 0; 55; 66; 59.515625; 0.050432999999999999; 1; 1; 0; 29.226532510889598; 40; 9.9430918297470541; 0; 0; 91.485535864631231; 15; 1.7578367017696024; 1; 0.61170599999999997; 0.0038004750593824228; 
0; 1; 1; 0; 513; 524; 60.1875; 0.067807999999999993; 1; 1; 0; 27.712306930679606; 40; 10.66223023770203; 0; 0; 177.0709425515837; 34; 5.6825676753921668; 1; 2.466288; 0.0021701884637350087; 
0; 1; 1; 0; 115; 126; 60.63671875; 0.053518999999999997; 1; 1; 0; 30.721620701450696; 32; 7.0784021897666118; 0; 0; 131.0530855267906; 21; 2.4133844955281978; 1; 1.0880810000000001; 0.0022388059701492539; 
.
