Experiment pr2_right_arm_experiment1_right_arm[KPIECEkConfigDefault]
Running on i7
Starting at 2012-03-09T03:32:29.143585
<<<|
Properties of the state space 'right_arm_PoseModel'
  - signature: 18 0 13 0 13 0 7 2 1 2 1 1 5 5 6 1 3 3 3 
  - dimension: 13
  - extent: 5.0349
  - sanity checks for state space passed
  - probability of valid states: 0.452
  - average length of a valid motion: 0.281269
Settings for the state space 'right_arm_PoseModel'
  - state validity check resolution: 5%
  - valid segment count factor: 1
  - state space:
Compound state space 'right_arm_PoseModel' of dimension 13 (locked) [
Compound state space 'CompoundSpace41' of dimension 13 (locked) [
Compound state space 'J(r_forearm_roll_joint,r_wrist_roll_joint,J(r_shoulder_pan_joint,r_shoulder_lift_joint,r_upper_arm_roll_joint,r_elbow_flex_joint,r_wrist_flex_joint))' of dimension 7 (locked) [
SO2 state space 'r_forearm_roll_joint'
 of weight 1
SO2 state space 'r_wrist_roll_joint'
 of weight 1
Real vector state space 'J(r_shoulder_pan_joint,r_shoulder_lift_joint,r_upper_arm_roll_joint,r_elbow_flex_joint,r_wrist_flex_joint)' of dimension 5 with bounds: 
  - min: -2.1354 -0.3536 -3.75 -2.1213 -2 
  - max: 0.564602 1.2963 0.65 -0.15 -0.1 
  and dimension names: 'r_shoulder_pan_joint' 'r_shoulder_lift_joint' 'r_upper_arm_roll_joint' 'r_elbow_flex_joint' 'r_wrist_flex_joint' 
 of weight 5
]
No registered projections
 of weight 0
Compound state space 'right_arm_Workspace' of dimension 6 (locked) [
Real vector state space 'RealVectorSpace43' of dimension 3 with bounds: 
  - min: -1 -1 -1 
  - max: 1 1 1 
 of weight 1
SO(3) state space 'SO3Space44' (represented using quaternions)
 of weight 0.5
]
Registered projections:
  - <default>
Projection of dimension 3
Cell sizes (computed defaults): [0.1 0.1 0.1]
 of weight 1
]
No registered projections
 of weight 1
]
Registered projections:
  - <default>
Projection of dimension 2
Cell sizes (computed defaults): [0.1 0.1]

Declared parameters:
longest_valid_segment_fraction = 0.050000000000000003
projection.cellsize.0 = 0.10000000000000001
projection.cellsize.1 = 0.10000000000000001
projection.cellsize_factor = 
valid_segment_count_factor = 1
Valid state sampler named uniform with parameters:
nr_attempts = 100
Planner KPIECE1 specs:
Multithreaded:                 No
Reports approximate solutions: Yes
Can optimize solutions:        No
Aware of the following parameters: border_fraction failed_expansion_score_factor goal_bias min_valid_path_fraction range
Declared parameters for planner KPIECE1:
border_fraction = 0.90000000000000002
failed_expansion_score_factor = 0.5
goal_bias = 0.050000000000000003
min_valid_path_fraction = 0.20000000000000001
range = 1.0069795883865302
Start states:
Compound state [
Compound state [
Compound state [
SO2State [2.35821]
SO2State [-2.27796]
RealVectorState [-1.21045 0.0389596 -0.814129 -1.09896 -1.99399]
]
Compound state [
RealVectorState [0.424848 -0.725876 0.174877]
SO3State [-0.000256962 0.000638181 0.928669 -0.370909]
]
]
]
Tag: -1
Flags: 24
Validity known: No
10 goal states, threshold = 2.22045e-16, memory address = 0x7ff709fee7f0
Compound state [
Compound state [
Compound state [
SO2State [-0.89602]
SO2State [1.85526]
RealVectorState [-0.308264 0.611854 -0.677909 -1.03726 -1.7]
]
Compound state [
RealVectorState [0.705037 -0.230579 -0.147307]
SO3State [0.0354067 -0.0157789 0.843686 0.535436]
]
]
]
Tag: -1
Flags: 29
Validity known: Yes
Validity value: True

Compound state [
Compound state [
Compound state [
SO2State [-0.89602]
SO2State [1.85526]
RealVectorState [-0.308264 0.611854 -0.677909 -1.03726 -1.7]
]
Compound state [
RealVectorState [0.705037 -0.230579 -0.147307]
SO3State [0.0354067 -0.0157789 0.843686 0.535436]
]
]
]
Tag: -1
Flags: 29
Validity known: Yes
Validity value: True

Compound state [
Compound state [
Compound state [
SO2State [-0.89602]
SO2State [1.85526]
RealVectorState [-0.308264 0.611854 -0.677909 -1.03726 -1.7]
]
Compound state [
RealVectorState [0.705037 -0.230579 -0.147307]
SO3State [0.0354067 -0.0157789 0.843686 0.535436]
]
]
]
Tag: -1
Flags: 29
Validity known: Yes
Validity value: True

Compound state [
Compound state [
Compound state [
SO2State [-0.89602]
SO2State [1.85526]
RealVectorState [-0.308264 0.611854 -0.677909 -1.03726 -1.7]
]
Compound state [
RealVectorState [0.705037 -0.230579 -0.147307]
SO3State [0.0354067 -0.0157789 0.843686 0.535436]
]
]
]
Tag: -1
Flags: 29
Validity known: Yes
Validity value: True

Compound state [
Compound state [
Compound state [
SO2State [-0.89602]
SO2State [1.85526]
RealVectorState [-0.308264 0.611854 -0.677909 -1.03726 -1.7]
]
Compound state [
RealVectorState [0.705037 -0.230579 -0.147307]
SO3State [0.0354067 -0.0157789 0.843686 0.535436]
]
]
]
Tag: -1
Flags: 29
Validity known: Yes
Validity value: True

Compound state [
Compound state [
Compound state [
SO2State [-0.89602]
SO2State [1.85526]
RealVectorState [-0.308264 0.611854 -0.677909 -1.03726 -1.7]
]
Compound state [
RealVectorState [0.705037 -0.230579 -0.147307]
SO3State [0.0354067 -0.0157789 0.843686 0.535436]
]
]
]
Tag: -1
Flags: 29
Validity known: Yes
Validity value: True

Compound state [
Compound state [
Compound state [
SO2State [-0.89602]
SO2State [1.85526]
RealVectorState [-0.308264 0.611854 -0.677909 -1.03726 -1.7]
]
Compound state [
RealVectorState [0.705037 -0.230579 -0.147307]
SO3State [0.0354067 -0.0157789 0.843686 0.535436]
]
]
]
Tag: -1
Flags: 29
Validity known: Yes
Validity value: True

Compound state [
Compound state [
Compound state [
SO2State [-0.89602]
SO2State [1.85526]
RealVectorState [-0.308264 0.611854 -0.677909 -1.03726 -1.7]
]
Compound state [
RealVectorState [0.705037 -0.230579 -0.147307]
SO3State [0.0354067 -0.0157789 0.843686 0.535436]
]
]
]
Tag: -1
Flags: 29
Validity known: Yes
Validity value: True

Compound state [
Compound state [
Compound state [
SO2State [-0.89602]
SO2State [1.85526]
RealVectorState [-0.308264 0.611854 -0.677909 -1.03726 -1.7]
]
Compound state [
RealVectorState [0.705037 -0.230579 -0.147307]
SO3State [0.0354067 -0.0157789 0.843686 0.535436]
]
]
]
Tag: -1
Flags: 29
Validity known: Yes
Validity value: True

Compound state [
Compound state [
Compound state [
SO2State [-0.89602]
SO2State [1.85526]
RealVectorState [-0.308264 0.611854 -0.677909 -1.03726 -1.7]
]
Compound state [
RealVectorState [0.705037 -0.230579 -0.147307]
SO3State [0.0354067 -0.0157789 0.843686 0.535436]
]
]
]
Tag: -1
Flags: 29
Validity known: Yes
Validity value: True


Properties of benchmarked planners:
Planner KPIECE1 specs:
Multithreaded:                 No
Reports approximate solutions: Yes
Can optimize solutions:        No
Aware of the following parameters: border_fraction failed_expansion_score_factor goal_bias min_valid_path_fraction range
|>>>
4216601721 is the random seed
15 seconds per run
4096 MB per run
100 runs per planner
403.204 seconds spent to collect the data
1 planners
geometric_KPIECE1
10 common properties
border_fraction = 0.90000000000000002
failed_expansion_score_factor = 0.5
goal_bias = 0.050000000000000003
longest_valid_segment_fraction = 0.050000000000000003
min_valid_path_fraction = 0.20000000000000001
projection.cellsize.0 = 0.10000000000000001
projection.cellsize.1 = 0.10000000000000001
projection.cellsize_factor = 
range = 1.0069795883865302
valid_segment_count_factor = 1
22 properties for each run
approximate solution BOOLEAN
correct solution BOOLEAN
correct solution strict BOOLEAN
crashed BOOLEAN
graph motions INTEGER
graph states INTEGER
memory REAL
simplification time REAL
simplified correct solution BOOLEAN
simplified correct solution strict BOOLEAN
simplified solution clearance REAL
simplified solution length REAL
simplified solution segments INTEGER
simplified solution smoothness REAL
solution clearance REAL
solution difference REAL
solution length REAL
solution segments INTEGER
solution smoothness REAL
solved BOOLEAN
time REAL
valid segment fraction REAL
100 runs
0; 1; 1; 0; 566; 567; 0; 0.049596000000000001; 1; 1; 0; 3.6693560017924205; 16; 20.504093941629584; 0; 0; 9.1746832459584979; 16; 193.12697438268432; 1; 0.838001; 0.37254901960784315; 
0; 1; 1; 0; 1017; 1018; 0.0234375; 0.077355999999999994; 1; 1; 0; 4.5940414007042492; 32; 473.80854704611414; 0; 0; 18.475578103134509; 43; 1674.7737129639759; 1; 1.4834099999999999; 0.33954802259887007; 
0; 1; 1; 0; 3218; 3219; 1.30859375; 0.065387000000000001; 1; 1; 0; 4.2707704061632548; 24; 760.37882862695517; 0; 0; 10.998765295705894; 27; 1145.6955699595781; 1; 4.9184219999999996; 0.3413923182441701; 
0; 1; 1; 0; 204; 205; 1.58203125; 0.062449999999999999; 1; 1; 0; 3.7703792291315894; 20; 319.60439219920272; 0; 0; 11.35174082340165; 31; 3527.2433152363437; 1; 0.303012; 0.34710743801652894; 
1; 1; 1; 0; 9928; 9929; 4.3125; 0.086645; 1; 1; 0; 3.5995115480365203; 40; 2564.8527465511079; 0; 0.5398045200228121; 6.877782965134176; 21; 2752.9033806790385; 0; 15.018647; 0.37599234277349247; 
1; 0; 0; 0; 9876; 9877; 5.58203125; 0.036836000000000001; 0; 0; 0; 3.4047566999314975; 4; 3.529965955592155; 0; 0.66833801691292205; 12.832058414347477; 23; 465.97598570815279; 0; 15.028756; 0.37994045186525777; 
0; 1; 1; 0; 1790; 1791; 5.69140625; 0.068878999999999996; 1; 1; 0; 4.1106836445550456; 40; 226.73129938351337; 0; 0; 8.7983478008593927; 25; 2059.1051098264425; 1; 2.5674519999999998; 0.41725601131541723; 
0; 1; 1; 0; 134; 135; 5.69140625; 0.090572; 1; 1; 0; 4.4193365050022981; 64; 5024.373811298391; 0; 0; 8.4124829322287393; 23; 900.4989015795669; 1; 0.17929200000000001; 0.2886178861788618; 
0; 1; 1; 0; 472; 473; 5.69140625; 0.049853000000000001; 1; 1; 0; 4.711009254250655; 28; 648.42269215897898; 0; 0; 10.022756303341332; 22; 572.37973440319024; 1; 0.68010400000000004; 0.38589743589743591; 
0; 1; 1; 0; 631; 632; 5.69140625; 0.069157999999999997; 1; 1; 0; 4.0253995274882239; 40; 1020.571373676869; 0; 0; 8.0299002970127056; 20; 1124.0272167341298; 1; 0.94337499999999996; 0.34842883548983367; 
0; 1; 1; 0; 1964; 1965; 5.69140625; 0.100692; 1; 1; 0; 5.0943899627159457; 56; 1464.2266288174949; 0; 0; 20.945533634364114; 51; 3768.7557942868552; 1; 3.0011429999999999; 0.35880865411632479; 
0; 1; 1; 0; 1007; 1008; 5.69140625; 0.091621999999999995; 1; 1; 0; 4.5302329193426933; 56; 8491.0658414617556; 0; 0; 13.152188269448175; 39; 1790.584866275246; 1; 1.537493; 0.35194880744618967; 
0; 1; 1; 0; 9201; 9202; 5.69140625; 0.066206000000000001; 1; 1; 0; 4.2408273676346777; 20; 133.02111977542643; 0; 0; 19.127137746867028; 50; 6605.6630524006951; 1; 14.056215999999999; 0.33710354477611942; 
0; 0; 0; 0; 4763; 4764; 7.72265625; 0.120766; 1; 1; 0; 5.5254193070696616; 72; 19601.06716697181; 0; 0; 22.854672780093985; 53; 5399.2258408466168; 1; 7.2067610000000002; 0.35080974018408484; 
0; 0; 0; 0; 631; 632; 7.734375; 0.059645999999999998; 1; 1; 0; 4.6105338772315339; 28; 280.88682137176221; 0; 0; 15.795154593357552; 31; 659.49671210926635; 1; 0.97097999999999995; 0.38131553860819828; 
0; 1; 1; 0; 155; 156; 7.734375; 0.056016999999999997; 1; 1; 0; 4.1455221749260591; 24; 1578.7588577424913; 0; 0; 8.3652060193382116; 22; 1130.5968288269055; 1; 0.25129699999999999; 0.28260869565217389; 
0; 0; 0; 0; 607; 608; 7.734375; 0.10261099999999999; 1; 1; 0; 5.1158698992273672; 56; 6544.1762278393135; 0; 0; 15.863335917259072; 42; 1591.1390598355483; 1; 1.002424; 0.27508650519031141; 
1; 1; 1; 0; 9888; 9889; 8.25; 0.048376000000000002; 1; 1; 0; 2.5365631657174168; 32; 764.6800344476809; 0; 0.67368835698130569; 4.4360192205241988; 15; 3421.0526436999344; 0; 15.018433999999999; 0.35408711052078146; 
0; 1; 1; 0; 3057; 3058; 8.53515625; 0.119689; 0; 0; 0; 5.3731673046871702; 48; 1748.0847761228069; 0; 0; 11.45460128566342; 24; 2291.7689410973303; 1; 4.9508369999999999; 0.35240358252604642; 
0; 0; 0; 0; 7685; 7686; 10.078125; 0.083416000000000004; 1; 1; 0; 3.9127236294505776; 40; 891.15010140775678; 0; 0; 13.90668814320232; 35; 1020.8132827241781; 1; 11.126289; 0.33965125094768767; 
0; 1; 1; 0; 2957; 2958; 10.11328125; 0.104437; 1; 1; 0; 6.443110682762236; 44; 1971.6380187046493; 0; 0; 20.249895868948922; 54; 11385.786607714221; 1; 4.4455869999999997; 0.28657563397765562; 
0; 1; 1; 0; 758; 759; 10.11328125; 0.096319000000000002; 1; 1; 0; 5.928216642918958; 32; 312.51710757207934; 0; 0; 17.468732260754688; 36; 793.14127697553226; 1; 1.1581710000000001; 0.32374631268436577; 
0; 1; 1; 0; 657; 658; 10.11328125; 0.091811000000000004; 1; 1; 0; 4.5633290196402738; 32; 671.24692149627117; 0; 0; 15.923626480154764; 44; 3297.8477244458145; 1; 0.98023499999999997; 0.35397489539748955; 
0; 1; 1; 0; 3942; 3943; 10.11328125; 0.063519000000000006; 1; 1; 0; 4.9046469744312544; 40; 1362.5998809376661; 0; 0; 8.6696552335063366; 24; 6274.1548679092093; 1; 5.958539; 0.36113511956208583; 
0; 1; 1; 0; 3892; 3893; 10.11328125; 0.061940000000000002; 1; 1; 0; 4.1293278539731864; 48; 2330.6609359052304; 0; 0; 13.75084820135277; 32; 1718.7425197072862; 1; 5.869707; 0.3561994034938219; 
0; 1; 1; 0; 1681; 1682; 10.11328125; 0.099213999999999997; 1; 1; 0; 5.085390599775109; 44; 2538.8523495004097; 0; 0; 13.345782306241473; 33; 1239.7771179194124; 1; 2.4330639999999999; 0.37005457025920874; 
0; 1; 1; 0; 186; 187; 10.11328125; 0.081184999999999993; 1; 1; 0; 4.5204603876646976; 56; 2056.9382696802109; 0; 0; 9.5319189845325436; 20; 491.25852185373083; 1; 0.26180399999999998; 0.31481481481481483; 
0; 1; 1; 0; 2817; 2818; 10.3671875; 0.091139999999999999; 1; 1; 0; 4.5771979672313492; 56; 1668.7158933368908; 0; 0; 17.629706155964048; 41; 2349.815504259991; 1; 4.3299089999999998; 0.38327453828595143; 
0; 1; 1; 0; 126; 127; 10.76171875; 0.070661000000000002; 1; 1; 0; 4.0790599124686375; 56; 2311.6145320469059; 0; 0; 9.4852891105018777; 28; 2062.1766574593235; 1; 0.16812199999999999; 0.25416666666666665; 
0; 0; 0; 0; 3807; 3808; 11.015625; 0.12058000000000001; 1; 1; 0; 6.4143689322222697; 40; 1463.0891838948753; 0; 0; 19.815188021894947; 49; 4584.8388086220539; 1; 5.5222230000000003; 0.34387296233839237; 
0; 1; 1; 0; 4318; 4319; 11.58203125; 0.094579999999999997; 1; 1; 0; 4.255660651951648; 72; 3100.1782761328823; 0; 0; 19.171147121192192; 49; 2534.5462331393792; 1; 6.3151700000000002; 0.35338814150473341; 
0; 1; 1; 0; 652; 653; 11.80078125; 0.085059999999999997; 1; 1; 0; 4.9671905896355266; 24; 248.98711957673848; 0; 0; 12.986994099789609; 35; 9229.8847834143253; 1; 1.051628; 0.35812672176308541; 
0; 1; 1; 0; 1592; 1593; 11.80078125; 0.078439999999999996; 1; 1; 0; 4.0405447572398892; 20; 360.91437111944833; 0; 0; 18.013200103108876; 51; 2920.905297732872; 1; 2.4572600000000002; 0.33660245183887916; 
0; 1; 1; 0; 1438; 1439; 11.80078125; 0.079537999999999998; 1; 1; 0; 4.003335568207814; 40; 2712.7673248790552; 0; 0; 9.6090765601495178; 29; 2561.0861382213534; 1; 2.1881010000000001; 0.32748319641523527; 
0; 1; 1; 0; 1752; 1753; 11.80078125; 0.10255; 1; 1; 0; 6.0648404911038458; 64; 1067.7376552051717; 0; 0; 11.765534981529536; 28; 1213.5202451428761; 1; 2.6496770000000001; 0.3842902430433251; 
0; 0; 0; 0; 1773; 1774; 11.80078125; 0.057125000000000002; 0; 0; 0; 4.0721923167757819; 24; 520.58053500223366; 0; 0; 13.528014910753747; 28; 1176.7326033028758; 1; 2.5909610000000001; 0.44599559147685525; 
0; 1; 1; 0; 1968; 1969; 11.80078125; 0.077951999999999994; 1; 1; 0; 4.3838262929957272; 32; 994.54539424340146; 0; 0; 13.916146985261674; 29; 1862.5728929294446; 1; 2.9266860000000001; 0.35035260930888573; 
0; 1; 1; 0; 4042; 4043; 11.80078125; 0.083296999999999996; 1; 1; 0; 4.9482394542148391; 56; 1646.7561747220375; 0; 0; 14.316855340142286; 27; 796.51143278393806; 1; 5.9439609999999998; 0.38176220495528512; 
0; 1; 1; 0; 2430; 2431; 11.80078125; 0.071711999999999998; 1; 1; 0; 5.5327181418859466; 28; 707.42290653706095; 0; 0; 16.605982965334263; 32; 520.06427685478275; 1; 3.7460399999999998; 0.34981073257626366; 
0; 1; 1; 0; 2968; 2969; 11.80078125; 0.080787999999999999; 1; 1; 0; 5.2092662559185747; 32; 536.15363876406775; 0; 0; 18.993241169864344; 46; 7093.4891129071093; 1; 4.4247019999999999; 0.38212485459480416; 
0; 1; 1; 0; 758; 759; 11.80078125; 0.102008; 1; 1; 0; 5.6249889098087067; 56; 1331.0357752294874; 0; 0; 10.583556273684463; 25; 6118.3573092062779; 1; 1.0989640000000001; 0.33239038189533238; 
0; 1; 1; 0; 190; 191; 11.80078125; 0.070348999999999995; 1; 1; 0; 4.288385021236226; 32; 1798.1019816127771; 0; 0; 9.6879555350662017; 27; 998.896189996315; 1; 0.299211; 0.26536312849162014; 
0; 0; 0; 0; 829; 830; 11.80078125; 0.074834999999999999; 1; 1; 0; 3.9731981312593434; 40; 109.71631778701966; 0; 0; 8.3415823051815678; 19; 2052.0923499871424; 1; 1.275806; 0.29453836150845253; 
0; 1; 1; 0; 1126; 1127; 11.80078125; 0.090096999999999997; 1; 1; 0; 5.0289685257610914; 24; 476.02576432394818; 0; 0; 12.48980302193268; 28; 848.51382631508045; 1; 1.675759; 0.36529006882989185; 
1; 1; 1; 0; 9766; 9767; 13.0859375; 0.042568000000000002; 1; 1; 0; 2.8644710731160825; 4; 2.282822283774439; 0; 0.67237534208410332; 11.824091029436193; 26; 930.85450850450013; 0; 15.018140000000001; 0.34431836690374068; 
0; 1; 1; 0; 2778; 2779; 14.08203125; 0.131769; 1; 1; 0; 6.0560417843705396; 64; 2079.7311193028249; 0; 0; 24.893043879921034; 73; 14109.682536094164; 1; 4.1580130000000004; 0.32355168496781522; 
0; 1; 1; 0; 843; 844; 14.08203125; 0.10119; 1; 1; 0; 4.7551862881624354; 64; 4332.7700651911264; 0; 0; 12.645469257964654; 30; 1552.8137610525318; 1; 1.275984; 0.37952218430034129; 
0; 1; 1; 0; 2753; 2754; 14.08203125; 0.10530399999999999; 1; 1; 0; 5.501698353576967; 64; 1840.2568175599913; 0; 0; 17.434669196318218; 45; 32134.093170090317; 1; 4.3145990000000003; 0.36656952539550375; 
0; 0; 0; 0; 2037; 2038; 14.08203125; 0.075548000000000004; 1; 1; 0; 4.220817927339727; 24; 187.21982779372073; 0; 0; 17.373258166473828; 36; 1201.316497461338; 1; 3.1687379999999998; 0.3734463276836158; 
0; 1; 1; 0; 768; 769; 14.08203125; 0.101104; 1; 1; 0; 7.4079944961986302; 44; 3926.9339921469787; 0; 0; 16.334927410670215; 41; 3178.7705148527516; 1; 1.1316120000000001; 0.29842931937172773; 
0; 1; 1; 0; 456; 457; 14.08203125; 0.096171999999999994; 1; 1; 0; 3.5117634217337725; 64; 515.9273032957251; 0; 0; 12.521809500303762; 29; 1056.3730813222894; 1; 0.70884599999999998; 0.40833333333333333; 
0; 1; 1; 0; 979; 980; 14.08203125; 0.095055000000000001; 1; 1; 0; 3.9852886318173142; 40; 1489.2113945591802; 0; 0; 11.207322694460576; 31; 1611.1454314501125; 1; 1.482931; 0.24160401002506265; 
0; 1; 1; 0; 4586; 4587; 14.08203125; 0.090848999999999999; 1; 1; 0; 3.8619965811071983; 32; 2008.2787331321608; 0; 0; 14.049245979872717; 47; 15199.982368061064; 1; 6.9032499999999999; 0.3829544011177442; 
0; 0; 0; 0; 4346; 4347; 14.3359375; 0.072467000000000004; 1; 1; 0; 4.4093707292074544; 64; 2952.7960854106955; 0; 0; 11.509296163966916; 32; 1965.1876754832767; 1; 6.5211290000000002; 0.35693215339233036; 
0; 1; 1; 0; 1066; 1067; 14.38671875; 0.085422999999999999; 1; 1; 0; 5.9307721199963277; 56; 1881.8872794910458; 0; 0; 17.808754772210257; 40; 1288.8778975659266; 1; 1.5937859999999999; 0.30718954248366015; 
0; 1; 1; 0; 1192; 1193; 14.38671875; 0.11668000000000001; 1; 1; 0; 7.6435608646406017; 44; 1146.2356588867729; 0; 0; 28.257658199325579; 69; 2135.664800592499; 1; 1.8041780000000001; 0.28997867803837951; 
0; 1; 1; 0; 634; 635; 14.38671875; 0.073482000000000006; 1; 1; 0; 4.6694005957504823; 28; 306.27473762612038; 0; 0; 22.54120444939943; 53; 2147.6436613825408; 1; 0.95425599999999999; 0.34133333333333332; 
0; 1; 1; 0; 3090; 3091; 14.38671875; 0.082838999999999996; 1; 1; 0; 4.8432252744408562; 28; 237.15755939533406; 0; 0; 21.062365573025566; 38; 627.33471667711888; 1; 4.6840900000000003; 0.33587918764103453; 
0; 1; 1; 0; 538; 539; 14.38671875; 0.061343000000000002; 1; 1; 0; 3.7217002243081936; 20; 29.777737350893929; 0; 0; 11.746610819052025; 32; 1956.1937130414244; 1; 0.80138100000000001; 0.37772925764192139; 
0; 1; 1; 0; 701; 702; 14.38671875; 0.069671999999999998; 1; 1; 0; 4.872749216358792; 24; 357.11220474198325; 0; 0; 11.414298786620069; 29; 1327.9222387604609; 1; 1.101308; 0.36125211505922167; 
1; 1; 1; 0; 10340; 10341; 16.1875; 0.052592; 1; 1; 0; 2.3302096241482175; 24; 164.93146178562139; 0; 0.70267605299313485; 11.63281393938589; 23; 358.22966504074128; 0; 15.018189; 0.39237680674144765; 
0; 1; 1; 0; 581; 582; 16.375; 0.095499000000000001; 1; 1; 0; 4.4437426145627397; 40; 784.83312788358717; 0; 0; 12.585613650304651; 31; 1742.855963715552; 1; 0.87671699999999997; 0.37151394422310757; 
0; 1; 1; 0; 1876; 1877; 16.375; 0.074261999999999995; 1; 1; 0; 5.431339900459486; 36; 603.98128025850758; 0; 0; 12.505703309767011; 38; 3148.690514887493; 1; 2.861866; 0.36385397965290245; 
0; 1; 1; 0; 8630; 8631; 18.94921875; 0.10631500000000001; 1; 1; 0; 5.4059043295919116; 72; 2270.0891283547671; 0; 0; 16.992150278911534; 38; 2451.7993687412381; 1; 12.926648; 0.3372349552641255; 
0; 1; 1; 0; 786; 787; 18.96875; 0.14718899999999999; 1; 1; 0; 8.1528454775829271; 56; 3277.1612097886173; 0; 0; 18.086162070387793; 44; 1559.332006105388; 1; 1.1995739999999999; 0.31520223152022314; 
0; 1; 1; 0; 659; 660; 18.96875; 0.085558999999999996; 1; 1; 0; 4.5287620610237864; 24; 695.47732739324817; 0; 0; 10.856774292922195; 25; 655.67739169153026; 1; 1.0995809999999999; 0.3583710407239819; 
0; 1; 1; 0; 8088; 8089; 18.96875; 0.100328; 1; 1; 0; 7.4281759438290882; 44; 1244.1125046033908; 0; 0; 18.323543642406211; 45; 3504.6276246670459; 1; 11.957917999999999; 0.34585664801492139; 
0; 1; 1; 0; 425; 426; 18.96875; 0.096107999999999999; 1; 1; 0; 5.4759468498865429; 32; 509.94748173312018; 0; 0; 15.916792098154962; 34; 2024.1301824403927; 1; 0.70660000000000001; 0.32114882506527415; 
0; 0; 0; 0; 855; 856; 18.96875; 0.092284000000000005; 1; 1; 0; 5.3553745371273704; 36; 612.24059392050992; 0; 0; 18.093194855432223; 40; 31015.156907891105; 1; 1.2819940000000001; 0.33443708609271522; 
0; 1; 1; 0; 1718; 1719; 18.96875; 0.070539000000000004; 1; 1; 0; 5.6235794199747797; 40; 1709.8509661228582; 0; 0; 14.609870411651995; 30; 1659.5083309636184; 1; 2.677845; 0.35564990202482039; 
0; 1; 1; 0; 146; 147; 18.96875; 0.071970000000000006; 1; 1; 0; 4.7595978765218092; 24; 372.43148564439565; 0; 0; 9.7509388975165265; 22; 827.18371862049787; 1; 0.25097999999999998; 0.35627530364372467; 
0; 0; 0; 0; 3631; 3632; 18.96875; 0.080924999999999997; 1; 1; 0; 5.0106371320371661; 36; 621.01241185811875; 0; 0; 20.334587812392261; 48; 2295.0650319566798; 1; 5.4584409999999997; 0.30732258976533788; 
0; 0; 0; 0; 1748; 1749; 18.96875; 0.094300999999999996; 1; 1; 0; 4.107298288576323; 48; 7603.4278139814869; 0; 0; 10.325174552270029; 29; 3096.530898583685; 1; 2.523177; 0.29307889490173739; 
0; 1; 1; 0; 169; 170; 18.96875; 0.075624999999999998; 1; 1; 0; 4.2052583045191581; 56; 2217.8450944399442; 0; 0; 9.316473683775488; 25; 1067.6376490254297; 1; 0.24998500000000001; 0.24355300859598855; 
0; 1; 1; 0; 2640; 2641; 18.96875; 0.071027000000000007; 1; 1; 0; 4.3030116916980372; 24; 709.90801108657888; 0; 0; 8.178066528655286; 22; 3685.3161229462371; 1; 4.1791130000000001; 0.40286440286440284; 
0; 1; 1; 0; 404; 405; 18.96875; 0.065214999999999995; 1; 1; 0; 4.0812702597837358; 20; 202.96528863749347; 0; 0; 12.767583088826768; 27; 1336.1183975177278; 1; 0.63371100000000002; 0.33762517882689558; 
0; 1; 1; 0; 361; 362; 18.96875; 0.077474000000000001; 1; 1; 0; 3.9300639899097547; 48; 2119.0553716855902; 0; 0; 11.979267039547928; 28; 7241.6916522514048; 1; 0.540574; 0.36378205128205127; 
1; 1; 1; 0; 9816; 9817; 19.48046875; 0.036979999999999999; 1; 1; 0; 3.0814725618208971; 4; 1.323847387368468; 0; 0.5957615042749127; 9.162610536072453; 23; 13660.289661891888; 0; 15.018352; 0.34693423758963809; 
0; 1; 1; 0; 329; 330; 19.58984375; 0.075314999999999993; 1; 1; 0; 4.3706234227140071; 56; 6204.601138751812; 0; 0; 10.59158023369012; 23; 486.28495857658925; 1; 0.50596799999999997; 0.33706070287539935; 
0; 0; 0; 0; 5019; 5020; 18.98046875; 0.073813000000000004; 1; 1; 0; 4.9472221533428513; 36; 525.73761186662466; 0; 0; 12.561798488549961; 26; 534.69139332776285; 1; 7.2387110000000003; 0.36660013306719891; 
0; 1; 1; 0; 3569; 3570; 18.98046875; 0.086330000000000004; 1; 1; 0; 6.5709218552066941; 44; 3239.727111914277; 0; 0; 15.379633034343758; 32; 1311.4660792909276; 1; 5.3859180000000002; 0.37764155508953057; 
0; 1; 1; 0; 824; 825; 18.98046875; 0.081075999999999995; 1; 1; 0; 4.5497236762839455; 48; 2015.4960688508206; 0; 0; 16.122621060392689; 33; 1516.2026031341047; 1; 1.252081; 0.38617580766341097; 
1; 1; 1; 0; 10645; 10646; 19.4296875; 0.045924; 1; 1; 0; 2.2220557540486712; 24; 189.7318363022525; 0; 0.64737822991075; 10.072124279663292; 21; 259.0284616929174; 0; 15.018791; 0.42785445420326224; 
0; 1; 1; 0; 206; 207; 19.4453125; 0.073564000000000004; 1; 1; 0; 4.5340062613424994; 20; 473.02690964268874; 0; 0; 12.668651700958481; 31; 981.99421715311109; 1; 0.29443799999999998; 0.26822916666666669; 
0; 1; 1; 0; 1436; 1437; 19.4453125; 0.084640000000000007; 1; 1; 0; 4.4454711274007916; 48; 2205.9142413540521; 0; 0; 15.66612815835434; 36; 3480.218829143213; 1; 2.1541960000000002; 0.29413841807909602; 
0; 1; 1; 0; 8374; 8375; 21.65625; 0.130858; 1; 1; 0; 7.0647905923801577; 80; 8682.2964023875356; 0; 0; 20.638119916881394; 42; 1449.0770617875692; 1; 12.231866999999999; 0.34058288937637105; 
0; 1; 1; 0; 1378; 1379; 21.80078125; 0.089477000000000001; 1; 1; 0; 5.0554121566355477; 56; 1603.3779422690839; 0; 0; 18.075047500133188; 48; 3315.3600741594341; 1; 1.991819; 0.26780626780626782; 
0; 1; 1; 0; 302; 303; 21.80078125; 0.073391999999999999; 1; 1; 0; 4.3574052009162365; 40; 937.96657456901323; 0; 0; 10.575964227202165; 22; 549.08686453007169; 1; 0.47827700000000001; 0.33150183150183149; 
0; 1; 1; 0; 391; 392; 21.80078125; 0.101384; 1; 1; 0; 5.4078823770512514; 48; 649.68374760022277; 0; 0; 14.619495196852627; 33; 1236.3230255944782; 1; 0.63749500000000003; 0.32611832611832614; 
0; 1; 1; 0; 2566; 2567; 21.80078125; 0.086853; 1; 1; 0; 4.3702193581826929; 24; 1095.6831295290899; 0; 0; 9.118523115609861; 27; 7627.9821959570736; 1; 3.9475229999999999; 0.38053905893101875; 
0; 1; 1; 0; 254; 255; 21.80078125; 0.073478000000000002; 1; 1; 0; 3.9268518014973459; 32; 1191.396990660277; 0; 0; 13.692902003715325; 26; 439.84142397175822; 1; 0.39885900000000002; 0.37135922330097088; 
0; 0; 0; 0; 3738; 3739; 21.80078125; 0.12872400000000001; 1; 1; 0; 7.399181623753317; 36; 296.86778058576454; 0; 0; 27.819964669027353; 73; 12446.262960358219; 1; 5.2312989999999999; 0.26496388028895768; 
0; 1; 1; 0; 1314; 1315; 21.80078125; 0.111286; 1; 1; 0; 4.8264819975466038; 48; 4646.6949424837139; 0; 0; 14.12620365173469; 35; 2447.4699192508274; 1; 1.909203; 0.33919597989949751; 
0; 1; 1; 0; 976; 977; 21.80078125; 0.17050499999999999; 0; 0; 0; 5.1985569446041247; 64; 7915.6039997759863; 0; 0; 10.325298268782612; 22; 449.68587793526342; 1; 1.489738; 0.44444444444444442; 
0; 1; 1; 0; 5700; 5701; 21.80078125; 0.076317999999999997; 1; 1; 0; 4.3882589108232946; 48; 1150.6994449180472; 0; 0; 15.761482441936224; 37; 20337.693827792988; 1; 8.4789080000000006; 0.34420086190743865; 
0; 0; 0; 0; 1719; 1720; 21.80078125; 0.074246999999999994; 1; 1; 0; 4.2395463294111595; 40; 1929.5159620956572; 0; 0; 10.559664819744844; 27; 2250.4598008861076; 1; 2.6148669999999998; 0.35059889932016836; 
0; 0; 0; 0; 203; 204; 21.80078125; 0.067648; 1; 1; 0; 4.2520319652252221; 40; 2136.6796125377223; 0; 0; 11.893721835894663; 24; 2117.4513017180971; 1; 0.33077000000000001; 0.37209302325581395; 
0; 1; 1; 0; 2984; 2985; 21.80078125; 0.107461; 1; 1; 0; 7.5574928791742266; 48; 546.79356504358043; 0; 0; 21.812434959019878; 46; 2020.6049624677987; 1; 4.3553610000000003; 0.38011920784464526; 
0; 1; 1; 0; 706; 707; 21.80078125; 0.084710999999999995; 1; 1; 0; 5.3110982963775628; 40; 1177.8118399611214; 0; 0; 14.894802032533228; 34; 1290.8056887780151; 1; 1.035766; 0.36165237724084176; 
0; 1; 1; 0; 747; 748; 21.80078125; 0.074218000000000006; 1; 1; 0; 4.2455156332533779; 48; 1598.9668029525683; 0; 0; 20.107561123765773; 43; 1690.4237789162462; 1; 1.148501; 0.33623819898329704; 
.
